[2019-09-02 21:12:40.782] [exthost] [info] extension host started
[2019-09-02 21:12:40.928] [exthost] [info] ExtensionService#_doActivateExtension aaron-bond.better-comments {"startup":false,"activationEvent":"onLanguage:plaintext"}
[2019-09-02 21:12:40.928] [exthost] [info] ExtensionService#loadCommonJSModule /home/darkof/.vscode/extensions/aaron-bond.better-comments-2.0.5/out/extension
[2019-09-02 21:12:41.154] [exthost] [info] ExtensionService#_doActivateExtension onecentlin.laravel-blade {"startup":false,"activationEvent":"onLanguage:blade"}
[2019-09-02 21:12:41.157] [exthost] [info] ExtensionService#loadCommonJSModule /home/darkof/.vscode/extensions/onecentlin.laravel-blade-1.20.0/out/src/extension
[2019-09-02 21:12:46.631] [exthost] [info] ExtensionService#_doActivateExtension vscode.debug-auto-launch {"startup":true,"activationEvent":"*"}
[2019-09-02 21:12:46.634] [exthost] [info] ExtensionService#loadCommonJSModule /usr/share/code/resources/app/extensions/debug-auto-launch/dist/extension
[2019-09-02 21:12:46.895] [exthost] [info] ExtensionService#_doActivateExtension vscode.emmet {"startup":true,"activationEvent":"*"}
[2019-09-02 21:12:46.895] [exthost] [info] ExtensionService#loadCommonJSModule /usr/share/code/resources/app/extensions/emmet/dist/extension
[2019-09-02 21:12:47.727] [exthost] [info] ExtensionService#_doActivateExtension vscode.git {"startup":true,"activationEvent":"*"}
[2019-09-02 21:12:47.728] [exthost] [info] ExtensionService#loadCommonJSModule /usr/share/code/resources/app/extensions/git/dist/main
[2019-09-02 21:12:48.484] [exthost] [info] ExtensionService#_doActivateExtension vscode.merge-conflict {"startup":true,"activationEvent":"*"}
[2019-09-02 21:12:48.484] [exthost] [info] ExtensionService#loadCommonJSModule /usr/share/code/resources/app/extensions/merge-conflict/dist/extension
[2019-09-02 21:12:48.667] [exthost] [info] ExtensionService#_doActivateExtension CoenraadS.bracket-pair-colorizer-2 {"startup":true,"activationEvent":"*"}
[2019-09-02 21:12:48.667] [exthost] [info] ExtensionService#loadCommonJSModule /home/darkof/.vscode/extensions/coenraads.bracket-pair-colorizer-2-0.0.28/out/src/extension
[2019-09-02 21:12:49.447] [exthost] [info] ExtensionService#_doActivateExtension eamodio.gitlens {"startup":true,"activationEvent":"*"}
[2019-09-02 21:12:49.447] [exthost] [info] ExtensionService#loadCommonJSModule /home/darkof/.vscode/extensions/eamodio.gitlens-9.9.3/dist/extension
[2019-09-02 21:12:50.658] [exthost] [info] ExtensionService#_doActivateExtension EditorConfig.EditorConfig {"startup":true,"activationEvent":"*"}
[2019-09-02 21:12:50.658] [exthost] [info] ExtensionService#loadCommonJSModule /home/darkof/.vscode/extensions/editorconfig.editorconfig-0.13.0/out/src/editorConfigMain
[2019-09-02 21:12:50.947] [exthost] [info] ExtensionService#_doActivateExtension Equinusocio.vsc-material-theme {"startup":true,"activationEvent":"*"}
[2019-09-02 21:12:50.947] [exthost] [info] ExtensionService#loadCommonJSModule /home/darkof/.vscode/extensions/equinusocio.vsc-material-theme-30.0.0/out/src/material.theme.config
[2019-09-02 21:12:51.332] [exthost] [info] ExtensionService#_doActivateExtension fabiospampinato.vscode-todo-plus {"startup":true,"activationEvent":"*"}
[2019-09-02 21:12:51.332] [exthost] [info] ExtensionService#loadCommonJSModule /home/darkof/.vscode/extensions/fabiospampinato.vscode-todo-plus-4.14.0/out/extension.js
[2019-09-02 21:12:51.888] [exthost] [info] ExtensionService#_doActivateExtension gornivv.vscode-flutter-files {"startup":true,"activationEvent":"*"}
[2019-09-02 21:12:51.888] [exthost] [info] ExtensionService#loadCommonJSModule /home/darkof/.vscode/extensions/gornivv.vscode-flutter-files-1.4.0/out/extension.js
[2019-09-02 21:12:51.994] [exthost] [info] ExtensionService#_doActivateExtension hoovercj.vscode-power-mode {"startup":true,"activationEvent":"*"}
[2019-09-02 21:12:51.994] [exthost] [info] ExtensionService#loadCommonJSModule /home/darkof/.vscode/extensions/hoovercj.vscode-power-mode-2.2.0/out/src/extension
[2019-09-02 21:12:52.260] [exthost] [info] ExtensionService#_doActivateExtension jeroen-meijer.pubspec-assist {"startup":true,"activationEvent":"*"}
[2019-09-02 21:12:52.260] [exthost] [info] ExtensionService#loadCommonJSModule /home/darkof/.vscode/extensions/jeroen-meijer.pubspec-assist-0.3.6/out/extension
[2019-09-02 21:12:52.690] [exthost] [info] ExtensionService#_doActivateExtension metaseed.metago {"startup":true,"activationEvent":"*"}
[2019-09-02 21:12:52.691] [exthost] [info] ExtensionService#loadCommonJSModule /home/darkof/.vscode/extensions/metaseed.metago-2.11.0/out/src/extension
[2019-09-02 21:12:52.843] [exthost] [info] ExtensionService#_doActivateExtension mhutchie.git-graph {"startup":true,"activationEvent":"*"}
[2019-09-02 21:12:52.843] [exthost] [info] ExtensionService#loadCommonJSModule /home/darkof/.vscode/extensions/mhutchie.git-graph-1.13.0/out/extension.js
[2019-09-02 21:12:53.258] [exthost] [info] ExtensionService#_doActivateExtension oderwat.indent-rainbow {"startup":true,"activationEvent":"*"}
[2019-09-02 21:12:53.258] [exthost] [info] ExtensionService#loadCommonJSModule /home/darkof/.vscode/extensions/oderwat.indent-rainbow-7.4.0/out/extension
[2019-09-02 21:12:53.302] [exthost] [info] ExtensionService#_doActivateExtension PKief.material-icon-theme {"startup":true,"activationEvent":"*"}
[2019-09-02 21:12:53.302] [exthost] [info] ExtensionService#loadCommonJSModule /home/darkof/.vscode/extensions/pkief.material-icon-theme-3.9.0/dist/extension
[2019-09-02 21:12:53.354] [exthost] [info] ExtensionService#_doActivateExtension Shan.code-settings-sync {"startup":true,"activationEvent":"*"}
[2019-09-02 21:12:53.354] [exthost] [info] ExtensionService#loadCommonJSModule /home/darkof/.vscode/extensions/shan.code-settings-sync-3.4.2/out/extension.js
[2019-09-02 21:12:53.810] [exthost] [info] ExtensionService#_doActivateExtension shardulm94.trailing-spaces {"startup":true,"activationEvent":"*"}
[2019-09-02 21:12:53.810] [exthost] [info] ExtensionService#loadCommonJSModule /home/darkof/.vscode/extensions/shardulm94.trailing-spaces-0.3.1/out/src/extension
[2019-09-02 21:12:53.909] [exthost] [info] ExtensionService#_doActivateExtension slevesque.vscode-multiclip {"startup":true,"activationEvent":"*"}
[2019-09-02 21:12:53.909] [exthost] [info] ExtensionService#loadCommonJSModule /home/darkof/.vscode/extensions/slevesque.vscode-multiclip-0.1.5/out/src/extension
[2019-09-02 21:12:53.955] [exthost] [info] ExtensionService#_doActivateExtension TzachOvadia.todo-list {"startup":true,"activationEvent":"*"}
[2019-09-02 21:12:53.955] [exthost] [info] ExtensionService#loadCommonJSModule /home/darkof/.vscode/extensions/tzachovadia.todo-list-1.5.0/out/src/extension
[2019-09-02 21:12:54.413] [exthost] [info] ExtensionService#_doActivateExtension vincaslt.highlight-matching-tag {"startup":true,"activationEvent":"*"}
[2019-09-02 21:12:54.414] [exthost] [info] ExtensionService#loadCommonJSModule /home/darkof/.vscode/extensions/vincaslt.highlight-matching-tag-0.9.3/out/src/extension
[2019-09-02 21:12:54.463] [exthost] [info] ExtensionService#_doActivateExtension wayou.vscode-todo-highlight {"startup":true,"activationEvent":"*"}
[2019-09-02 21:12:54.463] [exthost] [info] ExtensionService#loadCommonJSModule /home/darkof/.vscode/extensions/wayou.vscode-todo-highlight-1.0.4/src/extension
[2019-09-02 21:12:56.061] [exthost] [info] ExtensionService#_doActivateExtension GitHub.vscode-pull-request-github {"startup":true,"activationEvent":"*"}
[2019-09-02 21:12:56.061] [exthost] [info] ExtensionService#loadCommonJSModule /home/darkof/.vscode/extensions/github.vscode-pull-request-github-0.9.2/media/extension
[2019-09-02 21:12:57.738] [exthost] [info] ExtensionService#_doActivateExtension ryannaddy.laravel-artisan {"startup":true,"activationEvent":"workspaceContains:**/artisan"}
[2019-09-02 21:12:57.745] [exthost] [info] ExtensionService#loadCommonJSModule /home/darkof/.vscode/extensions/ryannaddy.laravel-artisan-0.0.25/out/src/extension
[2019-09-02 21:12:58.108] [exthost] [info] ExtensionService#_doActivateExtension felixfbecker.php-intellisense {"startup":true,"activationEvent":"workspaceContains:**/*.php"}
[2019-09-02 21:12:58.108] [exthost] [info] ExtensionService#loadCommonJSModule /home/darkof/.vscode/extensions/felixfbecker.php-intellisense-2.3.10/out/extension
[2019-09-02 21:13:02.758] [exthost] [info] eager extensions activated
[2019-09-02 21:18:56.779] [exthost] [info] ExtensionService#_doActivateExtension vscode.html-language-features {"startup":false,"activationEvent":"onLanguage:html"}
[2019-09-02 21:18:56.779] [exthost] [info] ExtensionService#loadCommonJSModule /usr/share/code/resources/app/extensions/html-language-features/client/dist/htmlMain
[2019-09-02 22:48:30.902] [exthost] [info] ExtensionService#_doActivateExtension vscode.php-language-features {"startup":false,"activationEvent":"onLanguage:php"}
[2019-09-02 22:48:30.902] [exthost] [info] ExtensionService#loadCommonJSModule /usr/share/code/resources/app/extensions/php-language-features/dist/phpMain
[2019-09-02 22:48:31.072] [exthost] [info] ExtensionService#_doActivateExtension bmewburn.vscode-intelephense-client {"startup":false,"activationEvent":"onLanguage:php"}
[2019-09-02 22:48:31.073] [exthost] [info] ExtensionService#loadCommonJSModule /home/darkof/.vscode/extensions/bmewburn.vscode-intelephense-client-1.2.2/lib/extension
[2019-09-02 23:09:25.181] [exthost] [error] [bmewburn.vscode-intelephense-client] provider FAILED
[2019-09-02 23:09:25.288] [exthost] [error] TypeError: Cannot read property 'name' of null
	at F (/home/darkof/.vscode/extensions/bmewburn.vscode-intelephense-client-1.2.2/lib/extension.js:1:177141)
	at F (/home/darkof/.vscode/extensions/bmewburn.vscode-intelephense-client-1.2.2/lib/extension.js:1:177286)
	at Array.map (<anonymous>)
	at Object.asDocumentSymbols (/home/darkof/.vscode/extensions/bmewburn.vscode-intelephense-client-1.2.2/lib/extension.js:1:181286)
	at module.exports.registerLanguageProvider.t.sendRequest.then.e (/home/darkof/.vscode/extensions/bmewburn.vscode-intelephense-client-1.2.2/lib/extension.js:1:39665)
[2019-09-02 23:09:31.476] [exthost] [error] [bmewburn.vscode-intelephense-client] provider FAILED
[2019-09-02 23:09:31.476] [exthost] [error] TypeError: Cannot read property 'name' of null
	at F (/home/darkof/.vscode/extensions/bmewburn.vscode-intelephense-client-1.2.2/lib/extension.js:1:177141)
	at F (/home/darkof/.vscode/extensions/bmewburn.vscode-intelephense-client-1.2.2/lib/extension.js:1:177286)
	at Array.map (<anonymous>)
	at Object.asDocumentSymbols (/home/darkof/.vscode/extensions/bmewburn.vscode-intelephense-client-1.2.2/lib/extension.js:1:181286)
	at module.exports.registerLanguageProvider.t.sendRequest.then.e (/home/darkof/.vscode/extensions/bmewburn.vscode-intelephense-client-1.2.2/lib/extension.js:1:39665)
[2019-09-02 23:09:33.265] [exthost] [error] [bmewburn.vscode-intelephense-client] provider FAILED
[2019-09-02 23:09:33.265] [exthost] [error] TypeError: Cannot read property 'name' of null
	at F (/home/darkof/.vscode/extensions/bmewburn.vscode-intelephense-client-1.2.2/lib/extension.js:1:177141)
	at F (/home/darkof/.vscode/extensions/bmewburn.vscode-intelephense-client-1.2.2/lib/extension.js:1:177286)
	at Array.map (<anonymous>)
	at Object.asDocumentSymbols (/home/darkof/.vscode/extensions/bmewburn.vscode-intelephense-client-1.2.2/lib/extension.js:1:181286)
	at module.exports.registerLanguageProvider.t.sendRequest.then.e (/home/darkof/.vscode/extensions/bmewburn.vscode-intelephense-client-1.2.2/lib/extension.js:1:39665)
[2019-09-02 23:09:34.279] [exthost] [error] [bmewburn.vscode-intelephense-client] provider FAILED
[2019-09-02 23:09:34.279] [exthost] [error] TypeError: Cannot read property 'name' of null
	at F (/home/darkof/.vscode/extensions/bmewburn.vscode-intelephense-client-1.2.2/lib/extension.js:1:177141)
	at F (/home/darkof/.vscode/extensions/bmewburn.vscode-intelephense-client-1.2.2/lib/extension.js:1:177286)
	at Array.map (<anonymous>)
	at Object.asDocumentSymbols (/home/darkof/.vscode/extensions/bmewburn.vscode-intelephense-client-1.2.2/lib/extension.js:1:181286)
	at module.exports.registerLanguageProvider.t.sendRequest.then.e (/home/darkof/.vscode/extensions/bmewburn.vscode-intelephense-client-1.2.2/lib/extension.js:1:39665)
[2019-09-02 23:09:34.845] [exthost] [error] [bmewburn.vscode-intelephense-client] provider FAILED
[2019-09-02 23:09:34.845] [exthost] [error] TypeError: Cannot read property 'name' of null
	at F (/home/darkof/.vscode/extensions/bmewburn.vscode-intelephense-client-1.2.2/lib/extension.js:1:177141)
	at F (/home/darkof/.vscode/extensions/bmewburn.vscode-intelephense-client-1.2.2/lib/extension.js:1:177286)
	at Array.map (<anonymous>)
	at Object.asDocumentSymbols (/home/darkof/.vscode/extensions/bmewburn.vscode-intelephense-client-1.2.2/lib/extension.js:1:181286)
	at module.exports.registerLanguageProvider.t.sendRequest.then.e (/home/darkof/.vscode/extensions/bmewburn.vscode-intelephense-client-1.2.2/lib/extension.js:1:39665)
[2019-09-02 23:09:35.462] [exthost] [error] [bmewburn.vscode-intelephense-client] provider FAILED
[2019-09-02 23:09:35.462] [exthost] [error] TypeError: Cannot read property 'name' of null
	at F (/home/darkof/.vscode/extensions/bmewburn.vscode-intelephense-client-1.2.2/lib/extension.js:1:177141)
	at F (/home/darkof/.vscode/extensions/bmewburn.vscode-intelephense-client-1.2.2/lib/extension.js:1:177286)
	at Array.map (<anonymous>)
	at Object.asDocumentSymbols (/home/darkof/.vscode/extensions/bmewburn.vscode-intelephense-client-1.2.2/lib/extension.js:1:181286)
	at module.exports.registerLanguageProvider.t.sendRequest.then.e (/home/darkof/.vscode/extensions/bmewburn.vscode-intelephense-client-1.2.2/lib/extension.js:1:39665)
[2019-09-02 23:09:36.053] [exthost] [error] [bmewburn.vscode-intelephense-client] provider FAILED
[2019-09-02 23:09:36.053] [exthost] [error] TypeError: Cannot read property 'name' of null
	at F (/home/darkof/.vscode/extensions/bmewburn.vscode-intelephense-client-1.2.2/lib/extension.js:1:177141)
	at F (/home/darkof/.vscode/extensions/bmewburn.vscode-intelephense-client-1.2.2/lib/extension.js:1:177286)
	at Array.map (<anonymous>)
	at Object.asDocumentSymbols (/home/darkof/.vscode/extensions/bmewburn.vscode-intelephense-client-1.2.2/lib/extension.js:1:181286)
	at module.exports.registerLanguageProvider.t.sendRequest.then.e (/home/darkof/.vscode/extensions/bmewburn.vscode-intelephense-client-1.2.2/lib/extension.js:1:39665)
[2019-09-02 23:09:37.779] [exthost] [error] [bmewburn.vscode-intelephense-client] provider FAILED
[2019-09-02 23:09:37.779] [exthost] [error] TypeError: Cannot read property 'name' of null
	at F (/home/darkof/.vscode/extensions/bmewburn.vscode-intelephense-client-1.2.2/lib/extension.js:1:177141)
	at F (/home/darkof/.vscode/extensions/bmewburn.vscode-intelephense-client-1.2.2/lib/extension.js:1:177286)
	at Array.map (<anonymous>)
	at Object.asDocumentSymbols (/home/darkof/.vscode/extensions/bmewburn.vscode-intelephense-client-1.2.2/lib/extension.js:1:181286)
	at module.exports.registerLanguageProvider.t.sendRequest.then.e (/home/darkof/.vscode/extensions/bmewburn.vscode-intelephense-client-1.2.2/lib/extension.js:1:39665)
[2019-09-02 23:09:38.543] [exthost] [error] [bmewburn.vscode-intelephense-client] provider FAILED
[2019-09-02 23:09:38.543] [exthost] [error] TypeError: Cannot read property 'name' of null
	at F (/home/darkof/.vscode/extensions/bmewburn.vscode-intelephense-client-1.2.2/lib/extension.js:1:177141)
	at F (/home/darkof/.vscode/extensions/bmewburn.vscode-intelephense-client-1.2.2/lib/extension.js:1:177286)
	at Array.map (<anonymous>)
	at Object.asDocumentSymbols (/home/darkof/.vscode/extensions/bmewburn.vscode-intelephense-client-1.2.2/lib/extension.js:1:181286)
	at module.exports.registerLanguageProvider.t.sendRequest.then.e (/home/darkof/.vscode/extensions/bmewburn.vscode-intelephense-client-1.2.2/lib/extension.js:1:39665)
[2019-09-02 23:09:43.379] [exthost] [error] [bmewburn.vscode-intelephense-client] provider FAILED
[2019-09-02 23:09:43.380] [exthost] [error] TypeError: Cannot read property 'name' of null
	at F (/home/darkof/.vscode/extensions/bmewburn.vscode-intelephense-client-1.2.2/lib/extension.js:1:177141)
	at F (/home/darkof/.vscode/extensions/bmewburn.vscode-intelephense-client-1.2.2/lib/extension.js:1:177286)
	at Array.map (<anonymous>)
	at Object.asDocumentSymbols (/home/darkof/.vscode/extensions/bmewburn.vscode-intelephense-client-1.2.2/lib/extension.js:1:181286)
	at module.exports.registerLanguageProvider.t.sendRequest.then.e (/home/darkof/.vscode/extensions/bmewburn.vscode-intelephense-client-1.2.2/lib/extension.js:1:39665)
[2019-09-02 23:09:45.935] [exthost] [error] [bmewburn.vscode-intelephense-client] provider FAILED
[2019-09-02 23:09:45.935] [exthost] [error] TypeError: Cannot read property 'name' of null
	at F (/home/darkof/.vscode/extensions/bmewburn.vscode-intelephense-client-1.2.2/lib/extension.js:1:177141)
	at F (/home/darkof/.vscode/extensions/bmewburn.vscode-intelephense-client-1.2.2/lib/extension.js:1:177286)
	at Array.map (<anonymous>)
	at Object.asDocumentSymbols (/home/darkof/.vscode/extensions/bmewburn.vscode-intelephense-client-1.2.2/lib/extension.js:1:181286)
	at module.exports.registerLanguageProvider.t.sendRequest.then.e (/home/darkof/.vscode/extensions/bmewburn.vscode-intelephense-client-1.2.2/lib/extension.js:1:39665)
[2019-09-02 23:09:46.589] [exthost] [error] [bmewburn.vscode-intelephense-client] provider FAILED
[2019-09-02 23:09:46.590] [exthost] [error] TypeError: Cannot read property 'name' of null
	at F (/home/darkof/.vscode/extensions/bmewburn.vscode-intelephense-client-1.2.2/lib/extension.js:1:177141)
	at F (/home/darkof/.vscode/extensions/bmewburn.vscode-intelephense-client-1.2.2/lib/extension.js:1:177286)
	at Array.map (<anonymous>)
	at Object.asDocumentSymbols (/home/darkof/.vscode/extensions/bmewburn.vscode-intelephense-client-1.2.2/lib/extension.js:1:181286)
	at module.exports.registerLanguageProvider.t.sendRequest.then.e (/home/darkof/.vscode/extensions/bmewburn.vscode-intelephense-client-1.2.2/lib/extension.js:1:39665)
[2019-09-02 23:10:11.172] [exthost] [error] [bmewburn.vscode-intelephense-client] provider FAILED
[2019-09-02 23:10:11.173] [exthost] [error] TypeError: Cannot read property 'name' of null
	at F (/home/darkof/.vscode/extensions/bmewburn.vscode-intelephense-client-1.2.2/lib/extension.js:1:177141)
	at F (/home/darkof/.vscode/extensions/bmewburn.vscode-intelephense-client-1.2.2/lib/extension.js:1:177286)
	at Array.map (<anonymous>)
	at Object.asDocumentSymbols (/home/darkof/.vscode/extensions/bmewburn.vscode-intelephense-client-1.2.2/lib/extension.js:1:181286)
	at module.exports.registerLanguageProvider.t.sendRequest.then.e (/home/darkof/.vscode/extensions/bmewburn.vscode-intelephense-client-1.2.2/lib/extension.js:1:39665)
[2019-09-02 23:10:26.496] [exthost] [error] [bmewburn.vscode-intelephense-client] provider FAILED
[2019-09-02 23:10:26.496] [exthost] [error] TypeError: Cannot read property 'name' of null
	at F (/home/darkof/.vscode/extensions/bmewburn.vscode-intelephense-client-1.2.2/lib/extension.js:1:177141)
	at F (/home/darkof/.vscode/extensions/bmewburn.vscode-intelephense-client-1.2.2/lib/extension.js:1:177286)
	at Array.map (<anonymous>)
	at Object.asDocumentSymbols (/home/darkof/.vscode/extensions/bmewburn.vscode-intelephense-client-1.2.2/lib/extension.js:1:181286)
	at module.exports.registerLanguageProvider.t.sendRequest.then.e (/home/darkof/.vscode/extensions/bmewburn.vscode-intelephense-client-1.2.2/lib/extension.js:1:39665)
[2019-09-03 00:28:34.060] [exthost] [error] [bmewburn.vscode-intelephense-client] provider FAILED
[2019-09-03 00:28:34.060] [exthost] [error] TypeError: Cannot read property 'name' of null
	at F (/home/darkof/.vscode/extensions/bmewburn.vscode-intelephense-client-1.2.2/lib/extension.js:1:177141)
	at F (/home/darkof/.vscode/extensions/bmewburn.vscode-intelephense-client-1.2.2/lib/extension.js:1:177286)
	at Array.map (<anonymous>)
	at Object.asDocumentSymbols (/home/darkof/.vscode/extensions/bmewburn.vscode-intelephense-client-1.2.2/lib/extension.js:1:181286)
	at module.exports.registerLanguageProvider.t.sendRequest.then.e (/home/darkof/.vscode/extensions/bmewburn.vscode-intelephense-client-1.2.2/lib/extension.js:1:39665)
[2019-09-03 00:28:34.515] [exthost] [error] [bmewburn.vscode-intelephense-client] provider FAILED
[2019-09-03 00:28:34.515] [exthost] [error] TypeError: Cannot read property 'name' of null
	at F (/home/darkof/.vscode/extensions/bmewburn.vscode-intelephense-client-1.2.2/lib/extension.js:1:177141)
	at F (/home/darkof/.vscode/extensions/bmewburn.vscode-intelephense-client-1.2.2/lib/extension.js:1:177286)
	at Array.map (<anonymous>)
	at Object.asDocumentSymbols (/home/darkof/.vscode/extensions/bmewburn.vscode-intelephense-client-1.2.2/lib/extension.js:1:181286)
	at module.exports.registerLanguageProvider.t.sendRequest.then.e (/home/darkof/.vscode/extensions/bmewburn.vscode-intelephense-client-1.2.2/lib/extension.js:1:39665)
[2019-09-03 00:28:36.702] [exthost] [error] [felixfbecker.php-intellisense] provider FAILED
[2019-09-03 00:28:36.735] [exthost] [error] Error: name must not be falsy
	at Function.validate (/usr/share/code/resources/app/out/vs/workbench/services/extensions/node/extensionHostProcess.js:346:965)
	at new C (/usr/share/code/resources/app/out/vs/workbench/services/extensions/node/extensionHostProcess.js:346:914)
	at new C (/usr/share/code/resources/app/out/vs/workbench/services/extensions/node/extensionHostProcess.js:335:813)
	at asSymbolInformation (/home/darkof/.vscode/extensions/felixfbecker.php-intellisense-2.3.10/node_modules/vscode-languageclient/lib/protocolConverter.js:347:22)
	at values.map.information (/home/darkof/.vscode/extensions/felixfbecker.php-intellisense-2.3.10/node_modules/vscode-languageclient/lib/protocolConverter.js:336:42)
	at Array.map (<anonymous>)
	at Object.asSymbolInformations (/home/darkof/.vscode/extensions/felixfbecker.php-intellisense-2.3.10/node_modules/vscode-languageclient/lib/protocolConverter.js:336:23)
	at registerLanguageProvider.client.sendRequest.then (/home/darkof/.vscode/extensions/felixfbecker.php-intellisense-2.3.10/node_modules/vscode-languageclient/lib/client.js:1002:62)
[2019-09-03 00:49:58.146] [exthost] [error] [felixfbecker.php-intellisense] provider FAILED
[2019-09-03 00:49:58.147] [exthost] [error] Error: name must not be falsy
	at Function.validate (/usr/share/code/resources/app/out/vs/workbench/services/extensions/node/extensionHostProcess.js:346:965)
	at new C (/usr/share/code/resources/app/out/vs/workbench/services/extensions/node/extensionHostProcess.js:346:914)
	at new C (/usr/share/code/resources/app/out/vs/workbench/services/extensions/node/extensionHostProcess.js:335:813)
	at asSymbolInformation (/home/darkof/.vscode/extensions/felixfbecker.php-intellisense-2.3.10/node_modules/vscode-languageclient/lib/protocolConverter.js:347:22)
	at values.map.information (/home/darkof/.vscode/extensions/felixfbecker.php-intellisense-2.3.10/node_modules/vscode-languageclient/lib/protocolConverter.js:336:42)
	at Array.map (<anonymous>)
	at Object.asSymbolInformations (/home/darkof/.vscode/extensions/felixfbecker.php-intellisense-2.3.10/node_modules/vscode-languageclient/lib/protocolConverter.js:336:23)
	at registerLanguageProvider.client.sendRequest.then (/home/darkof/.vscode/extensions/felixfbecker.php-intellisense-2.3.10/node_modules/vscode-languageclient/lib/client.js:1002:62)
