[2019-09-01 03:35:39.345] [exthost] [info] extension host started
[2019-09-01 03:35:40.386] [exthost] [info] ExtensionService#_doActivateExtension aaron-bond.better-comments {"startup":false,"activationEvent":"onLanguage:plaintext"}
[2019-09-01 03:35:40.386] [exthost] [info] ExtensionService#loadCommonJSModule /home/darkof/.vscode/extensions/aaron-bond.better-comments-2.0.5/out/extension
[2019-09-01 03:35:40.537] [exthost] [info] ExtensionService#_doActivateExtension vscode.php-language-features {"startup":false,"activationEvent":"onLanguage:php"}
[2019-09-01 03:35:40.537] [exthost] [info] ExtensionService#loadCommonJSModule /usr/share/code/resources/app/extensions/php-language-features/dist/phpMain
[2019-09-01 03:35:40.789] [exthost] [info] ExtensionService#_doActivateExtension bmewburn.vscode-intelephense-client {"startup":false,"activationEvent":"onLanguage:php"}
[2019-09-01 03:35:40.789] [exthost] [info] ExtensionService#loadCommonJSModule /home/darkof/.vscode/extensions/bmewburn.vscode-intelephense-client-1.2.2/lib/extension
[2019-09-01 03:35:41.743] [exthost] [info] ExtensionService#_doActivateExtension felixfbecker.php-intellisense {"startup":false,"activationEvent":"onLanguage:php"}
[2019-09-01 03:35:41.754] [exthost] [info] ExtensionService#loadCommonJSModule /home/darkof/.vscode/extensions/felixfbecker.php-intellisense-2.3.10/out/extension
[2019-09-01 03:35:42.952] [exthost] [info] ExtensionService#_doActivateExtension vscode.debug-auto-launch {"startup":true,"activationEvent":"*"}
[2019-09-01 03:35:42.952] [exthost] [info] ExtensionService#loadCommonJSModule /usr/share/code/resources/app/extensions/debug-auto-launch/dist/extension
[2019-09-01 03:35:42.986] [exthost] [info] ExtensionService#_doActivateExtension vscode.emmet {"startup":true,"activationEvent":"*"}
[2019-09-01 03:35:42.986] [exthost] [info] ExtensionService#loadCommonJSModule /usr/share/code/resources/app/extensions/emmet/dist/extension
[2019-09-01 03:35:43.167] [exthost] [info] ExtensionService#_doActivateExtension vscode.git {"startup":true,"activationEvent":"*"}
[2019-09-01 03:35:43.170] [exthost] [info] ExtensionService#loadCommonJSModule /usr/share/code/resources/app/extensions/git/dist/main
[2019-09-01 03:35:43.987] [exthost] [info] ExtensionService#_doActivateExtension vscode.merge-conflict {"startup":true,"activationEvent":"*"}
[2019-09-01 03:35:43.987] [exthost] [info] ExtensionService#loadCommonJSModule /usr/share/code/resources/app/extensions/merge-conflict/dist/extension
[2019-09-01 03:35:44.083] [exthost] [info] ExtensionService#_doActivateExtension CoenraadS.bracket-pair-colorizer-2 {"startup":true,"activationEvent":"*"}
[2019-09-01 03:35:44.084] [exthost] [info] ExtensionService#loadCommonJSModule /home/darkof/.vscode/extensions/coenraads.bracket-pair-colorizer-2-0.0.28/out/src/extension
[2019-09-01 03:35:44.482] [exthost] [info] ExtensionService#_doActivateExtension eamodio.gitlens {"startup":true,"activationEvent":"*"}
[2019-09-01 03:35:44.482] [exthost] [info] ExtensionService#loadCommonJSModule /home/darkof/.vscode/extensions/eamodio.gitlens-9.9.3/dist/extension
[2019-09-01 03:35:46.479] [exthost] [info] ExtensionService#_doActivateExtension EditorConfig.EditorConfig {"startup":true,"activationEvent":"*"}
[2019-09-01 03:35:46.479] [exthost] [info] ExtensionService#loadCommonJSModule /home/darkof/.vscode/extensions/editorconfig.editorconfig-0.13.0/out/src/editorConfigMain
[2019-09-01 03:35:47.746] [exthost] [info] ExtensionService#_doActivateExtension Equinusocio.vsc-material-theme {"startup":true,"activationEvent":"*"}
[2019-09-01 03:35:47.746] [exthost] [info] ExtensionService#loadCommonJSModule /home/darkof/.vscode/extensions/equinusocio.vsc-material-theme-30.0.0/out/src/material.theme.config
[2019-09-01 03:35:48.008] [exthost] [info] ExtensionService#_doActivateExtension fabiospampinato.vscode-todo-plus {"startup":true,"activationEvent":"*"}
[2019-09-01 03:35:48.008] [exthost] [info] ExtensionService#loadCommonJSModule /home/darkof/.vscode/extensions/fabiospampinato.vscode-todo-plus-4.14.0/out/extension.js
[2019-09-01 03:35:49.258] [exthost] [info] ExtensionService#_doActivateExtension gornivv.vscode-flutter-files {"startup":true,"activationEvent":"*"}
[2019-09-01 03:35:49.258] [exthost] [info] ExtensionService#loadCommonJSModule /home/darkof/.vscode/extensions/gornivv.vscode-flutter-files-1.4.0/out/extension.js
[2019-09-01 03:35:49.499] [exthost] [info] ExtensionService#_doActivateExtension hoovercj.vscode-power-mode {"startup":true,"activationEvent":"*"}
[2019-09-01 03:35:49.499] [exthost] [info] ExtensionService#loadCommonJSModule /home/darkof/.vscode/extensions/hoovercj.vscode-power-mode-2.2.0/out/src/extension
[2019-09-01 03:35:49.811] [exthost] [info] ExtensionService#_doActivateExtension jeroen-meijer.pubspec-assist {"startup":true,"activationEvent":"*"}
[2019-09-01 03:35:49.811] [exthost] [info] ExtensionService#loadCommonJSModule /home/darkof/.vscode/extensions/jeroen-meijer.pubspec-assist-0.3.6/out/extension
[2019-09-01 03:35:50.266] [exthost] [info] ExtensionService#_doActivateExtension metaseed.metago {"startup":true,"activationEvent":"*"}
[2019-09-01 03:35:50.266] [exthost] [info] ExtensionService#loadCommonJSModule /home/darkof/.vscode/extensions/metaseed.metago-2.11.0/out/src/extension
[2019-09-01 03:35:50.437] [exthost] [info] ExtensionService#_doActivateExtension mhutchie.git-graph {"startup":true,"activationEvent":"*"}
[2019-09-01 03:35:50.437] [exthost] [info] ExtensionService#loadCommonJSModule /home/darkof/.vscode/extensions/mhutchie.git-graph-1.13.0/out/extension.js
[2019-09-01 03:35:50.764] [exthost] [info] ExtensionService#_doActivateExtension oderwat.indent-rainbow {"startup":true,"activationEvent":"*"}
[2019-09-01 03:35:50.765] [exthost] [info] ExtensionService#loadCommonJSModule /home/darkof/.vscode/extensions/oderwat.indent-rainbow-7.4.0/out/extension
[2019-09-01 03:35:50.770] [exthost] [info] ExtensionService#_doActivateExtension PKief.material-icon-theme {"startup":true,"activationEvent":"*"}
[2019-09-01 03:35:50.770] [exthost] [info] ExtensionService#loadCommonJSModule /home/darkof/.vscode/extensions/pkief.material-icon-theme-3.9.0/dist/extension
[2019-09-01 03:35:50.848] [exthost] [info] ExtensionService#_doActivateExtension Shan.code-settings-sync {"startup":true,"activationEvent":"*"}
[2019-09-01 03:35:50.848] [exthost] [info] ExtensionService#loadCommonJSModule /home/darkof/.vscode/extensions/shan.code-settings-sync-3.4.2/out/extension.js
[2019-09-01 03:35:51.566] [exthost] [info] ExtensionService#_doActivateExtension shardulm94.trailing-spaces {"startup":true,"activationEvent":"*"}
[2019-09-01 03:35:51.566] [exthost] [info] ExtensionService#loadCommonJSModule /home/darkof/.vscode/extensions/shardulm94.trailing-spaces-0.3.1/out/src/extension
[2019-09-01 03:35:51.779] [exthost] [info] ExtensionService#_doActivateExtension slevesque.vscode-multiclip {"startup":true,"activationEvent":"*"}
[2019-09-01 03:35:51.779] [exthost] [info] ExtensionService#loadCommonJSModule /home/darkof/.vscode/extensions/slevesque.vscode-multiclip-0.1.5/out/src/extension
[2019-09-01 03:35:51.808] [exthost] [info] ExtensionService#_doActivateExtension TzachOvadia.todo-list {"startup":true,"activationEvent":"*"}
[2019-09-01 03:35:51.808] [exthost] [info] ExtensionService#loadCommonJSModule /home/darkof/.vscode/extensions/tzachovadia.todo-list-1.5.0/out/src/extension
[2019-09-01 03:35:52.421] [exthost] [info] ExtensionService#_doActivateExtension vincaslt.highlight-matching-tag {"startup":true,"activationEvent":"*"}
[2019-09-01 03:35:52.421] [exthost] [info] ExtensionService#loadCommonJSModule /home/darkof/.vscode/extensions/vincaslt.highlight-matching-tag-0.9.3/out/src/extension
[2019-09-01 03:35:52.507] [exthost] [info] ExtensionService#_doActivateExtension wayou.vscode-todo-highlight {"startup":true,"activationEvent":"*"}
[2019-09-01 03:35:52.507] [exthost] [info] ExtensionService#loadCommonJSModule /home/darkof/.vscode/extensions/wayou.vscode-todo-highlight-1.0.4/src/extension
[2019-09-01 03:35:54.345] [exthost] [info] ExtensionService#_doActivateExtension GitHub.vscode-pull-request-github {"startup":true,"activationEvent":"*"}
[2019-09-01 03:35:54.346] [exthost] [info] ExtensionService#loadCommonJSModule /home/darkof/.vscode/extensions/github.vscode-pull-request-github-0.9.2/media/extension
[2019-09-01 03:35:56.067] [exthost] [info] ExtensionService#_doActivateExtension ryannaddy.laravel-artisan {"startup":true,"activationEvent":"workspaceContains:**/artisan"}
[2019-09-01 03:35:56.067] [exthost] [info] ExtensionService#loadCommonJSModule /home/darkof/.vscode/extensions/ryannaddy.laravel-artisan-0.0.25/out/src/extension
[2019-09-01 03:36:03.288] [exthost] [info] eager extensions activated
[2019-09-01 04:14:35.020] [exthost] [error] [felixfbecker.php-intellisense] provider FAILED
[2019-09-01 04:14:35.183] [exthost] [error] Error: name must not be falsy
	at Function.validate (/usr/share/code/resources/app/out/vs/workbench/services/extensions/node/extensionHostProcess.js:346:965)
	at new C (/usr/share/code/resources/app/out/vs/workbench/services/extensions/node/extensionHostProcess.js:346:914)
	at new C (/usr/share/code/resources/app/out/vs/workbench/services/extensions/node/extensionHostProcess.js:335:813)
	at asSymbolInformation (/home/darkof/.vscode/extensions/felixfbecker.php-intellisense-2.3.10/node_modules/vscode-languageclient/lib/protocolConverter.js:347:22)
	at values.map.information (/home/darkof/.vscode/extensions/felixfbecker.php-intellisense-2.3.10/node_modules/vscode-languageclient/lib/protocolConverter.js:336:42)
	at Array.map (<anonymous>)
	at Object.asSymbolInformations (/home/darkof/.vscode/extensions/felixfbecker.php-intellisense-2.3.10/node_modules/vscode-languageclient/lib/protocolConverter.js:336:23)
	at registerLanguageProvider.client.sendRequest.then (/home/darkof/.vscode/extensions/felixfbecker.php-intellisense-2.3.10/node_modules/vscode-languageclient/lib/client.js:1002:62)
[2019-09-01 04:16:02.588] [exthost] [info] ExtensionService#_doActivateExtension onecentlin.laravel-blade {"startup":false,"activationEvent":"onLanguage:blade"}
[2019-09-01 04:16:02.588] [exthost] [info] ExtensionService#loadCommonJSModule /home/darkof/.vscode/extensions/onecentlin.laravel-blade-1.20.0/out/src/extension
[2019-09-01 04:17:45.572] [exthost] [info] ExtensionService#_doActivateExtension vscode.html-language-features {"startup":false,"activationEvent":"onLanguage:html"}
[2019-09-01 04:17:45.572] [exthost] [info] ExtensionService#loadCommonJSModule /usr/share/code/resources/app/extensions/html-language-features/client/dist/htmlMain
[2019-09-01 04:24:44.004] [exthost] [error] [bmewburn.vscode-intelephense-client] provider FAILED
[2019-09-01 04:24:44.004] [exthost] [error] TypeError: Cannot read property 'name' of null
	at F (/home/darkof/.vscode/extensions/bmewburn.vscode-intelephense-client-1.2.2/lib/extension.js:1:177141)
	at F (/home/darkof/.vscode/extensions/bmewburn.vscode-intelephense-client-1.2.2/lib/extension.js:1:177286)
	at Array.map (<anonymous>)
	at Object.asDocumentSymbols (/home/darkof/.vscode/extensions/bmewburn.vscode-intelephense-client-1.2.2/lib/extension.js:1:181286)
	at module.exports.registerLanguageProvider.t.sendRequest.then.e (/home/darkof/.vscode/extensions/bmewburn.vscode-intelephense-client-1.2.2/lib/extension.js:1:39665)
[2019-09-01 06:52:34.594] [exthost] [info] ExtensionService#_doActivateExtension vscode.configuration-editing {"startup":false,"activationEvent":"onLanguage:json"}
[2019-09-01 06:52:34.594] [exthost] [info] ExtensionService#loadCommonJSModule /usr/share/code/resources/app/extensions/configuration-editing/dist/extension
[2019-09-01 06:52:34.742] [exthost] [info] ExtensionService#_doActivateExtension vscode.extension-editing {"startup":false,"activationEvent":"onLanguage:json"}
[2019-09-01 06:52:34.742] [exthost] [info] ExtensionService#loadCommonJSModule /usr/share/code/resources/app/extensions/extension-editing/dist/extension
[2019-09-01 06:52:34.995] [exthost] [info] ExtensionService#_doActivateExtension vscode.json-language-features {"startup":false,"activationEvent":"onLanguage:json"}
[2019-09-01 06:52:34.995] [exthost] [info] ExtensionService#loadCommonJSModule /usr/share/code/resources/app/extensions/json-language-features/client/dist/jsonMain
[2019-09-01 06:52:35.216] [exthost] [info] ExtensionService#_doActivateExtension vscode.npm {"startup":false,"activationEvent":"onLanguage:json"}
[2019-09-01 06:52:35.216] [exthost] [info] ExtensionService#loadCommonJSModule /usr/share/code/resources/app/extensions/npm/dist/main
[2019-09-01 07:28:43.642] [exthost] [error] [onecentlin.laravel-blade] provider FAILED
[2019-09-01 07:28:43.658] [exthost] [error] Error: DisposableStore is missing...
	at R._convertCompletionItem (/usr/share/code/resources/app/out/vs/workbench/services/extensions/node/extensionHostProcess.js:554:618)
	at define.resolveCompletionItem.o.asPromise.then.e (/usr/share/code/resources/app/out/vs/workbench/services/extensions/node/extensionHostProcess.js:554:248)
[2019-09-01 07:28:43.686] [exthost] [error] [onecentlin.laravel-blade] provider FAILED
[2019-09-01 07:28:43.686] [exthost] [error] Error: DisposableStore is missing...
	at R._convertCompletionItem (/usr/share/code/resources/app/out/vs/workbench/services/extensions/node/extensionHostProcess.js:554:618)
	at define.resolveCompletionItem.o.asPromise.then.e (/usr/share/code/resources/app/out/vs/workbench/services/extensions/node/extensionHostProcess.js:554:248)
