Initializing document watcher...
Detected change in configuration: {}
terakhir_cms/resources/views/posts/create.blade.php: {"insertSpaces":true,"tabSize":4}
terakhir_cms/resources/views/posts/create.blade.php: {"insertSpaces":true,"tabSize":4}
terakhir_cms/resources/views/posts/create.blade.php: {"insertSpaces":true,"tabSize":4}
terakhir_cms/resources/views/posts/create.blade.php: {"insertSpaces":true,"tabSize":4}
terakhir_cms/resources/views/posts/create.blade.php: {"insertSpaces":true,"tabSize":4}
terakhir_cms/resources/views/posts/create.blade.php: {"insertSpaces":true,"tabSize":4}
terakhir_cms/resources/views/posts/create.blade.php: {"insertSpaces":true,"tabSize":4}
terakhir_cms/resources/views/categories/create.blade.php: {"insertSpaces":true,"tabSize":4}
terakhir_cms/resources/views/layouts/app.blade.php: {"insertSpaces":true,"tabSize":4}
terakhir_cms/resources/views/partials/error.blade.php: {"insertSpaces":true,"tabSize":4}
terakhir_cms/resources/views/partials/error.blade.php: Using EditorConfig core...
resources/views/partials/error.blade.php: setEndOfLine(LF)
resources/views/partials/error.blade.php: editor.action.trimTrailingWhitespace
resources/views/partials/error.blade.php: insertFinalNewline(LF)
terakhir_cms/resources/views/partials/error.blade.php: Using EditorConfig core...
resources/views/partials/error.blade.php: setEndOfLine(LF)
resources/views/partials/error.blade.php: editor.action.trimTrailingWhitespace
terakhir_cms/resources/views/partials/error.blade.php: Using EditorConfig core...
resources/views/partials/error.blade.php: setEndOfLine(LF)
resources/views/partials/error.blade.php: editor.action.trimTrailingWhitespace
terakhir_cms/resources/views/partials/error.blade.php: Using EditorConfig core...
resources/views/partials/error.blade.php: setEndOfLine(LF)
resources/views/partials/error.blade.php: editor.action.trimTrailingWhitespace
terakhir_cms/resources/views/partials/error.blade.php: Using EditorConfig core...
resources/views/partials/error.blade.php: setEndOfLine(LF)
resources/views/partials/error.blade.php: editor.action.trimTrailingWhitespace
terakhir_cms/resources/views/partials/error.blade.php: Using EditorConfig core...
resources/views/partials/error.blade.php: setEndOfLine(LF)
resources/views/partials/error.blade.php: editor.action.trimTrailingWhitespace
terakhir_cms/resources/views/partials/error.blade.php: Using EditorConfig core...
resources/views/partials/error.blade.php: setEndOfLine(LF)
resources/views/partials/error.blade.php: editor.action.trimTrailingWhitespace
terakhir_cms/resources/views/partials/error.blade.php: Using EditorConfig core...
resources/views/partials/error.blade.php: setEndOfLine(LF)
resources/views/partials/error.blade.php: editor.action.trimTrailingWhitespace
terakhir_cms/resources/views/partials/error.blade.php: Using EditorConfig core...
resources/views/partials/error.blade.php: setEndOfLine(LF)
resources/views/partials/error.blade.php: editor.action.trimTrailingWhitespace
terakhir_cms/resources/views/partials/error.blade.php: {"insertSpaces":true,"tabSize":4}
terakhir_cms/resources/views/categories/create.blade.php: {"insertSpaces":true,"tabSize":4}
terakhir_cms/resources/views/categories/create.blade.php: {"insertSpaces":true,"tabSize":4}
terakhir_cms/resources/views/categories/create.blade.php: {"insertSpaces":true,"tabSize":4}
terakhir_cms/resources/views/categories/create.blade.php: Using EditorConfig core...
resources/views/categories/create.blade.php: setEndOfLine(LF)
resources/views/categories/create.blade.php: editor.action.trimTrailingWhitespace
terakhir_cms/resources/views/categories/create.blade.php: Using EditorConfig core...
resources/views/categories/create.blade.php: setEndOfLine(LF)
resources/views/categories/create.blade.php: editor.action.trimTrailingWhitespace
terakhir_cms/resources/views/categories/create.blade.php: Using EditorConfig core...
resources/views/categories/create.blade.php: setEndOfLine(LF)
resources/views/categories/create.blade.php: editor.action.trimTrailingWhitespace
terakhir_cms/resources/views/categories/create.blade.php: Using EditorConfig core...
resources/views/categories/create.blade.php: setEndOfLine(LF)
resources/views/categories/create.blade.php: editor.action.trimTrailingWhitespace
terakhir_cms/resources/views/categories/create.blade.php: Using EditorConfig core...
resources/views/categories/create.blade.php: setEndOfLine(LF)
resources/views/categories/create.blade.php: editor.action.trimTrailingWhitespace
terakhir_cms/resources/views/categories/create.blade.php: Using EditorConfig core...
resources/views/categories/create.blade.php: setEndOfLine(LF)
resources/views/categories/create.blade.php: editor.action.trimTrailingWhitespace
terakhir_cms/resources/views/categories/create.blade.php: Using EditorConfig core...
resources/views/categories/create.blade.php: setEndOfLine(LF)
resources/views/categories/create.blade.php: editor.action.trimTrailingWhitespace
terakhir_cms/resources/views/categories/create.blade.php: Using EditorConfig core...
resources/views/categories/create.blade.php: setEndOfLine(LF)
resources/views/categories/create.blade.php: editor.action.trimTrailingWhitespace
terakhir_cms/resources/views/categories/create.blade.php: Using EditorConfig core...
resources/views/categories/create.blade.php: setEndOfLine(LF)
resources/views/categories/create.blade.php: editor.action.trimTrailingWhitespace
terakhir_cms/resources/views/categories/create.blade.php: Using EditorConfig core...
resources/views/categories/create.blade.php: setEndOfLine(LF)
resources/views/categories/create.blade.php: editor.action.trimTrailingWhitespace
terakhir_cms/resources/views/categories/create.blade.php: Using EditorConfig core...
resources/views/categories/create.blade.php: setEndOfLine(LF)
resources/views/categories/create.blade.php: editor.action.trimTrailingWhitespace
terakhir_cms/resources/views/categories/create.blade.php: Using EditorConfig core...
resources/views/categories/create.blade.php: setEndOfLine(LF)
resources/views/categories/create.blade.php: editor.action.trimTrailingWhitespace
terakhir_cms/resources/views/categories/create.blade.php: Using EditorConfig core...
resources/views/categories/create.blade.php: setEndOfLine(LF)
resources/views/categories/create.blade.php: editor.action.trimTrailingWhitespace
terakhir_cms/resources/views/categories/create.blade.php: Using EditorConfig core...
resources/views/categories/create.blade.php: setEndOfLine(LF)
resources/views/categories/create.blade.php: editor.action.trimTrailingWhitespace
terakhir_cms/resources/views/categories/create.blade.php: Using EditorConfig core...
resources/views/categories/create.blade.php: setEndOfLine(LF)
resources/views/categories/create.blade.php: editor.action.trimTrailingWhitespace
terakhir_cms/resources/views/categories/create.blade.php: Using EditorConfig core...
resources/views/categories/create.blade.php: setEndOfLine(LF)
resources/views/categories/create.blade.php: editor.action.trimTrailingWhitespace
terakhir_cms/resources/views/categories/create.blade.php: Using EditorConfig core...
resources/views/categories/create.blade.php: setEndOfLine(LF)
resources/views/categories/create.blade.php: editor.action.trimTrailingWhitespace
terakhir_cms/resources/views/home.blade.php: {"insertSpaces":true,"tabSize":4}
terakhir_cms/resources/views/tags/index.blade.php: {"insertSpaces":true,"tabSize":4}
terakhir_cms/resources/views/tags/index.blade.php: {"insertSpaces":true,"tabSize":4}
terakhir_cms/resources/views/tags/index.blade.php: {"insertSpaces":true,"tabSize":4}
terakhir_cms/resources/views/tags/index.blade.php: {"insertSpaces":true,"tabSize":4}
terakhir_cms/resources/views/tags/create.blade.php: {"insertSpaces":true,"tabSize":4}
terakhir_cms/resources/views/tags/create.blade.php: {"insertSpaces":true,"tabSize":4}
