[2019-08-30 07:51:31.873] [exthost] [info] extension host started
[2019-08-30 07:51:31.941] [exthost] [info] ExtensionService#_doActivateExtension aaron-bond.better-comments {"startup":false,"activationEvent":"onLanguage:plaintext"}
[2019-08-30 07:51:31.941] [exthost] [info] ExtensionService#loadCommonJSModule /home/darkof/.vscode/extensions/aaron-bond.better-comments-2.0.5/out/extension
[2019-08-30 07:51:32.446] [exthost] [info] ExtensionService#_doActivateExtension onecentlin.laravel-blade {"startup":false,"activationEvent":"onLanguage:blade"}
[2019-08-30 07:51:32.446] [exthost] [info] ExtensionService#loadCommonJSModule /home/darkof/.vscode/extensions/onecentlin.laravel-blade-1.20.0/out/src/extension
[2019-08-30 07:51:36.377] [exthost] [info] ExtensionService#_doActivateExtension vscode.debug-auto-launch {"startup":true,"activationEvent":"*"}
[2019-08-30 07:51:36.377] [exthost] [info] ExtensionService#loadCommonJSModule /usr/share/code/resources/app/extensions/debug-auto-launch/dist/extension
[2019-08-30 07:51:36.415] [exthost] [info] ExtensionService#_doActivateExtension vscode.emmet {"startup":true,"activationEvent":"*"}
[2019-08-30 07:51:36.415] [exthost] [info] ExtensionService#loadCommonJSModule /usr/share/code/resources/app/extensions/emmet/dist/extension
[2019-08-30 07:51:36.550] [exthost] [info] ExtensionService#_doActivateExtension vscode.git {"startup":true,"activationEvent":"*"}
[2019-08-30 07:51:36.550] [exthost] [info] ExtensionService#loadCommonJSModule /usr/share/code/resources/app/extensions/git/dist/main
[2019-08-30 07:51:37.738] [exthost] [info] ExtensionService#_doActivateExtension vscode.merge-conflict {"startup":true,"activationEvent":"*"}
[2019-08-30 07:51:37.739] [exthost] [info] ExtensionService#loadCommonJSModule /usr/share/code/resources/app/extensions/merge-conflict/dist/extension
[2019-08-30 07:51:38.148] [exthost] [info] ExtensionService#_doActivateExtension CoenraadS.bracket-pair-colorizer-2 {"startup":true,"activationEvent":"*"}
[2019-08-30 07:51:38.148] [exthost] [info] ExtensionService#loadCommonJSModule /home/darkof/.vscode/extensions/coenraads.bracket-pair-colorizer-2-0.0.28/out/src/extension
[2019-08-30 07:51:38.402] [exthost] [info] ExtensionService#_doActivateExtension eamodio.gitlens {"startup":true,"activationEvent":"*"}
[2019-08-30 07:51:38.402] [exthost] [info] ExtensionService#loadCommonJSModule /home/darkof/.vscode/extensions/eamodio.gitlens-9.9.3/dist/extension
[2019-08-30 07:51:39.898] [exthost] [info] ExtensionService#_doActivateExtension EditorConfig.EditorConfig {"startup":true,"activationEvent":"*"}
[2019-08-30 07:51:39.898] [exthost] [info] ExtensionService#loadCommonJSModule /home/darkof/.vscode/extensions/editorconfig.editorconfig-0.13.0/out/src/editorConfigMain
[2019-08-30 07:51:40.248] [exthost] [info] ExtensionService#_doActivateExtension Equinusocio.vsc-material-theme {"startup":true,"activationEvent":"*"}
[2019-08-30 07:51:40.248] [exthost] [info] ExtensionService#loadCommonJSModule /home/darkof/.vscode/extensions/equinusocio.vsc-material-theme-30.0.0/out/src/material.theme.config
[2019-08-30 07:51:40.465] [exthost] [info] ExtensionService#_doActivateExtension fabiospampinato.vscode-todo-plus {"startup":true,"activationEvent":"*"}
[2019-08-30 07:51:40.465] [exthost] [info] ExtensionService#loadCommonJSModule /home/darkof/.vscode/extensions/fabiospampinato.vscode-todo-plus-4.14.0/out/extension.js
[2019-08-30 07:51:41.413] [exthost] [info] ExtensionService#_doActivateExtension gornivv.vscode-flutter-files {"startup":true,"activationEvent":"*"}
[2019-08-30 07:51:41.414] [exthost] [info] ExtensionService#loadCommonJSModule /home/darkof/.vscode/extensions/gornivv.vscode-flutter-files-1.4.0/out/extension.js
[2019-08-30 07:51:41.867] [exthost] [info] ExtensionService#_doActivateExtension hoovercj.vscode-power-mode {"startup":true,"activationEvent":"*"}
[2019-08-30 07:51:41.867] [exthost] [info] ExtensionService#loadCommonJSModule /home/darkof/.vscode/extensions/hoovercj.vscode-power-mode-2.2.0/out/src/extension
[2019-08-30 07:51:42.085] [exthost] [info] ExtensionService#_doActivateExtension jeroen-meijer.pubspec-assist {"startup":true,"activationEvent":"*"}
[2019-08-30 07:51:42.085] [exthost] [info] ExtensionService#loadCommonJSModule /home/darkof/.vscode/extensions/jeroen-meijer.pubspec-assist-0.3.6/out/extension
[2019-08-30 07:51:42.781] [exthost] [info] ExtensionService#_doActivateExtension metaseed.metago {"startup":true,"activationEvent":"*"}
[2019-08-30 07:51:42.781] [exthost] [info] ExtensionService#loadCommonJSModule /home/darkof/.vscode/extensions/metaseed.metago-2.11.0/out/src/extension
[2019-08-30 07:51:43.019] [exthost] [info] ExtensionService#_doActivateExtension mhutchie.git-graph {"startup":true,"activationEvent":"*"}
[2019-08-30 07:51:43.019] [exthost] [info] ExtensionService#loadCommonJSModule /home/darkof/.vscode/extensions/mhutchie.git-graph-1.13.0/out/extension.js
[2019-08-30 07:51:43.600] [exthost] [info] ExtensionService#_doActivateExtension oderwat.indent-rainbow {"startup":true,"activationEvent":"*"}
[2019-08-30 07:51:43.600] [exthost] [info] ExtensionService#loadCommonJSModule /home/darkof/.vscode/extensions/oderwat.indent-rainbow-7.4.0/out/extension
[2019-08-30 07:51:43.626] [exthost] [info] ExtensionService#_doActivateExtension PKief.material-icon-theme {"startup":true,"activationEvent":"*"}
[2019-08-30 07:51:43.626] [exthost] [info] ExtensionService#loadCommonJSModule /home/darkof/.vscode/extensions/pkief.material-icon-theme-3.9.0/dist/extension
[2019-08-30 07:51:43.680] [exthost] [info] ExtensionService#_doActivateExtension Shan.code-settings-sync {"startup":true,"activationEvent":"*"}
[2019-08-30 07:51:43.680] [exthost] [info] ExtensionService#loadCommonJSModule /home/darkof/.vscode/extensions/shan.code-settings-sync-3.4.2/out/extension.js
[2019-08-30 07:51:44.133] [exthost] [info] ExtensionService#_doActivateExtension shardulm94.trailing-spaces {"startup":true,"activationEvent":"*"}
[2019-08-30 07:51:44.133] [exthost] [info] ExtensionService#loadCommonJSModule /home/darkof/.vscode/extensions/shardulm94.trailing-spaces-0.3.1/out/src/extension
[2019-08-30 07:51:44.223] [exthost] [info] ExtensionService#_doActivateExtension slevesque.vscode-multiclip {"startup":true,"activationEvent":"*"}
[2019-08-30 07:51:44.224] [exthost] [info] ExtensionService#loadCommonJSModule /home/darkof/.vscode/extensions/slevesque.vscode-multiclip-0.1.5/out/src/extension
[2019-08-30 07:51:44.257] [exthost] [info] ExtensionService#_doActivateExtension TzachOvadia.todo-list {"startup":true,"activationEvent":"*"}
[2019-08-30 07:51:44.257] [exthost] [info] ExtensionService#loadCommonJSModule /home/darkof/.vscode/extensions/tzachovadia.todo-list-1.5.0/out/src/extension
[2019-08-30 07:51:44.658] [exthost] [info] ExtensionService#_doActivateExtension vincaslt.highlight-matching-tag {"startup":true,"activationEvent":"*"}
[2019-08-30 07:51:44.658] [exthost] [info] ExtensionService#loadCommonJSModule /home/darkof/.vscode/extensions/vincaslt.highlight-matching-tag-0.9.3/out/src/extension
[2019-08-30 07:51:44.711] [exthost] [info] ExtensionService#_doActivateExtension wayou.vscode-todo-highlight {"startup":true,"activationEvent":"*"}
[2019-08-30 07:51:44.711] [exthost] [info] ExtensionService#loadCommonJSModule /home/darkof/.vscode/extensions/wayou.vscode-todo-highlight-1.0.4/src/extension
[2019-08-30 07:51:46.574] [exthost] [info] ExtensionService#_doActivateExtension GitHub.vscode-pull-request-github {"startup":true,"activationEvent":"*"}
[2019-08-30 07:51:46.574] [exthost] [info] ExtensionService#loadCommonJSModule /home/darkof/.vscode/extensions/github.vscode-pull-request-github-0.9.2/media/extension
[2019-08-30 07:51:47.860] [exthost] [info] ExtensionService#_doActivateExtension felixfbecker.php-intellisense {"startup":true,"activationEvent":"workspaceContains:**/*.php"}
[2019-08-30 07:51:47.860] [exthost] [info] ExtensionService#loadCommonJSModule /home/darkof/.vscode/extensions/felixfbecker.php-intellisense-2.3.10/out/extension
[2019-08-30 07:51:48.647] [exthost] [info] ExtensionService#_doActivateExtension ryannaddy.laravel-artisan {"startup":true,"activationEvent":"workspaceContains:**/artisan"}
[2019-08-30 07:51:48.647] [exthost] [info] ExtensionService#loadCommonJSModule /home/darkof/.vscode/extensions/ryannaddy.laravel-artisan-0.0.25/out/src/extension
[2019-08-30 07:51:52.686] [exthost] [info] eager extensions activated
[2019-08-30 07:59:16.151] [exthost] [info] extension host started
[2019-08-30 07:59:16.177] [exthost] [info] ExtensionService#_doActivateExtension aaron-bond.better-comments {"startup":false,"activationEvent":"onLanguage:plaintext"}
[2019-08-30 07:59:16.177] [exthost] [info] ExtensionService#loadCommonJSModule /home/darkof/.vscode/extensions/aaron-bond.better-comments-2.0.5/out/extension
[2019-08-30 07:59:16.265] [exthost] [info] ExtensionService#_doActivateExtension vscode.debug-auto-launch {"startup":true,"activationEvent":"*"}
[2019-08-30 07:59:16.265] [exthost] [info] ExtensionService#loadCommonJSModule /usr/share/code/resources/app/extensions/debug-auto-launch/dist/extension
[2019-08-30 07:59:16.362] [exthost] [info] ExtensionService#_doActivateExtension vscode.emmet {"startup":true,"activationEvent":"*"}
[2019-08-30 07:59:16.362] [exthost] [info] ExtensionService#loadCommonJSModule /usr/share/code/resources/app/extensions/emmet/dist/extension
[2019-08-30 07:59:16.438] [exthost] [info] ExtensionService#_doActivateExtension vscode.git {"startup":true,"activationEvent":"*"}
[2019-08-30 07:59:16.438] [exthost] [info] ExtensionService#loadCommonJSModule /usr/share/code/resources/app/extensions/git/dist/main
[2019-08-30 07:59:16.728] [exthost] [info] ExtensionService#_doActivateExtension vscode.merge-conflict {"startup":true,"activationEvent":"*"}
[2019-08-30 07:59:16.728] [exthost] [info] ExtensionService#loadCommonJSModule /usr/share/code/resources/app/extensions/merge-conflict/dist/extension
[2019-08-30 07:59:17.000] [exthost] [info] ExtensionService#_doActivateExtension CoenraadS.bracket-pair-colorizer-2 {"startup":true,"activationEvent":"*"}
[2019-08-30 07:59:17.000] [exthost] [info] ExtensionService#loadCommonJSModule /home/darkof/.vscode/extensions/coenraads.bracket-pair-colorizer-2-0.0.28/out/src/extension
[2019-08-30 07:59:17.237] [exthost] [info] ExtensionService#_doActivateExtension eamodio.gitlens {"startup":true,"activationEvent":"*"}
[2019-08-30 07:59:17.241] [exthost] [info] ExtensionService#loadCommonJSModule /home/darkof/.vscode/extensions/eamodio.gitlens-9.9.3/dist/extension
[2019-08-30 07:59:17.605] [exthost] [info] ExtensionService#_doActivateExtension EditorConfig.EditorConfig {"startup":true,"activationEvent":"*"}
[2019-08-30 07:59:17.605] [exthost] [info] ExtensionService#loadCommonJSModule /home/darkof/.vscode/extensions/editorconfig.editorconfig-0.13.0/out/src/editorConfigMain
[2019-08-30 07:59:17.852] [exthost] [info] ExtensionService#_doActivateExtension Equinusocio.vsc-material-theme {"startup":true,"activationEvent":"*"}
[2019-08-30 07:59:17.853] [exthost] [info] ExtensionService#loadCommonJSModule /home/darkof/.vscode/extensions/equinusocio.vsc-material-theme-30.0.0/out/src/material.theme.config
[2019-08-30 07:59:18.210] [exthost] [info] ExtensionService#_doActivateExtension fabiospampinato.vscode-todo-plus {"startup":true,"activationEvent":"*"}
[2019-08-30 07:59:18.210] [exthost] [info] ExtensionService#loadCommonJSModule /home/darkof/.vscode/extensions/fabiospampinato.vscode-todo-plus-4.14.0/out/extension.js
[2019-08-30 07:59:18.630] [exthost] [info] ExtensionService#_doActivateExtension gornivv.vscode-flutter-files {"startup":true,"activationEvent":"*"}
[2019-08-30 07:59:18.630] [exthost] [info] ExtensionService#loadCommonJSModule /home/darkof/.vscode/extensions/gornivv.vscode-flutter-files-1.4.0/out/extension.js
[2019-08-30 07:59:18.693] [exthost] [info] ExtensionService#_doActivateExtension hoovercj.vscode-power-mode {"startup":true,"activationEvent":"*"}
[2019-08-30 07:59:18.693] [exthost] [info] ExtensionService#loadCommonJSModule /home/darkof/.vscode/extensions/hoovercj.vscode-power-mode-2.2.0/out/src/extension
[2019-08-30 07:59:18.952] [exthost] [info] ExtensionService#_doActivateExtension jeroen-meijer.pubspec-assist {"startup":true,"activationEvent":"*"}
[2019-08-30 07:59:18.952] [exthost] [info] ExtensionService#loadCommonJSModule /home/darkof/.vscode/extensions/jeroen-meijer.pubspec-assist-0.3.6/out/extension
[2019-08-30 07:59:19.456] [exthost] [info] ExtensionService#_doActivateExtension metaseed.metago {"startup":true,"activationEvent":"*"}
[2019-08-30 07:59:19.456] [exthost] [info] ExtensionService#loadCommonJSModule /home/darkof/.vscode/extensions/metaseed.metago-2.11.0/out/src/extension
[2019-08-30 07:59:19.548] [exthost] [info] ExtensionService#_doActivateExtension mhutchie.git-graph {"startup":true,"activationEvent":"*"}
[2019-08-30 07:59:19.548] [exthost] [info] ExtensionService#loadCommonJSModule /home/darkof/.vscode/extensions/mhutchie.git-graph-1.13.0/out/extension.js
[2019-08-30 07:59:20.174] [exthost] [info] ExtensionService#_doActivateExtension oderwat.indent-rainbow {"startup":true,"activationEvent":"*"}
[2019-08-30 07:59:20.174] [exthost] [info] ExtensionService#loadCommonJSModule /home/darkof/.vscode/extensions/oderwat.indent-rainbow-7.4.0/out/extension
[2019-08-30 07:59:20.207] [exthost] [info] ExtensionService#_doActivateExtension PKief.material-icon-theme {"startup":true,"activationEvent":"*"}
[2019-08-30 07:59:20.207] [exthost] [info] ExtensionService#loadCommonJSModule /home/darkof/.vscode/extensions/pkief.material-icon-theme-3.9.0/dist/extension
[2019-08-30 07:59:20.248] [exthost] [info] ExtensionService#_doActivateExtension Shan.code-settings-sync {"startup":true,"activationEvent":"*"}
[2019-08-30 07:59:20.248] [exthost] [info] ExtensionService#loadCommonJSModule /home/darkof/.vscode/extensions/shan.code-settings-sync-3.4.2/out/extension.js
[2019-08-30 07:59:20.955] [exthost] [info] ExtensionService#_doActivateExtension shardulm94.trailing-spaces {"startup":true,"activationEvent":"*"}
[2019-08-30 07:59:20.955] [exthost] [info] ExtensionService#loadCommonJSModule /home/darkof/.vscode/extensions/shardulm94.trailing-spaces-0.3.1/out/src/extension
[2019-08-30 07:59:21.080] [exthost] [info] ExtensionService#_doActivateExtension slevesque.vscode-multiclip {"startup":true,"activationEvent":"*"}
[2019-08-30 07:59:21.080] [exthost] [info] ExtensionService#loadCommonJSModule /home/darkof/.vscode/extensions/slevesque.vscode-multiclip-0.1.5/out/src/extension
[2019-08-30 07:59:21.116] [exthost] [info] ExtensionService#_doActivateExtension TzachOvadia.todo-list {"startup":true,"activationEvent":"*"}
[2019-08-30 07:59:21.116] [exthost] [info] ExtensionService#loadCommonJSModule /home/darkof/.vscode/extensions/tzachovadia.todo-list-1.5.0/out/src/extension
[2019-08-30 07:59:22.226] [exthost] [info] ExtensionService#_doActivateExtension vincaslt.highlight-matching-tag {"startup":true,"activationEvent":"*"}
[2019-08-30 07:59:22.226] [exthost] [info] ExtensionService#loadCommonJSModule /home/darkof/.vscode/extensions/vincaslt.highlight-matching-tag-0.9.3/out/src/extension
[2019-08-30 07:59:22.336] [exthost] [info] ExtensionService#_doActivateExtension wayou.vscode-todo-highlight {"startup":true,"activationEvent":"*"}
[2019-08-30 07:59:22.336] [exthost] [info] ExtensionService#loadCommonJSModule /home/darkof/.vscode/extensions/wayou.vscode-todo-highlight-1.0.4/src/extension
[2019-08-30 07:59:22.388] [exthost] [info] eager extensions activated
[2019-08-30 07:59:23.088] [exthost] [info] ExtensionService#_doActivateExtension GitHub.vscode-pull-request-github {"startup":true,"activationEvent":"*"}
[2019-08-30 07:59:23.088] [exthost] [info] ExtensionService#loadCommonJSModule /home/darkof/.vscode/extensions/github.vscode-pull-request-github-0.9.2/media/extension
[2019-08-30 07:59:54.754] [exthost] [info] extension host started
[2019-08-30 07:59:54.840] [exthost] [info] ExtensionService#_doActivateExtension aaron-bond.better-comments {"startup":false,"activationEvent":"onLanguage:plaintext"}
[2019-08-30 07:59:54.840] [exthost] [info] ExtensionService#loadCommonJSModule /home/darkof/.vscode/extensions/aaron-bond.better-comments-2.0.5/out/extension
[2019-08-30 07:59:54.845] [exthost] [info] ExtensionService#_doActivateExtension onecentlin.laravel-blade {"startup":false,"activationEvent":"onLanguage:blade"}
[2019-08-30 07:59:54.845] [exthost] [info] ExtensionService#loadCommonJSModule /home/darkof/.vscode/extensions/onecentlin.laravel-blade-1.20.0/out/src/extension
[2019-08-30 07:59:58.122] [exthost] [info] ExtensionService#_doActivateExtension vscode.debug-auto-launch {"startup":true,"activationEvent":"*"}
[2019-08-30 07:59:58.122] [exthost] [info] ExtensionService#loadCommonJSModule /usr/share/code/resources/app/extensions/debug-auto-launch/dist/extension
[2019-08-30 07:59:58.125] [exthost] [info] ExtensionService#_doActivateExtension vscode.emmet {"startup":true,"activationEvent":"*"}
[2019-08-30 07:59:58.125] [exthost] [info] ExtensionService#loadCommonJSModule /usr/share/code/resources/app/extensions/emmet/dist/extension
[2019-08-30 07:59:58.181] [exthost] [info] ExtensionService#_doActivateExtension vscode.git {"startup":true,"activationEvent":"*"}
[2019-08-30 07:59:58.181] [exthost] [info] ExtensionService#loadCommonJSModule /usr/share/code/resources/app/extensions/git/dist/main
[2019-08-30 07:59:58.346] [exthost] [info] ExtensionService#_doActivateExtension vscode.merge-conflict {"startup":true,"activationEvent":"*"}
[2019-08-30 07:59:58.346] [exthost] [info] ExtensionService#loadCommonJSModule /usr/share/code/resources/app/extensions/merge-conflict/dist/extension
[2019-08-30 07:59:58.355] [exthost] [info] ExtensionService#_doActivateExtension CoenraadS.bracket-pair-colorizer-2 {"startup":true,"activationEvent":"*"}
[2019-08-30 07:59:58.355] [exthost] [info] ExtensionService#loadCommonJSModule /home/darkof/.vscode/extensions/coenraads.bracket-pair-colorizer-2-0.0.28/out/src/extension
[2019-08-30 07:59:58.390] [exthost] [info] ExtensionService#_doActivateExtension eamodio.gitlens {"startup":true,"activationEvent":"*"}
[2019-08-30 07:59:58.390] [exthost] [info] ExtensionService#loadCommonJSModule /home/darkof/.vscode/extensions/eamodio.gitlens-9.9.3/dist/extension
[2019-08-30 07:59:58.669] [exthost] [info] ExtensionService#_doActivateExtension EditorConfig.EditorConfig {"startup":true,"activationEvent":"*"}
[2019-08-30 07:59:58.669] [exthost] [info] ExtensionService#loadCommonJSModule /home/darkof/.vscode/extensions/editorconfig.editorconfig-0.13.0/out/src/editorConfigMain
[2019-08-30 07:59:58.804] [exthost] [info] ExtensionService#_doActivateExtension Equinusocio.vsc-material-theme {"startup":true,"activationEvent":"*"}
[2019-08-30 07:59:58.804] [exthost] [info] ExtensionService#loadCommonJSModule /home/darkof/.vscode/extensions/equinusocio.vsc-material-theme-30.0.0/out/src/material.theme.config
[2019-08-30 07:59:58.842] [exthost] [info] ExtensionService#_doActivateExtension fabiospampinato.vscode-todo-plus {"startup":true,"activationEvent":"*"}
[2019-08-30 07:59:58.842] [exthost] [info] ExtensionService#loadCommonJSModule /home/darkof/.vscode/extensions/fabiospampinato.vscode-todo-plus-4.14.0/out/extension.js
[2019-08-30 07:59:59.599] [exthost] [info] ExtensionService#_doActivateExtension gornivv.vscode-flutter-files {"startup":true,"activationEvent":"*"}
[2019-08-30 07:59:59.599] [exthost] [info] ExtensionService#loadCommonJSModule /home/darkof/.vscode/extensions/gornivv.vscode-flutter-files-1.4.0/out/extension.js
[2019-08-30 08:00:00.025] [exthost] [info] ExtensionService#_doActivateExtension hoovercj.vscode-power-mode {"startup":true,"activationEvent":"*"}
[2019-08-30 08:00:00.025] [exthost] [info] ExtensionService#loadCommonJSModule /home/darkof/.vscode/extensions/hoovercj.vscode-power-mode-2.2.0/out/src/extension
[2019-08-30 08:00:00.107] [exthost] [info] ExtensionService#_doActivateExtension jeroen-meijer.pubspec-assist {"startup":true,"activationEvent":"*"}
[2019-08-30 08:00:00.108] [exthost] [info] ExtensionService#loadCommonJSModule /home/darkof/.vscode/extensions/jeroen-meijer.pubspec-assist-0.3.6/out/extension
[2019-08-30 08:00:00.286] [exthost] [info] ExtensionService#_doActivateExtension metaseed.metago {"startup":true,"activationEvent":"*"}
[2019-08-30 08:00:00.286] [exthost] [info] ExtensionService#loadCommonJSModule /home/darkof/.vscode/extensions/metaseed.metago-2.11.0/out/src/extension
[2019-08-30 08:00:00.349] [exthost] [info] ExtensionService#_doActivateExtension mhutchie.git-graph {"startup":true,"activationEvent":"*"}
[2019-08-30 08:00:00.349] [exthost] [info] ExtensionService#loadCommonJSModule /home/darkof/.vscode/extensions/mhutchie.git-graph-1.13.0/out/extension.js
[2019-08-30 08:00:00.410] [exthost] [info] ExtensionService#_doActivateExtension oderwat.indent-rainbow {"startup":true,"activationEvent":"*"}
[2019-08-30 08:00:00.410] [exthost] [info] ExtensionService#loadCommonJSModule /home/darkof/.vscode/extensions/oderwat.indent-rainbow-7.4.0/out/extension
[2019-08-30 08:00:00.418] [exthost] [info] ExtensionService#_doActivateExtension PKief.material-icon-theme {"startup":true,"activationEvent":"*"}
[2019-08-30 08:00:00.418] [exthost] [info] ExtensionService#loadCommonJSModule /home/darkof/.vscode/extensions/pkief.material-icon-theme-3.9.0/dist/extension
[2019-08-30 08:00:00.464] [exthost] [info] ExtensionService#_doActivateExtension Shan.code-settings-sync {"startup":true,"activationEvent":"*"}
[2019-08-30 08:00:00.464] [exthost] [info] ExtensionService#loadCommonJSModule /home/darkof/.vscode/extensions/shan.code-settings-sync-3.4.2/out/extension.js
[2019-08-30 08:00:00.858] [exthost] [info] ExtensionService#_doActivateExtension shardulm94.trailing-spaces {"startup":true,"activationEvent":"*"}
[2019-08-30 08:00:00.858] [exthost] [info] ExtensionService#loadCommonJSModule /home/darkof/.vscode/extensions/shardulm94.trailing-spaces-0.3.1/out/src/extension
[2019-08-30 08:00:00.949] [exthost] [info] ExtensionService#_doActivateExtension slevesque.vscode-multiclip {"startup":true,"activationEvent":"*"}
[2019-08-30 08:00:00.949] [exthost] [info] ExtensionService#loadCommonJSModule /home/darkof/.vscode/extensions/slevesque.vscode-multiclip-0.1.5/out/src/extension
[2019-08-30 08:00:00.953] [exthost] [info] ExtensionService#_doActivateExtension TzachOvadia.todo-list {"startup":true,"activationEvent":"*"}
[2019-08-30 08:00:00.953] [exthost] [info] ExtensionService#loadCommonJSModule /home/darkof/.vscode/extensions/tzachovadia.todo-list-1.5.0/out/src/extension
[2019-08-30 08:00:01.142] [exthost] [info] ExtensionService#_doActivateExtension vincaslt.highlight-matching-tag {"startup":true,"activationEvent":"*"}
[2019-08-30 08:00:01.142] [exthost] [info] ExtensionService#loadCommonJSModule /home/darkof/.vscode/extensions/vincaslt.highlight-matching-tag-0.9.3/out/src/extension
[2019-08-30 08:00:01.165] [exthost] [info] ExtensionService#_doActivateExtension wayou.vscode-todo-highlight {"startup":true,"activationEvent":"*"}
[2019-08-30 08:00:01.165] [exthost] [info] ExtensionService#loadCommonJSModule /home/darkof/.vscode/extensions/wayou.vscode-todo-highlight-1.0.4/src/extension
[2019-08-30 08:00:01.938] [exthost] [info] ExtensionService#_doActivateExtension GitHub.vscode-pull-request-github {"startup":true,"activationEvent":"*"}
[2019-08-30 08:00:01.939] [exthost] [info] ExtensionService#loadCommonJSModule /home/darkof/.vscode/extensions/github.vscode-pull-request-github-0.9.2/media/extension
[2019-08-30 08:00:02.567] [exthost] [info] ExtensionService#_doActivateExtension felixfbecker.php-intellisense {"startup":true,"activationEvent":"workspaceContains:**/*.php"}
[2019-08-30 08:00:02.567] [exthost] [info] ExtensionService#loadCommonJSModule /home/darkof/.vscode/extensions/felixfbecker.php-intellisense-2.3.10/out/extension
[2019-08-30 08:00:03.287] [exthost] [info] ExtensionService#_doActivateExtension ryannaddy.laravel-artisan {"startup":true,"activationEvent":"workspaceContains:**/artisan"}
[2019-08-30 08:00:03.287] [exthost] [info] ExtensionService#loadCommonJSModule /home/darkof/.vscode/extensions/ryannaddy.laravel-artisan-0.0.25/out/src/extension
[2019-08-30 08:00:05.831] [exthost] [info] eager extensions activated
[2019-08-30 08:02:32.332] [exthost] [info] ExtensionService#_doActivateExtension vscode.php-language-features {"startup":false,"activationEvent":"onLanguage:php"}
[2019-08-30 08:02:32.332] [exthost] [info] ExtensionService#loadCommonJSModule /usr/share/code/resources/app/extensions/php-language-features/dist/phpMain
[2019-08-30 08:02:32.679] [exthost] [info] ExtensionService#_doActivateExtension bmewburn.vscode-intelephense-client {"startup":false,"activationEvent":"onLanguage:php"}
[2019-08-30 08:02:32.679] [exthost] [info] ExtensionService#loadCommonJSModule /home/darkof/.vscode/extensions/bmewburn.vscode-intelephense-client-1.2.2/lib/extension
[2019-08-30 08:57:03.533] [exthost] [info] ExtensionService#_doActivateExtension vscode.html-language-features {"startup":false,"activationEvent":"onLanguage:html"}
[2019-08-30 08:57:03.533] [exthost] [info] ExtensionService#loadCommonJSModule /usr/share/code/resources/app/extensions/html-language-features/client/dist/htmlMain
[2019-08-30 09:36:17.238] [exthost] [info] ExtensionService#_doActivateExtension vscode.configuration-editing {"startup":false,"activationEvent":"onLanguage:jsonc"}
[2019-08-30 09:36:17.239] [exthost] [info] ExtensionService#loadCommonJSModule /usr/share/code/resources/app/extensions/configuration-editing/dist/extension
[2019-08-30 09:36:17.459] [exthost] [info] ExtensionService#_doActivateExtension vscode.json-language-features {"startup":false,"activationEvent":"onLanguage:jsonc"}
[2019-08-30 09:36:17.459] [exthost] [info] ExtensionService#loadCommonJSModule /usr/share/code/resources/app/extensions/json-language-features/client/dist/jsonMain
[2019-08-30 09:36:17.836] [exthost] [info] ExtensionService#_doActivateExtension vscode.typescript-language-features {"startup":false,"activationEvent":"onLanguage:jsonc"}
[2019-08-30 09:36:17.836] [exthost] [info] ExtensionService#loadCommonJSModule /usr/share/code/resources/app/extensions/typescript-language-features/dist/extension
[2019-08-30 09:59:47.643] [exthost] [error] [bmewburn.vscode-intelephense-client] provider FAILED
[2019-08-30 09:59:47.644] [exthost] [error] TypeError: Cannot read property 'name' of null
	at F (/home/darkof/.vscode/extensions/bmewburn.vscode-intelephense-client-1.2.2/lib/extension.js:1:177141)
	at F (/home/darkof/.vscode/extensions/bmewburn.vscode-intelephense-client-1.2.2/lib/extension.js:1:177286)
	at Array.map (<anonymous>)
	at Object.asDocumentSymbols (/home/darkof/.vscode/extensions/bmewburn.vscode-intelephense-client-1.2.2/lib/extension.js:1:181286)
	at module.exports.registerLanguageProvider.t.sendRequest.then.e (/home/darkof/.vscode/extensions/bmewburn.vscode-intelephense-client-1.2.2/lib/extension.js:1:39665)
[2019-08-30 09:59:49.925] [exthost] [error] [felixfbecker.php-intellisense] provider FAILED
[2019-08-30 09:59:49.926] [exthost] [error] Error: name must not be falsy
	at Function.validate (/usr/share/code/resources/app/out/vs/workbench/services/extensions/node/extensionHostProcess.js:346:965)
	at new C (/usr/share/code/resources/app/out/vs/workbench/services/extensions/node/extensionHostProcess.js:346:914)
	at new C (/usr/share/code/resources/app/out/vs/workbench/services/extensions/node/extensionHostProcess.js:335:813)
	at asSymbolInformation (/home/darkof/.vscode/extensions/felixfbecker.php-intellisense-2.3.10/node_modules/vscode-languageclient/lib/protocolConverter.js:347:22)
	at values.map.information (/home/darkof/.vscode/extensions/felixfbecker.php-intellisense-2.3.10/node_modules/vscode-languageclient/lib/protocolConverter.js:336:42)
	at Array.map (<anonymous>)
	at Object.asSymbolInformations (/home/darkof/.vscode/extensions/felixfbecker.php-intellisense-2.3.10/node_modules/vscode-languageclient/lib/protocolConverter.js:336:23)
	at registerLanguageProvider.client.sendRequest.then (/home/darkof/.vscode/extensions/felixfbecker.php-intellisense-2.3.10/node_modules/vscode-languageclient/lib/client.js:1002:62)
[2019-08-30 10:01:01.912] [exthost] [error] [bmewburn.vscode-intelephense-client] provider FAILED
[2019-08-30 10:01:01.912] [exthost] [error] TypeError: Cannot read property 'name' of null
	at F (/home/darkof/.vscode/extensions/bmewburn.vscode-intelephense-client-1.2.2/lib/extension.js:1:177141)
	at F (/home/darkof/.vscode/extensions/bmewburn.vscode-intelephense-client-1.2.2/lib/extension.js:1:177286)
	at Array.map (<anonymous>)
	at Object.asDocumentSymbols (/home/darkof/.vscode/extensions/bmewburn.vscode-intelephense-client-1.2.2/lib/extension.js:1:181286)
	at module.exports.registerLanguageProvider.t.sendRequest.then.e (/home/darkof/.vscode/extensions/bmewburn.vscode-intelephense-client-1.2.2/lib/extension.js:1:39665)
[2019-08-30 10:01:03.953] [exthost] [error] [felixfbecker.php-intellisense] provider FAILED
[2019-08-30 10:01:03.953] [exthost] [error] Error: name must not be falsy
	at Function.validate (/usr/share/code/resources/app/out/vs/workbench/services/extensions/node/extensionHostProcess.js:346:965)
	at new C (/usr/share/code/resources/app/out/vs/workbench/services/extensions/node/extensionHostProcess.js:346:914)
	at new C (/usr/share/code/resources/app/out/vs/workbench/services/extensions/node/extensionHostProcess.js:335:813)
	at asSymbolInformation (/home/darkof/.vscode/extensions/felixfbecker.php-intellisense-2.3.10/node_modules/vscode-languageclient/lib/protocolConverter.js:347:22)
	at values.map.information (/home/darkof/.vscode/extensions/felixfbecker.php-intellisense-2.3.10/node_modules/vscode-languageclient/lib/protocolConverter.js:336:42)
	at Array.map (<anonymous>)
	at Object.asSymbolInformations (/home/darkof/.vscode/extensions/felixfbecker.php-intellisense-2.3.10/node_modules/vscode-languageclient/lib/protocolConverter.js:336:23)
	at registerLanguageProvider.client.sendRequest.then (/home/darkof/.vscode/extensions/felixfbecker.php-intellisense-2.3.10/node_modules/vscode-languageclient/lib/client.js:1002:62)
[2019-08-30 10:01:04.679] [exthost] [error] [felixfbecker.php-intellisense] provider FAILED
[2019-08-30 10:01:04.679] [exthost] [error] Error: name must not be falsy
	at Function.validate (/usr/share/code/resources/app/out/vs/workbench/services/extensions/node/extensionHostProcess.js:346:965)
	at new C (/usr/share/code/resources/app/out/vs/workbench/services/extensions/node/extensionHostProcess.js:346:914)
	at new C (/usr/share/code/resources/app/out/vs/workbench/services/extensions/node/extensionHostProcess.js:335:813)
	at asSymbolInformation (/home/darkof/.vscode/extensions/felixfbecker.php-intellisense-2.3.10/node_modules/vscode-languageclient/lib/protocolConverter.js:347:22)
	at values.map.information (/home/darkof/.vscode/extensions/felixfbecker.php-intellisense-2.3.10/node_modules/vscode-languageclient/lib/protocolConverter.js:336:42)
	at Array.map (<anonymous>)
	at Object.asSymbolInformations (/home/darkof/.vscode/extensions/felixfbecker.php-intellisense-2.3.10/node_modules/vscode-languageclient/lib/protocolConverter.js:336:23)
	at registerLanguageProvider.client.sendRequest.then (/home/darkof/.vscode/extensions/felixfbecker.php-intellisense-2.3.10/node_modules/vscode-languageclient/lib/client.js:1002:62)
