Initializing document watcher...
Detected change in configuration: {}
terakhir_cms/app/Http/Controllers/PostsController_old.php: {"insertSpaces":true,"tabSize":4}
terakhir_cms/app/Http/Controllers/PostsController.php: {"insertSpaces":true,"tabSize":4}
terakhir_cms/app/Http/Controllers/PostsController.php: Using EditorConfig core...
app/Http/Controllers/PostsController.php: setEndOfLine(LF)
app/Http/Controllers/PostsController.php: editor.action.trimTrailingWhitespace
terakhir_cms/app/Http/Controllers/PostsController.php: {"insertSpaces":true,"tabSize":4}
terakhir_cms/app/Http/Controllers/PostsController.php: Using EditorConfig core...
app/Http/Controllers/PostsController.php: setEndOfLine(LF)
app/Http/Controllers/PostsController.php: editor.action.trimTrailingWhitespace
terakhir_cms/app/Http/Controllers/PostsController.php: Using EditorConfig core...
app/Http/Controllers/PostsController.php: setEndOfLine(LF)
app/Http/Controllers/PostsController.php: editor.action.trimTrailingWhitespace
terakhir_cms/app/Http/Controllers/PostsController.php: {"insertSpaces":true,"tabSize":4}
terakhir_cms/app/Http/Controllers/PostsController.php: Using EditorConfig core...
app/Http/Controllers/PostsController.php: setEndOfLine(LF)
app/Http/Controllers/PostsController.php: editor.action.trimTrailingWhitespace
terakhir_cms/app/Http/Controllers/PostsController.php: Using EditorConfig core...
app/Http/Controllers/PostsController.php: setEndOfLine(LF)
app/Http/Controllers/PostsController.php: editor.action.trimTrailingWhitespace
terakhir_cms/app/Http/Controllers/PostsController.php: Using EditorConfig core...
app/Http/Controllers/PostsController.php: setEndOfLine(LF)
app/Http/Controllers/PostsController.php: editor.action.trimTrailingWhitespace
terakhir_cms/app/Http/Controllers/PostsController.php: Using EditorConfig core...
app/Http/Controllers/PostsController.php: setEndOfLine(LF)
app/Http/Controllers/PostsController.php: editor.action.trimTrailingWhitespace
terakhir_cms/app/Http/Controllers/PostsController.php: {"insertSpaces":true,"tabSize":4}
terakhir_cms/resources/views/posts/index.blade.php: {"insertSpaces":true,"tabSize":4}
terakhir_cms/resources/views/posts/index.blade.php: Using EditorConfig core...
resources/views/posts/index.blade.php: setEndOfLine(LF)
resources/views/posts/index.blade.php: editor.action.trimTrailingWhitespace
terakhir_cms/resources/views/posts/index.blade.php: Using EditorConfig core...
resources/views/posts/index.blade.php: setEndOfLine(LF)
resources/views/posts/index.blade.php: editor.action.trimTrailingWhitespace
terakhir_cms/resources/views/posts/index.blade.php: Using EditorConfig core...
resources/views/posts/index.blade.php: setEndOfLine(LF)
resources/views/posts/index.blade.php: editor.action.trimTrailingWhitespace
/var/www/html/laravel/laravel-cms-2019-master/resources/views/posts/create.blade.php: {"insertSpaces":true,"tabSize":4}
terakhir_cms/resources/views/tags_old/index.blade.php: {"insertSpaces":true,"tabSize":4}
terakhir_cms/resources/views/posts_old/index.blade.php: {"insertSpaces":true,"tabSize":4}
terakhir_cms/resources/views/posts/index.blade.php: {"insertSpaces":true,"tabSize":4}
terakhir_cms/resources/views/posts/index.blade.php: Using EditorConfig core...
resources/views/posts/index.blade.php: setEndOfLine(LF)
resources/views/posts/index.blade.php: editor.action.trimTrailingWhitespace
terakhir_cms/resources/views/posts/index.blade.php: Using EditorConfig core...
resources/views/posts/index.blade.php: setEndOfLine(LF)
resources/views/posts/index.blade.php: editor.action.trimTrailingWhitespace
terakhir_cms/resources/views/posts/index.blade.php: Using EditorConfig core...
resources/views/posts/index.blade.php: setEndOfLine(LF)
resources/views/posts/index.blade.php: editor.action.trimTrailingWhitespace
terakhir_cms/resources/views/posts/index.blade.php: Using EditorConfig core...
resources/views/posts/index.blade.php: setEndOfLine(LF)
resources/views/posts/index.blade.php: editor.action.trimTrailingWhitespace
terakhir_cms/resources/views/posts/index.blade.php: Using EditorConfig core...
resources/views/posts/index.blade.php: setEndOfLine(LF)
resources/views/posts/index.blade.php: editor.action.trimTrailingWhitespace
terakhir_cms/resources/views/posts/index.blade.php: Using EditorConfig core...
resources/views/posts/index.blade.php: setEndOfLine(LF)
resources/views/posts/index.blade.php: editor.action.trimTrailingWhitespace
terakhir_cms/resources/views/posts/index.blade.php: Using EditorConfig core...
resources/views/posts/index.blade.php: setEndOfLine(LF)
resources/views/posts/index.blade.php: editor.action.trimTrailingWhitespace
terakhir_cms/resources/views/posts/index.blade.php: {"insertSpaces":true,"tabSize":4}
terakhir_cms/app/Http/Controllers/PostsController_old.php: {"insertSpaces":true,"tabSize":4}
terakhir_cms/app/Http/Controllers/PostsController.php: {"insertSpaces":true,"tabSize":4}
terakhir_cms/app/Http/Controllers/PostsController.php: Using EditorConfig core...
app/Http/Controllers/PostsController.php: setEndOfLine(LF)
app/Http/Controllers/PostsController.php: editor.action.trimTrailingWhitespace
terakhir_cms/app/Http/Controllers/PostsController.php: Using EditorConfig core...
app/Http/Controllers/PostsController.php: setEndOfLine(LF)
app/Http/Controllers/PostsController.php: editor.action.trimTrailingWhitespace
terakhir_cms/app/Http/Controllers/PostsController.php: Using EditorConfig core...
app/Http/Controllers/PostsController.php: setEndOfLine(LF)
app/Http/Controllers/PostsController.php: editor.action.trimTrailingWhitespace
terakhir_cms/app/Http/Controllers/PostsController.php: {"insertSpaces":true,"tabSize":4}
/var/www/html/laravel/laravel-cms-2019-master/resources/views/posts/create.blade.php: {"insertSpaces":true,"tabSize":4}
/var/www/html/laravel/laravel-cms-2019-master/resources/views/posts/create.blade.php: {"insertSpaces":true,"tabSize":4}
/var/www/html/laravel/laravel-cms-2019-master/app/Http/Controllers/PostsController.php: {"insertSpaces":true,"tabSize":4}
terakhir_cms/app/Http/Controllers/PostsController.php: {"insertSpaces":true,"tabSize":4}
terakhir_cms/resources/views/layouts/app.blade.php: {"insertSpaces":true,"tabSize":4}
terakhir_cms/routes/web.php: {"insertSpaces":true,"tabSize":4}
terakhir_cms/routes/web.php: {"insertSpaces":true,"tabSize":4}
terakhir_cms/routes/web.php: {"insertSpaces":true,"tabSize":4}
terakhir_cms/resources/views/tags/index.blade.php: {"insertSpaces":true,"tabSize":4}
terakhir_cms/resources/views/tags/index.blade.php: {"insertSpaces":true,"tabSize":4}
terakhir_cms/resources/views/posts/index.blade.php: {"insertSpaces":true,"tabSize":4}
/var/www/html/laravel/laravel-cms-2019-master/resources/views/posts/create.blade.php: {"insertSpaces":true,"tabSize":4}
/var/www/html/laravel/laravel-cms-2019-master/resources/views/posts/index.blade.php: {"insertSpaces":true,"tabSize":4}
/var/www/html/laravel/laravel-cms-2019-master/resources/views/posts/index.blade.php: {"insertSpaces":true,"tabSize":4}
terakhir_cms/resources/views/posts/index.blade.php: {"insertSpaces":true,"tabSize":4}
terakhir_cms/resources/views/posts/create.blade.php: {"insertSpaces":true,"tabSize":4}
terakhir_cms/resources/views/posts/create.blade.php: Using EditorConfig core...
resources/views/posts/create.blade.php: setEndOfLine(LF)
resources/views/posts/create.blade.php: editor.action.trimTrailingWhitespace
terakhir_cms/resources/views/posts/create.blade.php: Using EditorConfig core...
resources/views/posts/create.blade.php: setEndOfLine(LF)
resources/views/posts/create.blade.php: editor.action.trimTrailingWhitespace
terakhir_cms/resources/views/posts/create.blade.php: Using EditorConfig core...
resources/views/posts/create.blade.php: setEndOfLine(LF)
resources/views/posts/create.blade.php: editor.action.trimTrailingWhitespace
terakhir_cms/resources/views/posts/create.blade.php: Using EditorConfig core...
resources/views/posts/create.blade.php: setEndOfLine(LF)
resources/views/posts/create.blade.php: editor.action.trimTrailingWhitespace
terakhir_cms/resources/views/posts/create.blade.php: {"insertSpaces":true,"tabSize":4}
terakhir_cms/resources/views/posts/create.blade.php: Using EditorConfig core...
resources/views/posts/create.blade.php: setEndOfLine(LF)
resources/views/posts/create.blade.php: editor.action.trimTrailingWhitespace
terakhir_cms/resources/views/posts/create.blade.php: Using EditorConfig core...
resources/views/posts/create.blade.php: setEndOfLine(LF)
resources/views/posts/create.blade.php: editor.action.trimTrailingWhitespace
terakhir_cms/resources/views/posts/create.blade.php: Using EditorConfig core...
resources/views/posts/create.blade.php: setEndOfLine(LF)
resources/views/posts/create.blade.php: editor.action.trimTrailingWhitespace
terakhir_cms/resources/views/posts/create.blade.php: Using EditorConfig core...
resources/views/posts/create.blade.php: setEndOfLine(LF)
resources/views/posts/create.blade.php: editor.action.trimTrailingWhitespace
terakhir_cms/resources/views/posts/create.blade.php: {"insertSpaces":true,"tabSize":4}
terakhir_cms/resources/views/posts/create.blade.php: Using EditorConfig core...
resources/views/posts/create.blade.php: setEndOfLine(LF)
resources/views/posts/create.blade.php: editor.action.trimTrailingWhitespace
terakhir_cms/resources/views/posts/create.blade.php: {"insertSpaces":true,"tabSize":4}
terakhir_cms/resources/views/posts/create.blade.php: {"insertSpaces":true,"tabSize":4}
terakhir_cms/resources/views/posts/create.blade.php: Using EditorConfig core...
resources/views/posts/create.blade.php: setEndOfLine(LF)
resources/views/posts/create.blade.php: editor.action.trimTrailingWhitespace
terakhir_cms/resources/views/posts/create.blade.php: {"insertSpaces":true,"tabSize":4}
terakhir_cms/resources/views/posts/create.blade.php: Using EditorConfig core...
resources/views/posts/create.blade.php: setEndOfLine(LF)
resources/views/posts/create.blade.php: editor.action.trimTrailingWhitespace
terakhir_cms/resources/views/posts/create.blade.php: {"insertSpaces":true,"tabSize":4}
/var/www/html/laravel/laravel-cms-2019-master/resources/views/posts/index.blade.php: {"insertSpaces":true,"tabSize":4}
terakhir_cms/resources/views/posts_old/create.blade.php: {"insertSpaces":true,"tabSize":4}
terakhir_cms/resources/views/posts/create.blade.php: {"insertSpaces":true,"tabSize":4}
terakhir_cms/resources/views/posts/create.blade.php: Using EditorConfig core...
resources/views/posts/create.blade.php: setEndOfLine(LF)
resources/views/posts/create.blade.php: editor.action.trimTrailingWhitespace
terakhir_cms/resources/views/posts/create.blade.php: {"insertSpaces":true,"tabSize":4}
terakhir_cms/resources/views/posts/create.blade.php: Using EditorConfig core...
resources/views/posts/create.blade.php: setEndOfLine(LF)
resources/views/posts/create.blade.php: editor.action.trimTrailingWhitespace
terakhir_cms/resources/views/posts/create.blade.php: {"insertSpaces":true,"tabSize":4}
terakhir_cms/resources/views/posts/create.blade.php: Using EditorConfig core...
resources/views/posts/create.blade.php: setEndOfLine(LF)
resources/views/posts/create.blade.php: editor.action.trimTrailingWhitespace
terakhir_cms/resources/views/posts/create.blade.php: {"insertSpaces":true,"tabSize":4}
terakhir_cms/resources/views/posts/create.blade.php: {"insertSpaces":true,"tabSize":4}
terakhir_cms/resources/views/posts/create(old).blade.php: {"insertSpaces":true,"tabSize":4}
terakhir_cms/resources/views/posts/create(old).blade.php: {"insertSpaces":true,"tabSize":4}
terakhir_cms/resources/views/posts/create(old).blade.php: Using EditorConfig core...
resources/views/posts/create(old).blade.php: setEndOfLine(LF)
resources/views/posts/create(old).blade.php: editor.action.trimTrailingWhitespace
terakhir_cms/resources/views/posts/create.blade.php: {"insertSpaces":true,"tabSize":4}
terakhir_cms/resources/views/posts/create.blade.php: {"insertSpaces":true,"tabSize":4}
terakhir_cms/resources/views/posts/create.blade.php: {"insertSpaces":true,"tabSize":4}
terakhir_cms/resources/views/posts/create.blade.php: {"insertSpaces":true,"tabSize":4}
terakhir_cms/app/Http/Controllers/PostsController.php: {"insertSpaces":true,"tabSize":4}
terakhir_cms/app/Http/Controllers/PostsController.php: Using EditorConfig core...
app/Http/Controllers/PostsController.php: setEndOfLine(LF)
app/Http/Controllers/PostsController.php: editor.action.trimTrailingWhitespace
terakhir_cms/app/Http/Controllers/PostsController.php: Using EditorConfig core...
app/Http/Controllers/PostsController.php: setEndOfLine(LF)
app/Http/Controllers/PostsController.php: editor.action.trimTrailingWhitespace
terakhir_cms/app/Http/Controllers/PostsController.php: {"insertSpaces":true,"tabSize":4}
terakhir_cms/app/Http/Controllers/PostsController_old.php: {"insertSpaces":true,"tabSize":4}
terakhir_cms/app/Http/Controllers/PostsController.php: {"insertSpaces":true,"tabSize":4}
terakhir_cms/app/Http/Controllers/PostsController_old.php: {"insertSpaces":true,"tabSize":4}
terakhir_cms/app/Http/Controllers/TagsController.php: {"insertSpaces":true,"tabSize":4}
terakhir_cms/app/Http/Controllers/PostsController.php: {"insertSpaces":true,"tabSize":4}
terakhir_cms/app/Http/Controllers/PostsController_old.php: {"insertSpaces":true,"tabSize":4}
terakhir_cms/app/Http/Controllers/PostsController.php: {"insertSpaces":true,"tabSize":4}
terakhir_cms/app/Http/Controllers/PostsController.php: Using EditorConfig core...
app/Http/Controllers/PostsController.php: setEndOfLine(LF)
app/Http/Controllers/PostsController.php: editor.action.trimTrailingWhitespace
terakhir_cms/app/Http/Controllers/PostsController.php: {"insertSpaces":true,"tabSize":4}
terakhir_cms/app/Http/Controllers/PostsController.php: {"insertSpaces":true,"tabSize":4}
terakhir_cms/resources/views/posts/create.blade.php: {"insertSpaces":true,"tabSize":4}
terakhir_cms/resources/views/posts/create(old).blade.php: {"insertSpaces":true,"tabSize":4}
terakhir_cms/resources/views/posts/create.blade.php: {"insertSpaces":true,"tabSize":4}
terakhir_cms/resources/views/posts/create.blade.php: Using EditorConfig core...
resources/views/posts/create.blade.php: setEndOfLine(LF)
resources/views/posts/create.blade.php: editor.action.trimTrailingWhitespace
terakhir_cms/resources/views/posts/create.blade.php: {"insertSpaces":true,"tabSize":4}
terakhir_cms/resources/views/posts/create.blade.php: Using EditorConfig core...
resources/views/posts/create.blade.php: setEndOfLine(LF)
resources/views/posts/create.blade.php: editor.action.trimTrailingWhitespace
terakhir_cms/resources/views/posts/create.blade.php: {"insertSpaces":true,"tabSize":4}
terakhir_cms/app/Http/Controllers/PostsController.php: {"insertSpaces":true,"tabSize":4}
terakhir_cms/app/Http/Controllers/PostsController.php: Using EditorConfig core...
app/Http/Controllers/PostsController.php: setEndOfLine(LF)
app/Http/Controllers/PostsController.php: editor.action.trimTrailingWhitespace
terakhir_cms/app/Http/Controllers/PostsController_old.php: {"insertSpaces":true,"tabSize":4}
terakhir_cms/app/Http/Controllers/PostsController.php: {"insertSpaces":true,"tabSize":4}
terakhir_cms/app/Http/Controllers/PostsController.php: Using EditorConfig core...
app/Http/Controllers/PostsController.php: setEndOfLine(LF)
app/Http/Controllers/PostsController.php: editor.action.trimTrailingWhitespace
terakhir_cms/app/Http/Controllers/PostsController.php: {"insertSpaces":true,"tabSize":4}
terakhir_cms/resources/views/tags/index.blade.php: {"insertSpaces":true,"tabSize":4}
terakhir_cms/resources/views/posts/index.blade.php: {"insertSpaces":true,"tabSize":4}
terakhir_cms/resources/views/posts/index.blade.php: {"insertSpaces":true,"tabSize":4}
terakhir_cms/app/Http/Controllers/PostsController_old.php: {"insertSpaces":true,"tabSize":4}
terakhir_cms/app/Http/Controllers/PostsController.php: {"insertSpaces":true,"tabSize":4}
terakhir_cms/app/Http/Controllers/PostsController_old.php: {"insertSpaces":true,"tabSize":4}
terakhir_cms/app/Http/Controllers/PostsController.php: {"insertSpaces":true,"tabSize":4}
terakhir_cms/app/Http/Controllers/PostsController.php: Using EditorConfig core...
app/Http/Controllers/PostsController.php: setEndOfLine(LF)
app/Http/Controllers/PostsController.php: editor.action.trimTrailingWhitespace
terakhir_cms/app/Http/Controllers/PostsController.php: {"insertSpaces":true,"tabSize":4}
terakhir_cms/resources/views/posts/create.blade.php: {"insertSpaces":true,"tabSize":4}
terakhir_cms/resources/views/posts/create.blade.php: Using EditorConfig core...
resources/views/posts/create.blade.php: setEndOfLine(LF)
resources/views/posts/create.blade.php: editor.action.trimTrailingWhitespace
terakhir_cms/resources/views/posts/create.blade.php: Using EditorConfig core...
resources/views/posts/create.blade.php: setEndOfLine(LF)
resources/views/posts/create.blade.php: editor.action.trimTrailingWhitespace
terakhir_cms/resources/views/posts/create.blade.php: {"insertSpaces":true,"tabSize":4}
terakhir_cms/resources/views/posts/create.blade.php: Using EditorConfig core...
resources/views/posts/create.blade.php: setEndOfLine(LF)
resources/views/posts/create.blade.php: editor.action.trimTrailingWhitespace
terakhir_cms/resources/views/posts/create.blade.php: {"insertSpaces":true,"tabSize":4}
terakhir_cms/resources/views/posts/create.blade.php: Using EditorConfig core...
resources/views/posts/create.blade.php: setEndOfLine(LF)
resources/views/posts/create.blade.php: editor.action.trimTrailingWhitespace
terakhir_cms/resources/views/posts/create.blade.php: Using EditorConfig core...
resources/views/posts/create.blade.php: setEndOfLine(LF)
resources/views/posts/create.blade.php: editor.action.trimTrailingWhitespace
terakhir_cms/resources/views/posts/create.blade.php: Using EditorConfig core...
resources/views/posts/create.blade.php: setEndOfLine(LF)
resources/views/posts/create.blade.php: editor.action.trimTrailingWhitespace
terakhir_cms/resources/views/posts/create.blade.php: {"insertSpaces":true,"tabSize":4}
terakhir_cms/resources/views/posts/create.blade.php: Using EditorConfig core...
resources/views/posts/create.blade.php: setEndOfLine(LF)
resources/views/posts/create.blade.php: editor.action.trimTrailingWhitespace
terakhir_cms/resources/views/posts/create.blade.php: {"insertSpaces":true,"tabSize":4}
terakhir_cms/resources/views/posts/create.blade.php: Using EditorConfig core...
resources/views/posts/create.blade.php: setEndOfLine(LF)
resources/views/posts/create.blade.php: editor.action.trimTrailingWhitespace
terakhir_cms/resources/views/posts/create.blade.php: Using EditorConfig core...
resources/views/posts/create.blade.php: setEndOfLine(LF)
resources/views/posts/create.blade.php: editor.action.trimTrailingWhitespace
terakhir_cms/resources/views/posts/create.blade.php: Using EditorConfig core...
resources/views/posts/create.blade.php: setEndOfLine(LF)
resources/views/posts/create.blade.php: editor.action.trimTrailingWhitespace
terakhir_cms/resources/views/posts/create.blade.php: Using EditorConfig core...
resources/views/posts/create.blade.php: setEndOfLine(LF)
resources/views/posts/create.blade.php: editor.action.trimTrailingWhitespace
terakhir_cms/resources/views/posts/create.blade.php: {"insertSpaces":true,"tabSize":4}
terakhir_cms/resources/views/posts/create.blade.php: Using EditorConfig core...
resources/views/posts/create.blade.php: setEndOfLine(LF)
resources/views/posts/create.blade.php: editor.action.trimTrailingWhitespace
terakhir_cms/resources/views/posts/create.blade.php: Using EditorConfig core...
resources/views/posts/create.blade.php: setEndOfLine(LF)
resources/views/posts/create.blade.php: editor.action.trimTrailingWhitespace
terakhir_cms/resources/views/posts/create.blade.php: {"insertSpaces":true,"tabSize":4}
terakhir_cms/resources/views/posts/create.blade.php: Using EditorConfig core...
resources/views/posts/create.blade.php: setEndOfLine(LF)
resources/views/posts/create.blade.php: editor.action.trimTrailingWhitespace
terakhir_cms/resources/views/posts/create.blade.php: Using EditorConfig core...
resources/views/posts/create.blade.php: setEndOfLine(LF)
resources/views/posts/create.blade.php: editor.action.trimTrailingWhitespace
terakhir_cms/resources/views/posts/create.blade.php: Using EditorConfig core...
resources/views/posts/create.blade.php: setEndOfLine(LF)
resources/views/posts/create.blade.php: editor.action.trimTrailingWhitespace
terakhir_cms/resources/views/posts/create.blade.php: Using EditorConfig core...
resources/views/posts/create.blade.php: setEndOfLine(LF)
resources/views/posts/create.blade.php: editor.action.trimTrailingWhitespace
terakhir_cms/resources/views/posts/create.blade.php: {"insertSpaces":true,"tabSize":4}
terakhir_cms/resources/views/posts/create.blade.php: {"insertSpaces":true,"tabSize":4}
terakhir_cms/resources/views/posts/index.blade.php: {"insertSpaces":true,"tabSize":4}
terakhir_cms/resources/views/posts_old/create.blade.php: {"insertSpaces":true,"tabSize":4}
terakhir_cms/resources/views/posts_old/index.blade.php: {"insertSpaces":true,"tabSize":4}
terakhir_cms/app/Posts.php: {"insertSpaces":true,"tabSize":4}
terakhir_cms/app/Http/Controllers/PostsController_old.php: {"insertSpaces":true,"tabSize":4}
terakhir_cms/app/Http/Controllers/PostsController.php: {"insertSpaces":true,"tabSize":4}
terakhir_cms/app/Http/Controllers/PostsController.php: {"insertSpaces":true,"tabSize":4}
terakhir_cms/app/Http/Controllers/PostsController.php: {"insertSpaces":true,"tabSize":4}
terakhir_cms/app/Http/Controllers/PostsController.php: Using EditorConfig core...
app/Http/Controllers/PostsController.php: setEndOfLine(LF)
app/Http/Controllers/PostsController.php: editor.action.trimTrailingWhitespace
terakhir_cms/app/Http/Controllers/PostsController.php: Using EditorConfig core...
app/Http/Controllers/PostsController.php: setEndOfLine(LF)
app/Http/Controllers/PostsController.php: editor.action.trimTrailingWhitespace
terakhir_cms/app/Http/Controllers/PostsController.php: Using EditorConfig core...
app/Http/Controllers/PostsController.php: setEndOfLine(LF)
app/Http/Controllers/PostsController.php: editor.action.trimTrailingWhitespace
terakhir_cms/app/Http/Controllers/PostsController.php: Using EditorConfig core...
app/Http/Controllers/PostsController.php: setEndOfLine(LF)
app/Http/Controllers/PostsController.php: editor.action.trimTrailingWhitespace
terakhir_cms/app/Http/Controllers/PostsController.php: Using EditorConfig core...
app/Http/Controllers/PostsController.php: setEndOfLine(LF)
app/Http/Controllers/PostsController.php: editor.action.trimTrailingWhitespace
terakhir_cms/app/Http/Controllers/PostsController.php: Using EditorConfig core...
app/Http/Controllers/PostsController.php: setEndOfLine(LF)
app/Http/Controllers/PostsController.php: editor.action.trimTrailingWhitespace
terakhir_cms/app/Http/Controllers/PostsController.php: Using EditorConfig core...
app/Http/Controllers/PostsController.php: setEndOfLine(LF)
app/Http/Controllers/PostsController.php: editor.action.trimTrailingWhitespace
terakhir_cms/app/Http/Controllers/PostsController.php: Using EditorConfig core...
app/Http/Controllers/PostsController.php: setEndOfLine(LF)
app/Http/Controllers/PostsController.php: editor.action.trimTrailingWhitespace
terakhir_cms/app/Http/Controllers/PostsController.php: Using EditorConfig core...
app/Http/Controllers/PostsController.php: setEndOfLine(LF)
app/Http/Controllers/PostsController.php: editor.action.trimTrailingWhitespace
terakhir_cms/app/Http/Controllers/PostsController.php: Using EditorConfig core...
app/Http/Controllers/PostsController.php: setEndOfLine(LF)
app/Http/Controllers/PostsController.php: editor.action.trimTrailingWhitespace
terakhir_cms/app/Http/Controllers/PostsController.php: {"insertSpaces":true,"tabSize":4}
/var/www/html/laravel/laravel-cms-2019-master/resources/views/posts/create.blade.php: {"insertSpaces":true,"tabSize":4}
terakhir_cms/app/Http/Controllers/PostsController_old.php: {"insertSpaces":true,"tabSize":4}
terakhir_cms/app/Http/Controllers/PostsController.php: {"insertSpaces":true,"tabSize":4}
terakhir_cms/app/Http/Controllers/PostsController.php: Using EditorConfig core...
app/Http/Controllers/PostsController.php: setEndOfLine(LF)
app/Http/Controllers/PostsController.php: editor.action.trimTrailingWhitespace
terakhir_cms/app/Http/Controllers/PostsController.php: {"insertSpaces":true,"tabSize":4}
terakhir_cms/resources/views/posts/index.blade.php: {"insertSpaces":true,"tabSize":4}
terakhir_cms/resources/views/posts/index.blade.php: {"insertSpaces":true,"tabSize":4}
terakhir_cms/resources/views/posts/index.blade.php: {"insertSpaces":true,"tabSize":4}
terakhir_cms/resources/views/posts/index.blade.php: {"insertSpaces":true,"tabSize":4}
terakhir_cms/database/migrations/2019_08_30_025722_create_post_tag_table.php: {"insertSpaces":true,"tabSize":4}
terakhir_cms/database/migrations/2019_08_30_025722_create_post_tag_table.php: Using EditorConfig core...
database/migrations/2019_08_30_025722_create_post_tag_table.php: setEndOfLine(LF)
database/migrations/2019_08_30_025722_create_post_tag_table.php: editor.action.trimTrailingWhitespace
terakhir_cms/database/migrations/2019_08_30_025722_create_post_tag_table.php: Using EditorConfig core...
database/migrations/2019_08_30_025722_create_post_tag_table.php: setEndOfLine(LF)
database/migrations/2019_08_30_025722_create_post_tag_table.php: editor.action.trimTrailingWhitespace
terakhir_cms/database/migrations/2019_08_30_025722_create_post_tag_table.php: Using EditorConfig core...
database/migrations/2019_08_30_025722_create_post_tag_table.php: setEndOfLine(LF)
database/migrations/2019_08_30_025722_create_post_tag_table.php: editor.action.trimTrailingWhitespace
terakhir_cms/database/migrations/2019_08_30_025722_create_post_tag_table.php: Using EditorConfig core...
database/migrations/2019_08_30_025722_create_post_tag_table.php: setEndOfLine(LF)
database/migrations/2019_08_30_025722_create_post_tag_table.php: editor.action.trimTrailingWhitespace
terakhir_cms/database/migrations/2019_08_30_025722_create_post_tag_table.php: Using EditorConfig core...
database/migrations/2019_08_30_025722_create_post_tag_table.php: setEndOfLine(LF)
database/migrations/2019_08_30_025722_create_post_tag_table.php: editor.action.trimTrailingWhitespace
terakhir_cms/database/migrations/2019_08_30_025722_create_post_tag_table.php: {"insertSpaces":true,"tabSize":4}
terakhir_cms/database/migrations/2019_08_30_025722_create_post_tag_table.php: {"insertSpaces":true,"tabSize":4}
