Initializing document watcher...
Detected change in configuration: {}
terakhir_cms/resources/views/tags/create.blade.php: {"insertSpaces":true,"tabSize":4}
terakhir_cms/resources/views/tags/create.blade.php: Using EditorConfig core...
resources/views/tags/create.blade.php: setEndOfLine(LF)
resources/views/tags/create.blade.php: editor.action.trimTrailingWhitespace
terakhir_cms/resources/views/tags/create.blade.php: {"insertSpaces":true,"tabSize":4}
terakhir_cms/resources/views/tags/create.blade.php: {"insertSpaces":true,"tabSize":4}
terakhir_cms/resources/views/posts/create.blade.php: {"insertSpaces":true,"tabSize":4}
terakhir_cms/resources/views/posts/create.blade.php: {"insertSpaces":true,"tabSize":4}
terakhir_cms/resources/views/posts/create.blade.php: Using EditorConfig core...
resources/views/posts/create.blade.php: setEndOfLine(LF)
resources/views/posts/create.blade.php: editor.action.trimTrailingWhitespace
terakhir_cms/resources/views/posts/create.blade.php: Using EditorConfig core...
resources/views/posts/create.blade.php: setEndOfLine(LF)
resources/views/posts/create.blade.php: editor.action.trimTrailingWhitespace
terakhir_cms/resources/views/posts/create.blade.php: Using EditorConfig core...
resources/views/posts/create.blade.php: setEndOfLine(LF)
resources/views/posts/create.blade.php: editor.action.trimTrailingWhitespace
terakhir_cms/resources/views/posts/create.blade.php: {"insertSpaces":true,"tabSize":4}
terakhir_cms/app/Http/Controllers/PostsController.php: {"insertSpaces":true,"tabSize":4}
terakhir_cms/app/Http/Controllers/TagsController.php: {"insertSpaces":true,"tabSize":4}
terakhir_cms/resources/views/categories/index.blade.php: {"insertSpaces":true,"tabSize":4}
terakhir_cms/resources/views/layouts/app.blade.php: {"insertSpaces":true,"tabSize":4}
terakhir_cms/resources/views/tags/index.blade.php: {"insertSpaces":true,"tabSize":4}
terakhir_cms/resources/views/tags/index.blade.php: {"insertSpaces":true,"tabSize":4}
terakhir_cms/resources/views/categories/index.blade.php: {"insertSpaces":true,"tabSize":4}
terakhir_cms/resources/views/tags/index.blade.php: {"insertSpaces":true,"tabSize":4}
terakhir_cms/resources/views/tags/index.blade.php: Using EditorConfig core...
resources/views/tags/index.blade.php: setEndOfLine(LF)
resources/views/tags/index.blade.php: editor.action.trimTrailingWhitespace
terakhir_cms/resources/views/tags/index.blade.php: Using EditorConfig core...
resources/views/tags/index.blade.php: setEndOfLine(LF)
resources/views/tags/index.blade.php: editor.action.trimTrailingWhitespace
terakhir_cms/app/Category.php: {"insertSpaces":true,"tabSize":4}
terakhir_cms/app/Http/Controllers/CategoryController.php: {"insertSpaces":true,"tabSize":4}
terakhir_cms/resources/views/categories/index.blade.php: {"insertSpaces":true,"tabSize":4}
terakhir_cms/app/Http/Controllers/CategoryController.php: {"insertSpaces":true,"tabSize":4}
terakhir_cms/app/Http/Controllers/TagsController.php: {"insertSpaces":true,"tabSize":4}
terakhir_cms/app/Http/Controllers/TagsController.php: {"insertSpaces":true,"tabSize":4}
terakhir_cms/app/Http/Controllers/TagsController.php: {"insertSpaces":true,"tabSize":4}
terakhir_cms/resources/views/tags/index.blade.php: {"insertSpaces":true,"tabSize":4}
terakhir_cms/app/Http/Controllers/TagsController.php: {"insertSpaces":true,"tabSize":4}
terakhir_cms/app/Http/Controllers/TagsController.php: {"insertSpaces":true,"tabSize":4}
terakhir_cms/app/Http/Controllers/CategoryController.php: {"insertSpaces":true,"tabSize":4}
terakhir_cms/app/Http/Requests/Tags/UpdateTagsRequest.php: {"insertSpaces":true,"tabSize":4}
terakhir_cms/app/Http/Requests/Tags/UpdateTagsRequest.php: Using EditorConfig core...
app/Http/Requests/Tags/UpdateTagsRequest.php: setEndOfLine(LF)
app/Http/Requests/Tags/UpdateTagsRequest.php: editor.action.trimTrailingWhitespace
terakhir_cms/app/Http/Requests/Tags/CreateTagsRequest.php: {"insertSpaces":true,"tabSize":4}
terakhir_cms/app/Http/Requests/Tags/UpdateTagsRequest.php: {"insertSpaces":true,"tabSize":4}
terakhir_cms/app/Http/Requests/Categories/UpdateCategoryRequest.php: {"insertSpaces":true,"tabSize":4}
terakhir_cms/app/Http/Requests/Tags/UpdateTagsRequest.php: {"insertSpaces":true,"tabSize":4}
terakhir_cms/app/Http/Requests/Tags/UpdateTagsRequest.php: Using EditorConfig core...
app/Http/Requests/Tags/UpdateTagsRequest.php: setEndOfLine(LF)
app/Http/Requests/Tags/UpdateTagsRequest.php: editor.action.trimTrailingWhitespace
terakhir_cms/app/Http/Requests/Tags/UpdateTagsRequest.php: {"insertSpaces":true,"tabSize":4}
terakhir_cms/app/Http/Requests/Tags/UpdateTagsRequest.php: {"insertSpaces":true,"tabSize":4}
terakhir_cms/app/Http/Requests/Tags/UpdateTagsRequest.php: {"insertSpaces":true,"tabSize":4}
terakhir_cms/app/Http/Requests/Tags/UpdateTagsRequest.php: {"insertSpaces":true,"tabSize":4}
terakhir_cms/app/Http/Requests/Tags/UpdateTagsRequest.php: {"insertSpaces":true,"tabSize":4}
terakhir_cms/app/Http/Requests/Tags/UpdateTagsRequest.php: {"insertSpaces":true,"tabSize":4}
terakhir_cms/resources/views/categories/index.blade.php: {"insertSpaces":true,"tabSize":4}
terakhir_cms/resources/views/categories/create.blade.php: {"insertSpaces":true,"tabSize":4}
terakhir_cms/resources/views/categories/create.blade.php: Using EditorConfig core...
resources/views/categories/create.blade.php: setEndOfLine(LF)
resources/views/categories/create.blade.php: editor.action.trimTrailingWhitespace
terakhir_cms/resources/views/categories/create.blade.php: {"insertSpaces":true,"tabSize":4}
terakhir_cms/app/Http/Requests/Categories/UpdateCategoryRequest.php: {"insertSpaces":true,"tabSize":4}
terakhir_cms/app/Http/Controllers/PostsController.php: {"insertSpaces":true,"tabSize":4}
terakhir_cms/app/Http/Controllers/CategoryController.php: {"insertSpaces":true,"tabSize":4}
terakhir_cms/app/Http/Controllers/CategoryController.php: Using EditorConfig core...
app/Http/Controllers/CategoryController.php: setEndOfLine(LF)
app/Http/Controllers/CategoryController.php: editor.action.trimTrailingWhitespace
terakhir_cms/app/Http/Controllers/CategoryController.php: {"insertSpaces":true,"tabSize":4}
terakhir_cms/app/Http/Controllers/CategoryController.php: Using EditorConfig core...
app/Http/Controllers/CategoryController.php: setEndOfLine(LF)
app/Http/Controllers/CategoryController.php: editor.action.trimTrailingWhitespace
terakhir_cms/app/Http/Controllers/CategoryController.php: {"insertSpaces":true,"tabSize":4}
terakhir_cms/resources/views/tags/create.blade.php: {"insertSpaces":true,"tabSize":4}
terakhir_cms/resources/views/tags/create.blade.php: Using EditorConfig core...
resources/views/tags/create.blade.php: setEndOfLine(LF)
resources/views/tags/create.blade.php: editor.action.trimTrailingWhitespace
terakhir_cms/resources/views/tags/create.blade.php: Using EditorConfig core...
resources/views/tags/create.blade.php: setEndOfLine(LF)
resources/views/tags/create.blade.php: editor.action.trimTrailingWhitespace
terakhir_cms/resources/views/tags/create.blade.php: Using EditorConfig core...
resources/views/tags/create.blade.php: setEndOfLine(LF)
resources/views/tags/create.blade.php: editor.action.trimTrailingWhitespace
terakhir_cms/resources/views/tags/create.blade.php: Using EditorConfig core...
resources/views/tags/create.blade.php: setEndOfLine(LF)
resources/views/tags/create.blade.php: editor.action.trimTrailingWhitespace
terakhir_cms/resources/views/tags/create.blade.php: Using EditorConfig core...
resources/views/tags/create.blade.php: setEndOfLine(LF)
resources/views/tags/create.blade.php: editor.action.trimTrailingWhitespace
terakhir_cms/resources/views/tags/create.blade.php: {"insertSpaces":true,"tabSize":4}
terakhir_cms/resources/views/tags/create.blade.php: {"insertSpaces":true,"tabSize":4}
terakhir_cms/resources/views/tags/create.blade.php: Using EditorConfig core...
resources/views/tags/create.blade.php: setEndOfLine(LF)
resources/views/tags/create.blade.php: editor.action.trimTrailingWhitespace
terakhir_cms/resources/views/tags/create.blade.php: Using EditorConfig core...
resources/views/tags/create.blade.php: setEndOfLine(LF)
resources/views/tags/create.blade.php: editor.action.trimTrailingWhitespace
terakhir_cms/resources/views/tags/create.blade.php: {"insertSpaces":true,"tabSize":4}
terakhir_cms/resources/views/tags/create.blade.php: Using EditorConfig core...
resources/views/tags/create.blade.php: setEndOfLine(LF)
resources/views/tags/create.blade.php: editor.action.trimTrailingWhitespace
terakhir_cms/resources/views/tags/create.blade.php: Using EditorConfig core...
resources/views/tags/create.blade.php: setEndOfLine(LF)
resources/views/tags/create.blade.php: editor.action.trimTrailingWhitespace
terakhir_cms/resources/views/tags/create.blade.php: {"insertSpaces":true,"tabSize":4}
terakhir_cms/resources/views/tags/create.blade.php: Using EditorConfig core...
resources/views/tags/create.blade.php: setEndOfLine(LF)
resources/views/tags/create.blade.php: editor.action.trimTrailingWhitespace
terakhir_cms/resources/views/tags/create.blade.php: {"insertSpaces":true,"tabSize":4}
terakhir_cms/resources/views/tags/create.blade.php: Using EditorConfig core...
resources/views/tags/create.blade.php: setEndOfLine(LF)
resources/views/tags/create.blade.php: editor.action.trimTrailingWhitespace
terakhir_cms/resources/views/tags/create.blade.php: {"insertSpaces":true,"tabSize":4}
terakhir_cms/resources/views/tags/create.blade.php: Using EditorConfig core...
resources/views/tags/create.blade.php: setEndOfLine(LF)
resources/views/tags/create.blade.php: editor.action.trimTrailingWhitespace
terakhir_cms/resources/views/tags/create.blade.php: Using EditorConfig core...
resources/views/tags/create.blade.php: setEndOfLine(LF)
resources/views/tags/create.blade.php: editor.action.trimTrailingWhitespace
terakhir_cms/resources/views/tags/create.blade.php: {"insertSpaces":true,"tabSize":4}
terakhir_cms/app/Http/Controllers/CategoryController.php: {"insertSpaces":true,"tabSize":4}
terakhir_cms/app/Http/Controllers/CategoryController.php: {"insertSpaces":true,"tabSize":4}
terakhir_cms/resources/views/categories/index.blade.php: {"insertSpaces":true,"tabSize":4}
terakhir_cms/resources/views/categories/index.blade.php: {"insertSpaces":true,"tabSize":4}
terakhir_cms/resources/views/tags/index.blade.php: {"insertSpaces":true,"tabSize":4}
terakhir_cms/resources/views/tags/index.blade.php: Using EditorConfig core...
resources/views/tags/index.blade.php: setEndOfLine(LF)
resources/views/tags/index.blade.php: editor.action.trimTrailingWhitespace
terakhir_cms/resources/views/tags/index.blade.php: Using EditorConfig core...
resources/views/tags/index.blade.php: setEndOfLine(LF)
resources/views/tags/index.blade.php: editor.action.trimTrailingWhitespace
terakhir_cms/resources/views/tags/index.blade.php: Using EditorConfig core...
resources/views/tags/index.blade.php: setEndOfLine(LF)
resources/views/tags/index.blade.php: editor.action.trimTrailingWhitespace
terakhir_cms/resources/views/tags/index.blade.php: Using EditorConfig core...
resources/views/tags/index.blade.php: setEndOfLine(LF)
resources/views/tags/index.blade.php: editor.action.trimTrailingWhitespace
terakhir_cms/resources/views/tags/index.blade.php: Using EditorConfig core...
resources/views/tags/index.blade.php: setEndOfLine(LF)
resources/views/tags/index.blade.php: editor.action.trimTrailingWhitespace
terakhir_cms/resources/views/tags/index.blade.php: {"insertSpaces":true,"tabSize":4}
terakhir_cms/resources/views/tags/index.blade.php: {"insertSpaces":true,"tabSize":4}
terakhir_cms/resources/views/layouts/app.blade.php: {"insertSpaces":true,"tabSize":4}
terakhir_cms/resources/views/tags/create.blade.php: {"insertSpaces":true,"tabSize":4}
terakhir_cms/resources/views/tags/index.blade.php: {"insertSpaces":true,"tabSize":4}
terakhir_cms/resources/views/categories/create.blade.php: {"insertSpaces":true,"tabSize":4}
terakhir_cms/resources/views/tags/create.blade.php: {"insertSpaces":true,"tabSize":4}
terakhir_cms/resources/views/tags/create.blade.php: Using EditorConfig core...
resources/views/tags/create.blade.php: setEndOfLine(LF)
resources/views/tags/create.blade.php: editor.action.trimTrailingWhitespace
terakhir_cms/resources/views/categories/create.blade.php: {"insertSpaces":true,"tabSize":4}
terakhir_cms/resources/views/tags/create.blade.php: {"insertSpaces":true,"tabSize":4}
terakhir_cms/resources/views/tags/create.blade.php: {"insertSpaces":true,"tabSize":4}
terakhir_cms/resources/views/tags/create.blade.php: Using EditorConfig core...
resources/views/tags/create.blade.php: setEndOfLine(LF)
resources/views/tags/create.blade.php: editor.action.trimTrailingWhitespace
terakhir_cms/app/Http/Controllers/TagsController.php: {"insertSpaces":true,"tabSize":4}
terakhir_cms/app/Http/Controllers/TagsController.php: {"insertSpaces":true,"tabSize":4}
terakhir_cms/resources/views/tags/create.blade.php: {"insertSpaces":true,"tabSize":4}
terakhir_cms/resources/views/tags/create.blade.php: Using EditorConfig core...
resources/views/tags/create.blade.php: setEndOfLine(LF)
resources/views/tags/create.blade.php: editor.action.trimTrailingWhitespace
terakhir_cms/resources/views/tags/create.blade.php: {"insertSpaces":true,"tabSize":4}
terakhir_cms/resources/views/tags/index.blade.php: {"insertSpaces":true,"tabSize":4}
terakhir_cms/resources/views/tags/index.blade.php: {"insertSpaces":true,"tabSize":4}
terakhir_cms/app/Http/Controllers/TagsController.php: {"insertSpaces":true,"tabSize":4}
terakhir_cms/resources/views/categories/create.blade.php: {"insertSpaces":true,"tabSize":4}
/var/www/html/laravel/laravel-cms-2019-master/app/Http/Controllers/TagsController.php: {"insertSpaces":true,"tabSize":4}
/var/www/html/laravel/laravel-cms-2019-master/app/Http/Controllers/TagsController.php: {"insertSpaces":true,"tabSize":4}
terakhir_cms/app/Http/Controllers/TagsController.php: {"insertSpaces":true,"tabSize":4}
terakhir_cms/app/Http/Controllers/TagsController.php: Using EditorConfig core...
app/Http/Controllers/TagsController.php: setEndOfLine(LF)
app/Http/Controllers/TagsController.php: editor.action.trimTrailingWhitespace
terakhir_cms/app/Http/Controllers/TagsController.php: Using EditorConfig core...
app/Http/Controllers/TagsController.php: setEndOfLine(LF)
app/Http/Controllers/TagsController.php: editor.action.trimTrailingWhitespace
terakhir_cms/app/Http/Controllers/TagsController.php: Using EditorConfig core...
app/Http/Controllers/TagsController.php: setEndOfLine(LF)
app/Http/Controllers/TagsController.php: editor.action.trimTrailingWhitespace
terakhir_cms/app/Http/Controllers/TagsController.php: Using EditorConfig core...
app/Http/Controllers/TagsController.php: setEndOfLine(LF)
app/Http/Controllers/TagsController.php: editor.action.trimTrailingWhitespace
terakhir_cms/app/Http/Controllers/TagsController.php: Using EditorConfig core...
app/Http/Controllers/TagsController.php: setEndOfLine(LF)
app/Http/Controllers/TagsController.php: editor.action.trimTrailingWhitespace
terakhir_cms/app/Http/Controllers/TagsController.php: Using EditorConfig core...
app/Http/Controllers/TagsController.php: setEndOfLine(LF)
app/Http/Controllers/TagsController.php: editor.action.trimTrailingWhitespace
terakhir_cms/app/Http/Controllers/TagsController.php: Using EditorConfig core...
app/Http/Controllers/TagsController.php: setEndOfLine(LF)
app/Http/Controllers/TagsController.php: editor.action.trimTrailingWhitespace
terakhir_cms/app/Http/Controllers/TagsController.php: Using EditorConfig core...
app/Http/Controllers/TagsController.php: setEndOfLine(LF)
app/Http/Controllers/TagsController.php: editor.action.trimTrailingWhitespace
terakhir_cms/app/Http/Controllers/TagsController.php: {"insertSpaces":true,"tabSize":4}
terakhir_cms/app/Http/Controllers/TagsController.php: Using EditorConfig core...
app/Http/Controllers/TagsController.php: setEndOfLine(LF)
app/Http/Controllers/TagsController.php: editor.action.trimTrailingWhitespace
terakhir_cms/app/Http/Controllers/TagsController.php: Using EditorConfig core...
app/Http/Controllers/TagsController.php: setEndOfLine(LF)
app/Http/Controllers/TagsController.php: editor.action.trimTrailingWhitespace
terakhir_cms/app/Http/Controllers/TagsController.php: {"insertSpaces":true,"tabSize":4}
terakhir_cms/resources/views/categories/index.blade.php: {"insertSpaces":true,"tabSize":4}
terakhir_cms/resources/views/tags/index.blade.php: {"insertSpaces":true,"tabSize":4}
terakhir_cms/resources/views/tags/index.blade.php: {"insertSpaces":true,"tabSize":4}
terakhir_cms/resources/views/tags/index.blade.php: {"insertSpaces":true,"tabSize":4}
terakhir_cms/resources/views/tags/index.blade.php: {"insertSpaces":true,"tabSize":4}
terakhir_cms/resources/views/tags/index.blade.php: Using EditorConfig core...
resources/views/tags/index.blade.php: setEndOfLine(LF)
resources/views/tags/index.blade.php: editor.action.trimTrailingWhitespace
terakhir_cms/resources/views/tags/index.blade.php: {"insertSpaces":true,"tabSize":4}
terakhir_cms/resources/views/tags/index.blade.php: Using EditorConfig core...
resources/views/tags/index.blade.php: setEndOfLine(LF)
resources/views/tags/index.blade.php: editor.action.trimTrailingWhitespace
terakhir_cms/resources/views/tags/index.blade.php: {"insertSpaces":true,"tabSize":4}
terakhir_cms/resources/views/tags/index.blade.php: Using EditorConfig core...
resources/views/tags/index.blade.php: setEndOfLine(LF)
resources/views/tags/index.blade.php: editor.action.trimTrailingWhitespace
terakhir_cms/app/Http/Controllers/TagsController.php: {"insertSpaces":true,"tabSize":4}
terakhir_cms/app/Http/Controllers/TagsController.php: Using EditorConfig core...
app/Http/Controllers/TagsController.php: setEndOfLine(LF)
app/Http/Controllers/TagsController.php: editor.action.trimTrailingWhitespace
terakhir_cms/app/Http/Controllers/TagsController.php: {"insertSpaces":true,"tabSize":4}
terakhir_cms/app/Http/Controllers/TagsController.php: Using EditorConfig core...
app/Http/Controllers/TagsController.php: setEndOfLine(LF)
app/Http/Controllers/TagsController.php: editor.action.trimTrailingWhitespace
terakhir_cms/app/Http/Controllers/CategoryController.php: {"insertSpaces":true,"tabSize":4}
terakhir_cms/app/Http/Controllers/TagsController.php: {"insertSpaces":true,"tabSize":4}
terakhir_cms/app/Http/Controllers/TagsController.php: Using EditorConfig core...
app/Http/Controllers/TagsController.php: setEndOfLine(LF)
app/Http/Controllers/TagsController.php: editor.action.trimTrailingWhitespace
terakhir_cms/app/Http/Controllers/TagsController.php: Using EditorConfig core...
app/Http/Controllers/TagsController.php: setEndOfLine(LF)
app/Http/Controllers/TagsController.php: editor.action.trimTrailingWhitespace
terakhir_cms/app/Http/Controllers/TagsController.php: Using EditorConfig core...
app/Http/Controllers/TagsController.php: setEndOfLine(LF)
app/Http/Controllers/TagsController.php: editor.action.trimTrailingWhitespace
terakhir_cms/app/Http/Controllers/TagsController.php: Using EditorConfig core...
app/Http/Controllers/TagsController.php: setEndOfLine(LF)
app/Http/Controllers/TagsController.php: editor.action.trimTrailingWhitespace
terakhir_cms/app/Http/Controllers/TagsController.php: Using EditorConfig core...
app/Http/Controllers/TagsController.php: setEndOfLine(LF)
app/Http/Controllers/TagsController.php: editor.action.trimTrailingWhitespace
terakhir_cms/app/Http/Controllers/TagsController.php: Using EditorConfig core...
app/Http/Controllers/TagsController.php: setEndOfLine(LF)
app/Http/Controllers/TagsController.php: editor.action.trimTrailingWhitespace
terakhir_cms/app/Http/Controllers/TagsController.php: Using EditorConfig core...
app/Http/Controllers/TagsController.php: setEndOfLine(LF)
app/Http/Controllers/TagsController.php: editor.action.trimTrailingWhitespace
terakhir_cms/app/Http/Controllers/TagsController.php: Using EditorConfig core...
app/Http/Controllers/TagsController.php: setEndOfLine(LF)
app/Http/Controllers/TagsController.php: editor.action.trimTrailingWhitespace
terakhir_cms/app/Http/Controllers/TagsController.php: Using EditorConfig core...
app/Http/Controllers/TagsController.php: setEndOfLine(LF)
app/Http/Controllers/TagsController.php: editor.action.trimTrailingWhitespace
terakhir_cms/app/Http/Controllers/TagsController.php: Using EditorConfig core...
app/Http/Controllers/TagsController.php: setEndOfLine(LF)
app/Http/Controllers/TagsController.php: editor.action.trimTrailingWhitespace
terakhir_cms/app/Http/Controllers/TagsController.php: Using EditorConfig core...
app/Http/Controllers/TagsController.php: setEndOfLine(LF)
app/Http/Controllers/TagsController.php: editor.action.trimTrailingWhitespace
terakhir_cms/app/Http/Controllers/TagsController.php: Using EditorConfig core...
app/Http/Controllers/TagsController.php: setEndOfLine(LF)
app/Http/Controllers/TagsController.php: editor.action.trimTrailingWhitespace
terakhir_cms/app/Http/Controllers/TagsController.php: Using EditorConfig core...
app/Http/Controllers/TagsController.php: setEndOfLine(LF)
app/Http/Controllers/TagsController.php: editor.action.trimTrailingWhitespace
terakhir_cms/app/Http/Controllers/TagsController.php: Using EditorConfig core...
app/Http/Controllers/TagsController.php: setEndOfLine(LF)
app/Http/Controllers/TagsController.php: editor.action.trimTrailingWhitespace
terakhir_cms/app/Http/Controllers/TagsController.php: Using EditorConfig core...
app/Http/Controllers/TagsController.php: setEndOfLine(LF)
app/Http/Controllers/TagsController.php: editor.action.trimTrailingWhitespace
terakhir_cms/app/Http/Controllers/TagsController.php: Using EditorConfig core...
app/Http/Controllers/TagsController.php: setEndOfLine(LF)
app/Http/Controllers/TagsController.php: editor.action.trimTrailingWhitespace
terakhir_cms/app/Http/Controllers/TagsController.php: Using EditorConfig core...
app/Http/Controllers/TagsController.php: setEndOfLine(LF)
app/Http/Controllers/TagsController.php: editor.action.trimTrailingWhitespace
terakhir_cms/app/Http/Controllers/TagsController.php: Using EditorConfig core...
app/Http/Controllers/TagsController.php: setEndOfLine(LF)
app/Http/Controllers/TagsController.php: editor.action.trimTrailingWhitespace
terakhir_cms/app/Http/Controllers/TagsController.php: Using EditorConfig core...
app/Http/Controllers/TagsController.php: setEndOfLine(LF)
app/Http/Controllers/TagsController.php: editor.action.trimTrailingWhitespace
terakhir_cms/app/Http/Controllers/TagsController.php: Using EditorConfig core...
app/Http/Controllers/TagsController.php: setEndOfLine(LF)
app/Http/Controllers/TagsController.php: editor.action.trimTrailingWhitespace
terakhir_cms/app/Http/Controllers/TagsController.php: Using EditorConfig core...
app/Http/Controllers/TagsController.php: setEndOfLine(LF)
app/Http/Controllers/TagsController.php: editor.action.trimTrailingWhitespace
terakhir_cms/resources/views/tags/index.blade.php: {"insertSpaces":true,"tabSize":4}
terakhir_cms/resources/views/tags/index.blade.php: {"insertSpaces":true,"tabSize":4}
terakhir_cms/resources/views/tags/index.blade.php: Using EditorConfig core...
resources/views/tags/index.blade.php: setEndOfLine(LF)
resources/views/tags/index.blade.php: editor.action.trimTrailingWhitespace
terakhir_cms/resources/views/tags/index.blade.php: {"insertSpaces":true,"tabSize":4}
terakhir_cms/resources/views/tags/index.blade.php: Using EditorConfig core...
resources/views/tags/index.blade.php: setEndOfLine(LF)
resources/views/tags/index.blade.php: editor.action.trimTrailingWhitespace
terakhir_cms/resources/views/tags/index.blade.php: {"insertSpaces":true,"tabSize":4}
terakhir_cms/resources/views/tags/index.blade.php: Using EditorConfig core...
resources/views/tags/index.blade.php: setEndOfLine(LF)
resources/views/tags/index.blade.php: editor.action.trimTrailingWhitespace
terakhir_cms/resources/views/tags/index.blade.php: {"insertSpaces":true,"tabSize":4}
terakhir_cms/resources/views/tags/index.blade.php: Using EditorConfig core...
resources/views/tags/index.blade.php: setEndOfLine(LF)
resources/views/tags/index.blade.php: editor.action.trimTrailingWhitespace
terakhir_cms/resources/views/tags/index.blade.php: {"insertSpaces":true,"tabSize":4}
terakhir_cms/app/Http/Requests/Tags/UpdateTagsRequest.php: {"insertSpaces":true,"tabSize":4}
terakhir_cms/app/Http/Controllers/TagsController.php: {"insertSpaces":true,"tabSize":4}
terakhir_cms/app/Http/Controllers/TagsController.php: Using EditorConfig core...
app/Http/Controllers/TagsController.php: setEndOfLine(LF)
app/Http/Controllers/TagsController.php: editor.action.trimTrailingWhitespace
terakhir_cms/app/Http/Controllers/TagsController.php: Using EditorConfig core...
app/Http/Controllers/TagsController.php: setEndOfLine(LF)
app/Http/Controllers/TagsController.php: editor.action.trimTrailingWhitespace
terakhir_cms/app/Http/Controllers/TagsController.php: {"insertSpaces":true,"tabSize":4}
terakhir_cms/app/Http/Controllers/TagsController.php: Using EditorConfig core...
app/Http/Controllers/TagsController.php: setEndOfLine(LF)
app/Http/Controllers/TagsController.php: editor.action.trimTrailingWhitespace
terakhir_cms/app/Http/Controllers/TagsController.php: Using EditorConfig core...
app/Http/Controllers/TagsController.php: setEndOfLine(LF)
app/Http/Controllers/TagsController.php: editor.action.trimTrailingWhitespace
terakhir_cms/app/Http/Controllers/TagsController.php: Using EditorConfig core...
app/Http/Controllers/TagsController.php: setEndOfLine(LF)
app/Http/Controllers/TagsController.php: editor.action.trimTrailingWhitespace
terakhir_cms/app/Http/Controllers/TagsController.php: {"insertSpaces":true,"tabSize":4}
terakhir_cms/app/Http/Controllers/TagsController.php: {"insertSpaces":true,"tabSize":4}
terakhir_cms/resources/views/categories/index.blade.php: {"insertSpaces":true,"tabSize":4}
terakhir_cms/resources/views/tags/index.blade.php: {"insertSpaces":true,"tabSize":4}
terakhir_cms/resources/views/tags/create.blade.php: {"insertSpaces":true,"tabSize":4}
terakhir_cms/resources/views/tags/create.blade.php: {"insertSpaces":true,"tabSize":4}
terakhir_cms/routes/web.php: {"insertSpaces":true,"tabSize":4}
terakhir_cms/routes/web.php: {"insertSpaces":true,"tabSize":4}
terakhir_cms/app/Http/Controllers/TagsController.php: {"insertSpaces":true,"tabSize":4}
terakhir_cms/app/Http/Controllers/TagsController.php: {"insertSpaces":true,"tabSize":4}
terakhir_cms/app/Http/Controllers/TagsController.php: Using EditorConfig core...
app/Http/Controllers/TagsController.php: setEndOfLine(LF)
app/Http/Controllers/TagsController.php: editor.action.trimTrailingWhitespace
app/Http/Controllers/TagsController.php: insertFinalNewline(LF)
terakhir_cms/app/Http/Controllers/TagsController.php: {"insertSpaces":true,"tabSize":4}
terakhir_cms/app/Http/Controllers/TagsController.php: Using EditorConfig core...
app/Http/Controllers/TagsController.php: setEndOfLine(LF)
app/Http/Controllers/TagsController.php: editor.action.trimTrailingWhitespace
terakhir_cms/app/Http/Controllers/TagsController.php: {"insertSpaces":true,"tabSize":4}
terakhir_cms/app/Http/Controllers/TagsController.php: Using EditorConfig core...
app/Http/Controllers/TagsController.php: setEndOfLine(LF)
app/Http/Controllers/TagsController.php: editor.action.trimTrailingWhitespace
terakhir_cms/app/Http/Controllers/TagsController.php: {"insertSpaces":true,"tabSize":4}
terakhir_cms/resources/views/tags/index.blade.php: {"insertSpaces":true,"tabSize":4}
terakhir_cms/resources/views/tags/index.blade.php: {"insertSpaces":true,"tabSize":4}
terakhir_cms/resources/views/tags/create.blade.php: {"insertSpaces":true,"tabSize":4}
terakhir_cms/resources/views/tags/create.blade.php: Using EditorConfig core...
resources/views/tags/create.blade.php: setEndOfLine(LF)
resources/views/tags/create.blade.php: editor.action.trimTrailingWhitespace
terakhir_cms/resources/views/tags/create.blade.php: Using EditorConfig core...
resources/views/tags/create.blade.php: setEndOfLine(LF)
resources/views/tags/create.blade.php: editor.action.trimTrailingWhitespace
terakhir_cms/resources/views/tags/create.blade.php: {"insertSpaces":true,"tabSize":4}
terakhir_cms/resources/views/tags/index.blade.php: {"insertSpaces":true,"tabSize":4}
terakhir_cms/resources/views/tags/create.blade.php: {"insertSpaces":true,"tabSize":4}
terakhir_cms/resources/views/tags/create.blade.php: Using EditorConfig core...
resources/views/tags/create.blade.php: setEndOfLine(LF)
resources/views/tags/create.blade.php: editor.action.trimTrailingWhitespace
terakhir_cms/resources/views/tags/create.blade.php: {"insertSpaces":true,"tabSize":4}
terakhir_cms/resources/views/tags/create.blade.php: Using EditorConfig core...
resources/views/tags/create.blade.php: setEndOfLine(LF)
resources/views/tags/create.blade.php: editor.action.trimTrailingWhitespace
terakhir_cms/resources/views/tags/create.blade.php: {"insertSpaces":true,"tabSize":4}
terakhir_cms/resources/views/tags/create.blade.php: {"insertSpaces":true,"tabSize":4}
terakhir_cms/resources/views/tags/create.blade.php: {"insertSpaces":true,"tabSize":4}
terakhir_cms/resources/views/tags/create.blade.php: {"insertSpaces":true,"tabSize":4}
terakhir_cms/resources/views/tags_old/create.blade.php: {"insertSpaces":true,"tabSize":4}
terakhir_cms/resources/views/tags/create.blade.php: {"insertSpaces":true,"tabSize":4}
terakhir_cms/resources/views/tags/create.blade.php: Using EditorConfig core...
resources/views/tags/create.blade.php: setEndOfLine(LF)
resources/views/tags/create.blade.php: editor.action.trimTrailingWhitespace
terakhir_cms/resources/views/tags/create.blade.php: Using EditorConfig core...
resources/views/tags/create.blade.php: setEndOfLine(LF)
resources/views/tags/create.blade.php: editor.action.trimTrailingWhitespace
terakhir_cms/resources/views/tags_old/create.blade.php: {"insertSpaces":true,"tabSize":4}
terakhir_cms/resources/views/tags/create.blade.php: {"insertSpaces":true,"tabSize":4}
terakhir_cms/resources/views/tags/create.blade.php: Using EditorConfig core...
resources/views/tags/create.blade.php: setEndOfLine(LF)
resources/views/tags/create.blade.php: editor.action.trimTrailingWhitespace
terakhir_cms/resources/views/tags/create.blade.php: Using EditorConfig core...
resources/views/tags/create.blade.php: setEndOfLine(LF)
resources/views/tags/create.blade.php: editor.action.trimTrailingWhitespace
terakhir_cms/resources/views/tags/create.blade.php: Using EditorConfig core...
resources/views/tags/create.blade.php: setEndOfLine(LF)
resources/views/tags/create.blade.php: editor.action.trimTrailingWhitespace
terakhir_cms/resources/views/tags/create.blade.php: Using EditorConfig core...
resources/views/tags/create.blade.php: setEndOfLine(LF)
resources/views/tags/create.blade.php: editor.action.trimTrailingWhitespace
terakhir_cms/resources/views/tags/create.blade.php: Using EditorConfig core...
resources/views/tags/create.blade.php: setEndOfLine(LF)
resources/views/tags/create.blade.php: editor.action.trimTrailingWhitespace
terakhir_cms/resources/views/tags/create.blade.php: {"insertSpaces":true,"tabSize":4}
terakhir_cms/resources/views/tags_old/create.blade.php: {"insertSpaces":true,"tabSize":4}
terakhir_cms/resources/views/tags/create.blade.php: {"insertSpaces":true,"tabSize":4}
terakhir_cms/resources/views/tags/create.blade.php: Using EditorConfig core...
resources/views/tags/create.blade.php: setEndOfLine(LF)
resources/views/tags/create.blade.php: editor.action.trimTrailingWhitespace
terakhir_cms/resources/views/tags/create.blade.php: Using EditorConfig core...
resources/views/tags/create.blade.php: setEndOfLine(LF)
resources/views/tags/create.blade.php: editor.action.trimTrailingWhitespace
terakhir_cms/resources/views/tags/create.blade.php: Using EditorConfig core...
resources/views/tags/create.blade.php: setEndOfLine(LF)
resources/views/tags/create.blade.php: editor.action.trimTrailingWhitespace
terakhir_cms/resources/views/tags/create.blade.php: Using EditorConfig core...
resources/views/tags/create.blade.php: setEndOfLine(LF)
resources/views/tags/create.blade.php: editor.action.trimTrailingWhitespace
terakhir_cms/resources/views/tags/create.blade.php: Using EditorConfig core...
resources/views/tags/create.blade.php: setEndOfLine(LF)
resources/views/tags/create.blade.php: editor.action.trimTrailingWhitespace
terakhir_cms/resources/views/tags/create.blade.php: Using EditorConfig core...
resources/views/tags/create.blade.php: setEndOfLine(LF)
resources/views/tags/create.blade.php: editor.action.trimTrailingWhitespace
terakhir_cms/resources/views/tags/create.blade.php: {"insertSpaces":true,"tabSize":4}
terakhir_cms/resources/views/tags/index.blade.php: {"insertSpaces":true,"tabSize":4}
terakhir_cms/resources/views/tags_old/create.blade.php: {"insertSpaces":true,"tabSize":4}
terakhir_cms/resources/views/tags_old/index.blade.php: {"insertSpaces":true,"tabSize":4}
terakhir_cms/resources/views/tags/index.blade.php: {"insertSpaces":true,"tabSize":4}
terakhir_cms/resources/views/tags/index.blade.php: Using EditorConfig core...
resources/views/tags/index.blade.php: setEndOfLine(LF)
resources/views/tags/index.blade.php: editor.action.trimTrailingWhitespace
terakhir_cms/resources/views/tags/index.blade.php: Using EditorConfig core...
resources/views/tags/index.blade.php: setEndOfLine(LF)
resources/views/tags/index.blade.php: editor.action.trimTrailingWhitespace
terakhir_cms/resources/views/tags/index.blade.php: Using EditorConfig core...
resources/views/tags/index.blade.php: setEndOfLine(LF)
resources/views/tags/index.blade.php: editor.action.trimTrailingWhitespace
terakhir_cms/resources/views/tags/index.blade.php: Using EditorConfig core...
resources/views/tags/index.blade.php: setEndOfLine(LF)
resources/views/tags/index.blade.php: editor.action.trimTrailingWhitespace
terakhir_cms/resources/views/tags/index.blade.php: {"insertSpaces":true,"tabSize":4}
terakhir_cms/resources/views/tags/index.blade.php: Using EditorConfig core...
resources/views/tags/index.blade.php: setEndOfLine(LF)
resources/views/tags/index.blade.php: editor.action.trimTrailingWhitespace
terakhir_cms/resources/views/tags/index.blade.php: {"insertSpaces":true,"tabSize":4}
terakhir_cms/resources/views/tags_old/index.blade.php: {"insertSpaces":true,"tabSize":4}
terakhir_cms/resources/views/tags/index.blade.php: {"insertSpaces":true,"tabSize":4}
terakhir_cms/resources/views/tags/index.blade.php: Using EditorConfig core...
resources/views/tags/index.blade.php: setEndOfLine(LF)
resources/views/tags/index.blade.php: editor.action.trimTrailingWhitespace
terakhir_cms/resources/views/tags/index.blade.php: Using EditorConfig core...
resources/views/tags/index.blade.php: setEndOfLine(LF)
resources/views/tags/index.blade.php: editor.action.trimTrailingWhitespace
terakhir_cms/resources/views/tags/index.blade.php: Using EditorConfig core...
resources/views/tags/index.blade.php: setEndOfLine(LF)
resources/views/tags/index.blade.php: editor.action.trimTrailingWhitespace
terakhir_cms/resources/views/tags/index.blade.php: Using EditorConfig core...
resources/views/tags/index.blade.php: setEndOfLine(LF)
resources/views/tags/index.blade.php: editor.action.trimTrailingWhitespace
terakhir_cms/resources/views/tags/index.blade.php: Using EditorConfig core...
resources/views/tags/index.blade.php: setEndOfLine(LF)
resources/views/tags/index.blade.php: editor.action.trimTrailingWhitespace
terakhir_cms/resources/views/tags/index.blade.php: Using EditorConfig core...
resources/views/tags/index.blade.php: setEndOfLine(LF)
resources/views/tags/index.blade.php: editor.action.trimTrailingWhitespace
terakhir_cms/resources/views/tags/index.blade.php: Using EditorConfig core...
resources/views/tags/index.blade.php: setEndOfLine(LF)
resources/views/tags/index.blade.php: editor.action.trimTrailingWhitespace
terakhir_cms/resources/views/tags/index.blade.php: Using EditorConfig core...
resources/views/tags/index.blade.php: setEndOfLine(LF)
resources/views/tags/index.blade.php: editor.action.trimTrailingWhitespace
terakhir_cms/resources/views/tags/index.blade.php: Using EditorConfig core...
resources/views/tags/index.blade.php: setEndOfLine(LF)
resources/views/tags/index.blade.php: editor.action.trimTrailingWhitespace
terakhir_cms/resources/views/tags/index.blade.php: Using EditorConfig core...
resources/views/tags/index.blade.php: setEndOfLine(LF)
resources/views/tags/index.blade.php: editor.action.trimTrailingWhitespace
terakhir_cms/resources/views/tags/index.blade.php: Using EditorConfig core...
resources/views/tags/index.blade.php: setEndOfLine(LF)
resources/views/tags/index.blade.php: editor.action.trimTrailingWhitespace
terakhir_cms/resources/views/tags/index.blade.php: Using EditorConfig core...
resources/views/tags/index.blade.php: setEndOfLine(LF)
resources/views/tags/index.blade.php: editor.action.trimTrailingWhitespace
terakhir_cms/resources/views/tags/index.blade.php: Using EditorConfig core...
resources/views/tags/index.blade.php: setEndOfLine(LF)
resources/views/tags/index.blade.php: editor.action.trimTrailingWhitespace
terakhir_cms/resources/views/tags/index.blade.php: Using EditorConfig core...
resources/views/tags/index.blade.php: setEndOfLine(LF)
resources/views/tags/index.blade.php: editor.action.trimTrailingWhitespace
terakhir_cms/resources/views/tags/index.blade.php: Using EditorConfig core...
resources/views/tags/index.blade.php: setEndOfLine(LF)
resources/views/tags/index.blade.php: editor.action.trimTrailingWhitespace
terakhir_cms/resources/views/tags/index.blade.php: Using EditorConfig core...
resources/views/tags/index.blade.php: setEndOfLine(LF)
resources/views/tags/index.blade.php: editor.action.trimTrailingWhitespace
terakhir_cms/resources/views/tags/index.blade.php: Using EditorConfig core...
resources/views/tags/index.blade.php: setEndOfLine(LF)
resources/views/tags/index.blade.php: editor.action.trimTrailingWhitespace
terakhir_cms/resources/views/tags/index.blade.php: Using EditorConfig core...
resources/views/tags/index.blade.php: setEndOfLine(LF)
resources/views/tags/index.blade.php: editor.action.trimTrailingWhitespace
terakhir_cms/resources/views/tags/index.blade.php: Using EditorConfig core...
resources/views/tags/index.blade.php: setEndOfLine(LF)
resources/views/tags/index.blade.php: editor.action.trimTrailingWhitespace
terakhir_cms/resources/views/tags/index.blade.php: Using EditorConfig core...
resources/views/tags/index.blade.php: setEndOfLine(LF)
resources/views/tags/index.blade.php: editor.action.trimTrailingWhitespace
terakhir_cms/resources/views/tags/index.blade.php: Using EditorConfig core...
resources/views/tags/index.blade.php: setEndOfLine(LF)
resources/views/tags/index.blade.php: editor.action.trimTrailingWhitespace
terakhir_cms/resources/views/tags/index.blade.php: Using EditorConfig core...
resources/views/tags/index.blade.php: setEndOfLine(LF)
resources/views/tags/index.blade.php: editor.action.trimTrailingWhitespace
terakhir_cms/resources/views/tags/index.blade.php: Using EditorConfig core...
resources/views/tags/index.blade.php: setEndOfLine(LF)
resources/views/tags/index.blade.php: editor.action.trimTrailingWhitespace
terakhir_cms/resources/views/tags/index.blade.php: {"insertSpaces":true,"tabSize":4}
terakhir_cms/resources/views/tags/index.blade.php: Using EditorConfig core...
resources/views/tags/index.blade.php: setEndOfLine(LF)
resources/views/tags/index.blade.php: editor.action.trimTrailingWhitespace
terakhir_cms/resources/views/tags/index.blade.php: {"insertSpaces":true,"tabSize":4}
terakhir_cms/resources/views/tags_old/index.blade.php: {"insertSpaces":true,"tabSize":4}
terakhir_cms/resources/views/tags/index.blade.php: {"insertSpaces":true,"tabSize":4}
terakhir_cms/resources/views/tags/index.blade.php: Using EditorConfig core...
resources/views/tags/index.blade.php: setEndOfLine(LF)
resources/views/tags/index.blade.php: editor.action.trimTrailingWhitespace
terakhir_cms/resources/views/tags/index.blade.php: Using EditorConfig core...
resources/views/tags/index.blade.php: setEndOfLine(LF)
resources/views/tags/index.blade.php: editor.action.trimTrailingWhitespace
terakhir_cms/resources/views/tags/index.blade.php: {"insertSpaces":true,"tabSize":4}
terakhir_cms/resources/views/tags/index.blade.php: {"insertSpaces":true,"tabSize":4}
terakhir_cms/database/migrations/2019_08_29_191156_create_tags_table.php: {"insertSpaces":true,"tabSize":4}
terakhir_cms/database/migrations/2019_08_30_023519_create_post_tag_tag_table.php: {"insertSpaces":true,"tabSize":4}
terakhir_cms/database/migrations/2019_08_30_023519_create_post_tag_tag_table.php: {"insertSpaces":true,"tabSize":4}
terakhir_cms/database/migrations/2019_08_30_023519_create_post_tag_tag_table.php: {"insertSpaces":true,"tabSize":4}
Detected change in configuration: {}
terakhir_cms/database/migrations/2019_08_29_191156_create_tags_table.php: {"insertSpaces":true,"tabSize":4}
terakhir_cms/database/migrations/2019_08_29_191156_create_tags_table.php: {"insertSpaces":true,"tabSize":4}
terakhir_cms/database/migrations/2019_08_30_023621_create_post_tag_table.php: {"insertSpaces":true,"tabSize":4}
terakhir_cms/database/migrations/2019_08_30_023621_create_post_tag_table.php: {"insertSpaces":true,"tabSize":4}
terakhir_cms/database/migrations/2019_08_29_191156_create_tags_table.php: {"insertSpaces":true,"tabSize":4}
terakhir_cms/database/migrations/2019_08_30_023621_create_post_tag_table.php: {"insertSpaces":true,"tabSize":4}
terakhir_cms/database/migrations/2019_08_29_191156_create_tags_table.php: {"insertSpaces":true,"tabSize":4}
terakhir_cms/database/migrations/2019_08_29_191156_create_tags_table.php: {"insertSpaces":true,"tabSize":4}
terakhir_cms/database/migrations/2019_08_30_025722_create_post_tag_table.php: {"insertSpaces":true,"tabSize":4}
terakhir_cms/database/migrations/2019_08_30_025722_create_post_tag_table.php: {"insertSpaces":true,"tabSize":4}
terakhir_cms/database/migrations/2019_08_30_025722_create_post_tag_table.php: {"insertSpaces":true,"tabSize":4}
terakhir_cms/database/migrations/2019_08_30_025722_create_post_tag_table.php: {"insertSpaces":true,"tabSize":4}
terakhir_cms/database/migrations/2019_08_30_025722_create_post_tag_table.php: Using EditorConfig core...
database/migrations/2019_08_30_025722_create_post_tag_table.php: setEndOfLine(LF)
database/migrations/2019_08_30_025722_create_post_tag_table.php: editor.action.trimTrailingWhitespace
terakhir_cms/database/migrations/2019_08_30_025722_create_post_tag_table.php: {"insertSpaces":true,"tabSize":4}
terakhir_cms/database/migrations/2019_08_30_025722_create_post_tag_table.php: Using EditorConfig core...
database/migrations/2019_08_30_025722_create_post_tag_table.php: setEndOfLine(LF)
database/migrations/2019_08_30_025722_create_post_tag_table.php: editor.action.trimTrailingWhitespace
terakhir_cms/database/migrations/2019_08_30_025722_create_post_tag_table.php: Using EditorConfig core...
database/migrations/2019_08_30_025722_create_post_tag_table.php: setEndOfLine(LF)
database/migrations/2019_08_30_025722_create_post_tag_table.php: editor.action.trimTrailingWhitespace
terakhir_cms/database/migrations/2019_08_30_025722_create_post_tag_table.php: {"insertSpaces":true,"tabSize":4}
terakhir_cms/app/Posts.php: {"insertSpaces":true,"tabSize":4}
terakhir_cms/app/Posts.php: {"insertSpaces":true,"tabSize":4}
terakhir_cms/app/Posts.php: Using EditorConfig core...
app/Posts.php: setEndOfLine(LF)
app/Posts.php: editor.action.trimTrailingWhitespace
terakhir_cms/app/Posts.php: {"insertSpaces":true,"tabSize":4}
terakhir_cms/app/Tag.php: {"insertSpaces":true,"tabSize":4}
terakhir_cms/app/Tag.php: Using EditorConfig core...
app/Tag.php: setEndOfLine(LF)
app/Tag.php: editor.action.trimTrailingWhitespace
terakhir_cms/app/Tag.php: Using EditorConfig core...
app/Tag.php: setEndOfLine(LF)
app/Tag.php: editor.action.trimTrailingWhitespace
terakhir_cms/app/Tag.php: {"insertSpaces":true,"tabSize":4}
