DEBUG     Checking PHPLS_ALLOW_XDEBUG
DEBUG     The xdebug extension is not loaded

[Info  - 10:43:42 AM] 5177 files total
[Info  - 10:43:42 AM] Indexing project for definitions and static references
Parsing file:///var/www/html/laravel/webdevforum-master/public/index.php
Parsing file:///var/www/html/laravel/webdevforum-master/bootstrap/app.php
Parsing file:///var/www/html/laravel/webdevforum-master/bootstrap/cache/services.php
Parsing file:///var/www/html/laravel/webdevforum-master/bootstrap/autoload.php
Parsing file:///var/www/html/laravel/webdevforum-master/database/seeds/DatabaseSeeder.php
Parsing file:///var/www/html/laravel/webdevforum-master/database/migrations/2017_05_20_132643_create_notifications_table.php
Parsing file:///var/www/html/laravel/webdevforum-master/database/migrations/2017_07_03_004159_create_tags_table.php
Parsing file:///var/www/html/laravel/webdevforum-master/database/migrations/2017_07_03_004815_create_tags_thread_table.php
Parsing file:///var/www/html/laravel/webdevforum-master/database/migrations/2017_04_13_012507_create_threads_table.php
Parsing file:///var/www/html/laravel/webdevforum-master/database/migrations/2017_05_08_032932_create_likes_table.php
Parsing file:///var/www/html/laravel/webdevforum-master/database/migrations/2017_04_17_080216_add_user_id_to_threads.php
Parsing file:///var/www/html/laravel/webdevforum-master/database/migrations/2017_04_22_123222_create_comments_table.php
Parsing file:///var/www/html/laravel/webdevforum-master/database/migrations/2014_10_12_000000_create_users_table.php
Parsing file:///var/www/html/laravel/webdevforum-master/database/migrations/2014_10_12_100000_create_password_resets_table.php
Parsing file:///var/www/html/laravel/webdevforum-master/database/migrations/2017_05_06_161732_add_solution_column_in_threads_table.php
Parsing file:///var/www/html/laravel/webdevforum-master/database/factories/ModelFactory.php
Parsing file:///var/www/html/laravel/webdevforum-master/tests/Feature/ExampleTest.php
Parsing file:///var/www/html/laravel/webdevforum-master/tests/CreatesApplication.php
Parsing file:///var/www/html/laravel/webdevforum-master/tests/TestCase.php
Parsing file:///var/www/html/laravel/webdevforum-master/tests/Unit/ExampleTest.php
Parsing file:///var/www/html/laravel/webdevforum-master/app/Policies/ThreadPolicy.php
Parsing file:///var/www/html/laravel/webdevforum-master/app/CommentableTrait.php
Parsing file:///var/www/html/laravel/webdevforum-master/app/Console/Kernel.php
Parsing file:///var/www/html/laravel/webdevforum-master/app/Comment.php
Parsing file:///var/www/html/laravel/webdevforum-master/app/User.php
Parsing file:///var/www/html/laravel/webdevforum-master/app/Filter.php
Parsing file:///var/www/html/laravel/webdevforum-master/app/Exceptions/Handler.php
Parsing file:///var/www/html/laravel/webdevforum-master/app/LikableTrait.php
Parsing file:///var/www/html/laravel/webdevforum-master/app/Thread.php
Parsing file:///var/www/html/laravel/webdevforum-master/app/Like.php
Parsing file:///var/www/html/laravel/webdevforum-master/app/ThreadFilters.php
Parsing file:///var/www/html/laravel/webdevforum-master/app/Tag.php
Parsing file:///var/www/html/laravel/webdevforum-master/app/Http/Kernel.php
Parsing file:///var/www/html/laravel/webdevforum-master/app/Http/Controllers/UserProfileController.php
Parsing file:///var/www/html/laravel/webdevforum-master/app/Http/Controllers/ThreadController.php
Parsing file:///var/www/html/laravel/webdevforum-master/app/Http/Controllers/LikeController.php
Parsing file:///var/www/html/laravel/webdevforum-master/app/Http/Controllers/Controller.php
Parsing file:///var/www/html/laravel/webdevforum-master/app/Http/Controllers/CommentController.php
Parsing file:///var/www/html/laravel/webdevforum-master/app/Http/Controllers/Auth/LoginController.php
Parsing file:///var/www/html/laravel/webdevforum-master/app/Http/Controllers/Auth/RegisterController.php
Parsing file:///var/www/html/laravel/webdevforum-master/app/Http/Controllers/Auth/ForgotPasswordController.php
Parsing file:///var/www/html/laravel/webdevforum-master/app/Http/Controllers/Auth/ResetPasswordController.php
Parsing file:///var/www/html/laravel/webdevforum-master/app/Http/Controllers/HomeController.php
Parsing file:///var/www/html/laravel/webdevforum-master/app/Http/Middleware/TrimStrings.php
Parsing file:///var/www/html/laravel/webdevforum-master/app/Http/Middleware/VerifyCsrfToken.php
Parsing file:///var/www/html/laravel/webdevforum-master/app/Http/Middleware/RedirectIfAuthenticated.php
Parsing file:///var/www/html/laravel/webdevforum-master/app/Http/Middleware/EncryptCookies.php
Parsing file:///var/www/html/laravel/webdevforum-master/app/Notifications/RepliedToThread.php
Parsing file:///var/www/html/laravel/webdevforum-master/app/Providers/EventServiceProvider.php
Parsing file:///var/www/html/laravel/webdevforum-master/app/Providers/BroadcastServiceProvider.php
Parsing file:///var/www/html/laravel/webdevforum-master/app/Providers/AuthServiceProvider.php
Parsing file:///var/www/html/laravel/webdevforum-master/app/Providers/RouteServiceProvider.php
Parsing file:///var/www/html/laravel/webdevforum-master/app/Providers/AppServiceProvider.php
Parsing file:///var/www/html/laravel/webdevforum-master/vendor/composer/autoload_real.php
Parsing file:///var/www/html/laravel/webdevforum-master/vendor/composer/autoload_classmap.php
[Info  - 10:43:42 AM] Ignoring file file:///var/www/html/laravel/webdevforum-master/vendor/composer/autoload_classmap.php because it exceeds size limit of 150000 bytes (407237)
Parsing file:///var/www/html/laravel/webdevforum-master/vendor/composer/autoload_static.php
[Info  - 10:43:42 AM] Ignoring file file:///var/www/html/laravel/webdevforum-master/vendor/composer/autoload_static.php because it exceeds size limit of 150000 bytes (449949)
Parsing file:///var/www/html/laravel/webdevforum-master/vendor/composer/autoload_files.php
Parsing file:///var/www/html/laravel/webdevforum-master/vendor/composer/ClassLoader.php
Parsing file:///var/www/html/laravel/webdevforum-master/vendor/composer/autoload_psr4.php
Parsing file:///var/www/html/laravel/webdevforum-master/vendor/composer/autoload_namespaces.php
Parsing file:///var/www/html/laravel/webdevforum-master/vendor/autoload.php
Parsing file:///var/www/html/laravel/webdevforum-master/server.php
Parsing file:///var/www/html/laravel/webdevforum-master/routes/console.php
Parsing file:///var/www/html/laravel/webdevforum-master/routes/web.php
Parsing file:///var/www/html/laravel/webdevforum-master/routes/channels.php
Parsing file:///var/www/html/laravel/webdevforum-master/routes/api.php
Parsing file:///var/www/html/laravel/webdevforum-master/config/services.php
Parsing file:///var/www/html/laravel/webdevforum-master/config/app.php
Parsing file:///var/www/html/laravel/webdevforum-master/config/queue.php
Parsing file:///var/www/html/laravel/webdevforum-master/config/auth.php
Parsing file:///var/www/html/laravel/webdevforum-master/config/mail.php
Parsing file:///var/www/html/laravel/webdevforum-master/config/view.php
Parsing file:///var/www/html/laravel/webdevforum-master/config/filesystems.php
Parsing file:///var/www/html/laravel/webdevforum-master/config/cache.php
Parsing file:///var/www/html/laravel/webdevforum-master/config/database.php
Parsing file:///var/www/html/laravel/webdevforum-master/config/session.php
Parsing file:///var/www/html/laravel/webdevforum-master/config/broadcasting.php
Parsing file:///var/www/html/laravel/webdevforum-master/resources/lang/en/pagination.php
Parsing file:///var/www/html/laravel/webdevforum-master/resources/lang/en/auth.php
Parsing file:///var/www/html/laravel/webdevforum-master/resources/lang/en/passwords.php
Parsing file:///var/www/html/laravel/webdevforum-master/resources/lang/en/validation.php
Parsing file:///var/www/html/laravel/webdevforum-master/resources/views/home.blade.php
Parsing file:///var/www/html/laravel/webdevforum-master/resources/views/layouts/app.blade.php
Parsing file:///var/www/html/laravel/webdevforum-master/resources/views/layouts/front.blade.php
Parsing file:///var/www/html/laravel/webdevforum-master/resources/views/layouts/partials/notification/replied_to_thread.blade.php
Parsing file:///var/www/html/laravel/webdevforum-master/resources/views/layouts/partials/navbar.blade.php
Parsing file:///var/www/html/laravel/webdevforum-master/resources/views/layouts/partials/success.blade.php
Parsing file:///var/www/html/laravel/webdevforum-master/resources/views/layouts/partials/error.blade.php
Parsing file:///var/www/html/laravel/webdevforum-master/resources/views/layouts/partials/categories.blade.php
Parsing file:///var/www/html/laravel/webdevforum-master/resources/views/thread/single.blade.php
Parsing file:///var/www/html/laravel/webdevforum-master/resources/views/thread/create.blade.php
Parsing file:///var/www/html/laravel/webdevforum-master/resources/views/thread/index.blade.php
Parsing file:///var/www/html/laravel/webdevforum-master/resources/views/thread/partials/thread-list.blade.php
Parsing file:///var/www/html/laravel/webdevforum-master/resources/views/thread/partials/comment-list.blade.php
Parsing file:///var/www/html/laravel/webdevforum-master/resources/views/thread/partials/reply-list.blade.php
Parsing file:///var/www/html/laravel/webdevforum-master/resources/views/thread/partials/comment-form.blade.php
Parsing file:///var/www/html/laravel/webdevforum-master/resources/views/thread/edit.blade.php
Parsing file:///var/www/html/laravel/webdevforum-master/resources/views/auth/register.blade.php
Parsing file:///var/www/html/laravel/webdevforum-master/resources/views/auth/login.blade.php
Parsing file:///var/www/html/laravel/webdevforum-master/resources/views/auth/passwords/reset.blade.php
Parsing file:///var/www/html/laravel/webdevforum-master/resources/views/auth/passwords/email.blade.php
Parsing file:///var/www/html/laravel/webdevforum-master/resources/views/welcome.blade.php
Parsing file:///var/www/html/laravel/webdevforum-master/resources/views/profile/index.blade.php
[Info  - 10:43:43 AM] Indexing project for dynamic references
Parsing file:///var/www/html/laravel/webdevforum-master/public/index.php
Parsing file:///var/www/html/laravel/webdevforum-master/bootstrap/app.php
Parsing file:///var/www/html/laravel/webdevforum-master/bootstrap/cache/services.php
Parsing file:///var/www/html/laravel/webdevforum-master/bootstrap/autoload.php
Parsing file:///var/www/html/laravel/webdevforum-master/database/seeds/DatabaseSeeder.php
Parsing file:///var/www/html/laravel/webdevforum-master/database/migrations/2017_05_20_132643_create_notifications_table.php
Parsing file:///var/www/html/laravel/webdevforum-master/database/migrations/2017_07_03_004159_create_tags_table.php
Parsing file:///var/www/html/laravel/webdevforum-master/database/migrations/2017_07_03_004815_create_tags_thread_table.php
Parsing file:///var/www/html/laravel/webdevforum-master/database/migrations/2017_04_13_012507_create_threads_table.php
Parsing file:///var/www/html/laravel/webdevforum-master/database/migrations/2017_05_08_032932_create_likes_table.php
Parsing file:///var/www/html/laravel/webdevforum-master/database/migrations/2017_04_17_080216_add_user_id_to_threads.php
Parsing file:///var/www/html/laravel/webdevforum-master/database/migrations/2017_04_22_123222_create_comments_table.php
Parsing file:///var/www/html/laravel/webdevforum-master/database/migrations/2014_10_12_000000_create_users_table.php
Parsing file:///var/www/html/laravel/webdevforum-master/database/migrations/2014_10_12_100000_create_password_resets_table.php
Parsing file:///var/www/html/laravel/webdevforum-master/database/migrations/2017_05_06_161732_add_solution_column_in_threads_table.php
Parsing file:///var/www/html/laravel/webdevforum-master/database/factories/ModelFactory.php
Parsing file:///var/www/html/laravel/webdevforum-master/tests/Feature/ExampleTest.php
Parsing file:///var/www/html/laravel/webdevforum-master/tests/CreatesApplication.php
Parsing file:///var/www/html/laravel/webdevforum-master/tests/TestCase.php
Parsing file:///var/www/html/laravel/webdevforum-master/tests/Unit/ExampleTest.php
Parsing file:///var/www/html/laravel/webdevforum-master/app/Policies/ThreadPolicy.php
Parsing file:///var/www/html/laravel/webdevforum-master/app/CommentableTrait.php
Parsing file:///var/www/html/laravel/webdevforum-master/app/Console/Kernel.php
Parsing file:///var/www/html/laravel/webdevforum-master/app/Comment.php
Parsing file:///var/www/html/laravel/webdevforum-master/app/User.php
Parsing file:///var/www/html/laravel/webdevforum-master/app/Filter.php
Parsing file:///var/www/html/laravel/webdevforum-master/app/Exceptions/Handler.php
Parsing file:///var/www/html/laravel/webdevforum-master/app/LikableTrait.php
Parsing file:///var/www/html/laravel/webdevforum-master/app/Thread.php
Parsing file:///var/www/html/laravel/webdevforum-master/app/Like.php
Parsing file:///var/www/html/laravel/webdevforum-master/app/ThreadFilters.php
Parsing file:///var/www/html/laravel/webdevforum-master/app/Tag.php
Parsing file:///var/www/html/laravel/webdevforum-master/app/Http/Kernel.php
Parsing file:///var/www/html/laravel/webdevforum-master/app/Http/Controllers/UserProfileController.php
Parsing file:///var/www/html/laravel/webdevforum-master/app/Http/Controllers/ThreadController.php
Parsing file:///var/www/html/laravel/webdevforum-master/app/Http/Controllers/LikeController.php
Parsing file:///var/www/html/laravel/webdevforum-master/app/Http/Controllers/Controller.php
Parsing file:///var/www/html/laravel/webdevforum-master/app/Http/Controllers/CommentController.php
