Initializing document watcher...
Detected change in configuration: {}
/var/www/html/laravel/laravel-cms-2019-master/resources/views/layouts/blog.blade.php: {"insertSpaces":true,"tabSize":4}
/var/www/html/laravel/laravel-cms-2019-master/resources/views/layouts/blog.blade.php: {"insertSpaces":true,"tabSize":4}
terakhir_cms/app/Http/Controllers/Blog/PostsController.php: {"insertSpaces":true,"tabSize":4}
terakhir_cms/resources/views/welcome.blade.php: {"insertSpaces":true,"tabSize":4}
terakhir_cms/routes/web.php: {"insertSpaces":true,"tabSize":4}
terakhir_cms/app/Http/Controllers/Blog/PostsController.php: {"insertSpaces":true,"tabSize":4}
/var/www/html/laravel/laravel-cms-2019-master/routes/web.php: {"insertSpaces":true,"tabSize":4}
terakhir_cms/routes/web.php: {"insertSpaces":true,"tabSize":4}
/var/www/html/laravel/laravel-cms-2019-master/routes/web.php: {"insertSpaces":true,"tabSize":4}
/var/www/html/laravel/laravel-cms-2019-master/routes/web.php: {"insertSpaces":true,"tabSize":4}
terakhir_cms/routes/web.php: {"insertSpaces":true,"tabSize":4}
terakhir_cms/routes/web.php: {"insertSpaces":true,"tabSize":4}
terakhir_cms/routes/web.php: {"insertSpaces":true,"tabSize":4}
terakhir_cms/routes/web.php: {"insertSpaces":true,"tabSize":4}
terakhir_cms/routes/web.php: {"insertSpaces":true,"tabSize":4}
terakhir_cms/routes/web.php: {"insertSpaces":true,"tabSize":4}
terakhir_cms/routes/web.php: {"insertSpaces":true,"tabSize":4}
terakhir_cms/routes/web.php: Using EditorConfig core...
routes/web.php: setEndOfLine(LF)
routes/web.php: editor.action.trimTrailingWhitespace
/var/www/html/laravel/laravel-cms-2019-master/routes/web.php: {"insertSpaces":true,"tabSize":4}
/var/www/html/laravel/laravel-cms-2019-master/routes/web.php: {"insertSpaces":true,"tabSize":4}
terakhir_cms/routes/web.php: {"insertSpaces":true,"tabSize":4}
terakhir_cms/routes/web.php: Using EditorConfig core...
routes/web.php: setEndOfLine(LF)
routes/web.php: editor.action.trimTrailingWhitespace
terakhir_cms/routes/web.php: Using EditorConfig core...
routes/web.php: setEndOfLine(LF)
routes/web.php: editor.action.trimTrailingWhitespace
/var/www/html/laravel/laravel-cms-2019-master/routes/web.php: {"insertSpaces":true,"tabSize":4}
/var/www/html/laravel/laravel-cms-2019-master/routes/web.php: {"insertSpaces":true,"tabSize":4}
terakhir_cms/app/Http/Controllers/Blog/PostsController.php: {"insertSpaces":true,"tabSize":4}
terakhir_cms/app/Http/Controllers/Blog/PostsController.php: {"insertSpaces":true,"tabSize":4}
terakhir_cms/app/Http/Controllers/Blog/PostsController.php: {"insertSpaces":true,"tabSize":4}
/var/www/html/laravel/laravel-cms-2019-master/routes/web.php: {"insertSpaces":true,"tabSize":4}
/var/www/html/laravel/laravel-cms-2019-master/app/Http/Controllers/Blog/PostsController.php: {"insertSpaces":true,"tabSize":4}
terakhir_cms/app/Http/Controllers/Blog/PostsController.php: {"insertSpaces":true,"tabSize":4}
terakhir_cms/app/Http/Controllers/Blog/PostsController.php: Using EditorConfig core...
app/Http/Controllers/Blog/PostsController.php: setEndOfLine(LF)
app/Http/Controllers/Blog/PostsController.php: editor.action.trimTrailingWhitespace
terakhir_cms/app/Http/Controllers/Blog/PostsController.php: Using EditorConfig core...
app/Http/Controllers/Blog/PostsController.php: setEndOfLine(LF)
app/Http/Controllers/Blog/PostsController.php: editor.action.trimTrailingWhitespace
terakhir_cms/app/Http/Controllers/Blog/PostsController.php: Using EditorConfig core...
app/Http/Controllers/Blog/PostsController.php: setEndOfLine(LF)
app/Http/Controllers/Blog/PostsController.php: editor.action.trimTrailingWhitespace
/var/www/html/laravel/laravel-cms-2019-master/app/Http/Controllers/Blog/PostsController.php: {"insertSpaces":true,"tabSize":4}
/var/www/html/laravel/laravel-cms-2019-master/app/Http/Controllers/Blog/PostsController.php: {"insertSpaces":true,"tabSize":4}
terakhir_cms/app/Http/Controllers/Blog/PostsController.php: {"insertSpaces":true,"tabSize":4}
terakhir_cms/app/Http/Controllers/Blog/PostsController.php: Using EditorConfig core...
app/Http/Controllers/Blog/PostsController.php: setEndOfLine(LF)
app/Http/Controllers/Blog/PostsController.php: editor.action.trimTrailingWhitespace
terakhir_cms/app/Http/Controllers/Blog/PostsController.php: Using EditorConfig core...
app/Http/Controllers/Blog/PostsController.php: setEndOfLine(LF)
app/Http/Controllers/Blog/PostsController.php: editor.action.trimTrailingWhitespace
/var/www/html/laravel/laravel-cms-2019-master/app/Http/Controllers/Blog/PostsController.php: {"insertSpaces":true,"tabSize":4}
/var/www/html/laravel/laravel-cms-2019-master/app/Http/Controllers/Blog/PostsController.php: {"insertSpaces":true,"tabSize":4}
terakhir_cms/resources/views/blog/show.blade.php: {"insertSpaces":true,"tabSize":4}
terakhir_cms/resources/views/blog/show.blade.php: {"insertSpaces":true,"tabSize":4}
terakhir_cms/resources/views/blog/show.blade.php: {"insertSpaces":true,"tabSize":4}
/var/www/html/laravel/laravel-cms-2019-master/app/Http/Controllers/Blog/PostsController.php: {"insertSpaces":true,"tabSize":4}
/var/www/html/laravel/laravel-cms-2019-master/resources/views/blog/show.blade.php: {"insertSpaces":true,"tabSize":4}
/var/www/html/laravel/laravel-cms-2019-master/resources/views/blog/show.blade.php: {"insertSpaces":true,"tabSize":4}
terakhir_cms/resources/views/layouts/app.blade.php: {"insertSpaces":true,"tabSize":4}
terakhir_cms/resources/views/layouts/blog.blade.php: {"insertSpaces":true,"tabSize":4}
terakhir_cms/resources/views/layouts/blog.blade.php: {"insertSpaces":true,"tabSize":4}
terakhir_cms/resources/views/layouts/blog.blade.php: {"insertSpaces":true,"tabSize":4}
terakhir_cms/resources/views/layouts/app.blade.php: {"insertSpaces":true,"tabSize":4}
terakhir_cms/resources/views/layouts/app.blade.php: {"insertSpaces":true,"tabSize":4}
terakhir_cms/resources/views/layouts/app.blade.php: {"insertSpaces":true,"tabSize":4}
/var/www/html/laravel/laravel-cms-2019-master/routes/web.php: {"insertSpaces":true,"tabSize":4}
/var/www/html/laravel/laravel-cms-2019-master/resources/views/blog/show.blade.php: {"insertSpaces":true,"tabSize":4}
/var/www/html/laravel/laravel-cms-2019-master/resources/views/layouts/blog.blade.php: {"insertSpaces":true,"tabSize":4}
/var/www/html/laravel/laravel-cms-2019-master/resources/views/layouts/blog.blade.php: {"insertSpaces":true,"tabSize":4}
terakhir_cms/resources/views/layouts/blog.blade.php: {"insertSpaces":true,"tabSize":4}
terakhir_cms/resources/views/welcome.blade.php: {"insertSpaces":true,"tabSize":4}
terakhir_cms/resources/views/layouts/blog.blade.php: {"insertSpaces":true,"tabSize":4}
terakhir_cms/resources/views/layouts/blog.blade.php: Using EditorConfig core...
resources/views/layouts/blog.blade.php: setEndOfLine(LF)
resources/views/layouts/blog.blade.php: editor.action.trimTrailingWhitespace
terakhir_cms/resources/views/layouts/blog.blade.php: Using EditorConfig core...
resources/views/layouts/blog.blade.php: setEndOfLine(LF)
resources/views/layouts/blog.blade.php: editor.action.trimTrailingWhitespace
terakhir_cms/resources/views/layouts/blog.blade.php: Using EditorConfig core...
resources/views/layouts/blog.blade.php: setEndOfLine(LF)
resources/views/layouts/blog.blade.php: editor.action.trimTrailingWhitespace
terakhir_cms/resources/views/layouts/blog.blade.php: Using EditorConfig core...
resources/views/layouts/blog.blade.php: setEndOfLine(LF)
resources/views/layouts/blog.blade.php: editor.action.trimTrailingWhitespace
terakhir_cms/resources/views/layouts/blog.blade.php: Using EditorConfig core...
resources/views/layouts/blog.blade.php: setEndOfLine(LF)
resources/views/layouts/blog.blade.php: editor.action.trimTrailingWhitespace
/var/www/html/laravel/laravel-cms-2019-master/resources/views/layouts/blog.blade.php: {"insertSpaces":true,"tabSize":4}
/var/www/html/laravel/laravel-cms-2019-master/resources/views/layouts/blog.blade.php: {"insertSpaces":true,"tabSize":4}
/var/www/html/laravel/laravel-cms-2019-master/resources/views/welcome.blade.php: {"insertSpaces":true,"tabSize":4}
terakhir_cms/resources/views/blog/show.blade.php: {"insertSpaces":true,"tabSize":4}
terakhir_cms/resources/views/blog/show.blade.php: {"insertSpaces":true,"tabSize":4}
terakhir_cms/resources/views/welcome.blade.php: {"insertSpaces":true,"tabSize":4}
terakhir_cms/resources/views/welcome.blade.php: Using EditorConfig core...
resources/views/welcome.blade.php: setEndOfLine(LF)
resources/views/welcome.blade.php: editor.action.trimTrailingWhitespace
terakhir_cms/resources/views/welcome.blade.php: Using EditorConfig core...
resources/views/welcome.blade.php: setEndOfLine(LF)
resources/views/welcome.blade.php: editor.action.trimTrailingWhitespace
terakhir_cms/resources/views/welcome.blade.php: Using EditorConfig core...
resources/views/welcome.blade.php: setEndOfLine(LF)
resources/views/welcome.blade.php: editor.action.trimTrailingWhitespace
terakhir_cms/resources/views/welcome.blade.php: Using EditorConfig core...
resources/views/welcome.blade.php: setEndOfLine(LF)
resources/views/welcome.blade.php: editor.action.trimTrailingWhitespace
terakhir_cms/resources/views/welcome.blade.php: Using EditorConfig core...
resources/views/welcome.blade.php: setEndOfLine(LF)
resources/views/welcome.blade.php: editor.action.trimTrailingWhitespace
terakhir_cms/resources/views/welcome.blade.php: Using EditorConfig core...
resources/views/welcome.blade.php: setEndOfLine(LF)
resources/views/welcome.blade.php: editor.action.trimTrailingWhitespace
terakhir_cms/resources/views/welcome.blade.php: Using EditorConfig core...
resources/views/welcome.blade.php: setEndOfLine(LF)
resources/views/welcome.blade.php: editor.action.trimTrailingWhitespace
resources/views/welcome.blade.php: insertFinalNewline(LF)
terakhir_cms/resources/views/welcome.blade.php: Using EditorConfig core...
resources/views/welcome.blade.php: setEndOfLine(LF)
resources/views/welcome.blade.php: editor.action.trimTrailingWhitespace
terakhir_cms/resources/views/welcome.blade.php: Using EditorConfig core...
resources/views/welcome.blade.php: setEndOfLine(LF)
resources/views/welcome.blade.php: editor.action.trimTrailingWhitespace
terakhir_cms/resources/views/welcome.blade.php: {"insertSpaces":true,"tabSize":4}
terakhir_cms/resources/views/blog/show.blade.php: {"insertSpaces":true,"tabSize":4}
/var/www/html/laravel/laravel-cms-2019-master/resources/views/welcome.blade.php: {"insertSpaces":true,"tabSize":4}
/var/www/html/laravel/laravel-cms-2019-master/resources/views/blog/show.blade.php: {"insertSpaces":true,"tabSize":4}
terakhir_cms/resources/views/blog/show.blade.php: {"insertSpaces":true,"tabSize":4}
terakhir_cms/resources/views/blog/show.blade.php: Using EditorConfig core...
resources/views/blog/show.blade.php: setEndOfLine(LF)
resources/views/blog/show.blade.php: editor.action.trimTrailingWhitespace
resources/views/blog/show.blade.php: insertFinalNewline(LF)
terakhir_cms/resources/views/blog/show.blade.php: Using EditorConfig core...
resources/views/blog/show.blade.php: setEndOfLine(LF)
resources/views/blog/show.blade.php: editor.action.trimTrailingWhitespace
resources/views/blog/show.blade.php: insertFinalNewline(LF)
terakhir_cms/resources/views/blog/show.blade.php: Using EditorConfig core...
resources/views/blog/show.blade.php: setEndOfLine(LF)
resources/views/blog/show.blade.php: editor.action.trimTrailingWhitespace
terakhir_cms/resources/views/blog/show.blade.php: {"insertSpaces":true,"tabSize":4}
terakhir_cms/resources/views/blog/show.blade.php: {"insertSpaces":true,"tabSize":4}
terakhir_cms/resources/views/blog/show.blade.php: {"insertSpaces":true,"tabSize":4}
terakhir_cms/resources/views/blog/show.blade.php: {"insertSpaces":true,"tabSize":4}
terakhir_cms/resources/views/blog/show.blade.php: Using EditorConfig core...
resources/views/blog/show.blade.php: setEndOfLine(LF)
resources/views/blog/show.blade.php: editor.action.trimTrailingWhitespace
terakhir_cms/resources/views/blog/show.blade.php: Using EditorConfig core...
resources/views/blog/show.blade.php: setEndOfLine(LF)
resources/views/blog/show.blade.php: editor.action.trimTrailingWhitespace
terakhir_cms/resources/views/blog/show.blade.php: {"insertSpaces":true,"tabSize":4}
terakhir_cms/resources/views/blog/show.blade.php: Using EditorConfig core...
resources/views/blog/show.blade.php: setEndOfLine(LF)
resources/views/blog/show.blade.php: editor.action.trimTrailingWhitespace
terakhir_cms/resources/views/blog/show.blade.php: {"insertSpaces":true,"tabSize":4}
terakhir_cms/resources/views/blog/show.blade.php: Using EditorConfig core...
resources/views/blog/show.blade.php: setEndOfLine(LF)
resources/views/blog/show.blade.php: editor.action.trimTrailingWhitespace
terakhir_cms/resources/views/blog/show.blade.php: {"insertSpaces":true,"tabSize":4}
terakhir_cms/app/Http/Controllers/Blog/PostsController.php: {"insertSpaces":true,"tabSize":4}
terakhir_cms/app/Http/Controllers/Blog/PostsController.php: {"insertSpaces":true,"tabSize":4}
terakhir_cms/app/Http/Controllers/Blog/PostsController.php: {"insertSpaces":true,"tabSize":4}
terakhir_cms/app/Http/Controllers/Blog/PostsController.php: Using EditorConfig core...
app/Http/Controllers/Blog/PostsController.php: setEndOfLine(LF)
app/Http/Controllers/Blog/PostsController.php: editor.action.trimTrailingWhitespace
terakhir_cms/app/Http/Controllers/Blog/PostsController.php: Using EditorConfig core...
app/Http/Controllers/Blog/PostsController.php: setEndOfLine(LF)
app/Http/Controllers/Blog/PostsController.php: editor.action.trimTrailingWhitespace
terakhir_cms/app/Http/Controllers/Blog/PostsController.php: {"insertSpaces":true,"tabSize":4}
terakhir_cms/resources/views/welcome.blade.php: {"insertSpaces":true,"tabSize":4}
terakhir_cms/resources/views/welcome.blade.php: {"insertSpaces":true,"tabSize":4}
terakhir_cms/resources/views/welcome.blade.php: Using EditorConfig core...
resources/views/welcome.blade.php: setEndOfLine(LF)
resources/views/welcome.blade.php: editor.action.trimTrailingWhitespace
terakhir_cms/routes/web.php: {"insertSpaces":true,"tabSize":4}
terakhir_cms/routes/web.php: {"insertSpaces":true,"tabSize":4}
terakhir_cms/resources/views/blog/show.blade.php: {"insertSpaces":true,"tabSize":4}
terakhir_cms/resources/views/welcome.blade.php: {"insertSpaces":true,"tabSize":4}
terakhir_cms/resources/views/welcome.blade.php: {"insertSpaces":true,"tabSize":4}
terakhir_cms/resources/views/welcome.blade.php: Using EditorConfig core...
resources/views/welcome.blade.php: setEndOfLine(LF)
resources/views/welcome.blade.php: editor.action.trimTrailingWhitespace
terakhir_cms/resources/views/welcome.blade.php: {"insertSpaces":true,"tabSize":4}
terakhir_cms/resources/views/welcome.blade.php: {"insertSpaces":true,"tabSize":4}
/var/www/html/laravel/laravel-cms-2019-master/resources/views/blog/show.blade.php: {"insertSpaces":true,"tabSize":4}
/var/www/html/laravel/laravel-cms-2019-master/resources/views/welcome.blade.php: {"insertSpaces":true,"tabSize":4}
terakhir_cms/resources/views/welcome.blade.php: {"insertSpaces":true,"tabSize":4}
terakhir_cms/resources/views/welcome.blade.php: Using EditorConfig core...
resources/views/welcome.blade.php: setEndOfLine(LF)
resources/views/welcome.blade.php: editor.action.trimTrailingWhitespace
terakhir_cms/resources/views/welcome.blade.php: {"insertSpaces":true,"tabSize":4}
terakhir_cms/routes/web.php: {"insertSpaces":true,"tabSize":4}
/var/www/html/laravel/laravel-cms-2019-master/routes/web.php: {"insertSpaces":true,"tabSize":4}
terakhir_cms/routes/web.php: {"insertSpaces":true,"tabSize":4}
terakhir_cms/routes/web.php: Using EditorConfig core...
routes/web.php: setEndOfLine(LF)
routes/web.php: editor.action.trimTrailingWhitespace
terakhir_cms/routes/web.php: Using EditorConfig core...
routes/web.php: setEndOfLine(LF)
routes/web.php: editor.action.trimTrailingWhitespace
terakhir_cms/routes/web.php: {"insertSpaces":true,"tabSize":4}
terakhir_cms/resources/views/welcome.blade.php: {"insertSpaces":true,"tabSize":4}
terakhir_cms/resources/views/welcome.blade.php: Using EditorConfig core...
resources/views/welcome.blade.php: setEndOfLine(LF)
resources/views/welcome.blade.php: editor.action.trimTrailingWhitespace
terakhir_cms/resources/views/welcome.blade.php: Using EditorConfig core...
resources/views/welcome.blade.php: setEndOfLine(LF)
resources/views/welcome.blade.php: editor.action.trimTrailingWhitespace
terakhir_cms/resources/views/welcome.blade.php: {"insertSpaces":true,"tabSize":4}
terakhir_cms/resources/views/welcome.blade.php: {"insertSpaces":true,"tabSize":4}
terakhir_cms/resources/views/blog/show.blade.php: {"insertSpaces":true,"tabSize":4}
terakhir_cms/resources/views/blog/show.blade.php: {"insertSpaces":true,"tabSize":4}
terakhir_cms/resources/views/welcome.blade.php: {"insertSpaces":true,"tabSize":4}
terakhir_cms/resources/views/welcome.blade.php: {"insertSpaces":true,"tabSize":4}
terakhir_cms/resources/views/blog/show.blade.php: {"insertSpaces":true,"tabSize":4}
terakhir_cms/resources/views/blog/show.blade.php: Using EditorConfig core...
resources/views/blog/show.blade.php: setEndOfLine(LF)
resources/views/blog/show.blade.php: editor.action.trimTrailingWhitespace
terakhir_cms/resources/views/blog/show.blade.php: {"insertSpaces":true,"tabSize":4}
terakhir_cms/resources/views/blog/show.blade.php: Using EditorConfig core...
resources/views/blog/show.blade.php: setEndOfLine(LF)
resources/views/blog/show.blade.php: editor.action.trimTrailingWhitespace
terakhir_cms/resources/views/blog/show.blade.php: {"insertSpaces":true,"tabSize":4}
terakhir_cms/resources/views/blog/show.blade.php: {"insertSpaces":true,"tabSize":4}
/var/www/html/laravel/laravel-cms-2019-master/resources/views/welcome.blade.php: {"insertSpaces":true,"tabSize":4}
terakhir_cms/resources/views/blog/show.blade.php: {"insertSpaces":true,"tabSize":4}
terakhir_cms/resources/views/blog/show.blade.php: Using EditorConfig core...
resources/views/blog/show.blade.php: setEndOfLine(LF)
resources/views/blog/show.blade.php: editor.action.trimTrailingWhitespace
terakhir_cms/resources/views/blog/show.blade.php: {"insertSpaces":true,"tabSize":4}
terakhir_cms/resources/views/blog/show.blade.php: Using EditorConfig core...
resources/views/blog/show.blade.php: setEndOfLine(LF)
resources/views/blog/show.blade.php: editor.action.trimTrailingWhitespace
terakhir_cms/resources/views/blog/show.blade.php: {"insertSpaces":true,"tabSize":4}
terakhir_cms/resources/views/blog/show.blade.php: Using EditorConfig core...
resources/views/blog/show.blade.php: setEndOfLine(LF)
resources/views/blog/show.blade.php: editor.action.trimTrailingWhitespace
terakhir_cms/resources/views/blog/show.blade.php: {"insertSpaces":true,"tabSize":4}
terakhir_cms/resources/views/blog/show.blade.php: Using EditorConfig core...
resources/views/blog/show.blade.php: setEndOfLine(LF)
resources/views/blog/show.blade.php: editor.action.trimTrailingWhitespace
terakhir_cms/resources/views/blog/show.blade.php: {"insertSpaces":true,"tabSize":4}
terakhir_cms/resources/views/blog/show.blade.php: {"insertSpaces":true,"tabSize":4}
terakhir_cms/resources/views/blog/show.blade.php: Using EditorConfig core...
resources/views/blog/show.blade.php: setEndOfLine(LF)
resources/views/blog/show.blade.php: editor.action.trimTrailingWhitespace
terakhir_cms/resources/views/blog/show.blade.php: {"insertSpaces":true,"tabSize":4}
terakhir_cms/resources/views/blog/show.blade.php: Using EditorConfig core...
resources/views/blog/show.blade.php: setEndOfLine(LF)
resources/views/blog/show.blade.php: editor.action.trimTrailingWhitespace
terakhir_cms/resources/views/blog/show.blade.php: {"insertSpaces":true,"tabSize":4}
terakhir_cms/resources/views/blog/show.blade.php: Using EditorConfig core...
resources/views/blog/show.blade.php: setEndOfLine(LF)
resources/views/blog/show.blade.php: editor.action.trimTrailingWhitespace
terakhir_cms/resources/views/blog/show.blade.php: {"insertSpaces":true,"tabSize":4}
terakhir_cms/resources/views/blog/show.blade.php: {"insertSpaces":true,"tabSize":4}
terakhir_cms/database/migrations/2019_08_27_012557_create_posts_table.php: {"insertSpaces":true,"tabSize":4}
/var/www/html/laravel/laravel-cms-2019-master/resources/views/welcome.blade.php: {"insertSpaces":true,"tabSize":4}
/var/www/html/laravel/laravel-cms-2019-master/database/migrations/2019_02_26_073924_create_posts_table.php: {"insertSpaces":true,"tabSize":4}
terakhir_cms/database/migrations/2019_08_27_012557_create_posts_table.php: {"insertSpaces":true,"tabSize":4}
terakhir_cms/database/migrations/2019_08_27_012557_create_posts_table.php: Using EditorConfig core...
database/migrations/2019_08_27_012557_create_posts_table.php: setEndOfLine(LF)
database/migrations/2019_08_27_012557_create_posts_table.php: editor.action.trimTrailingWhitespace
terakhir_cms/database/migrations/2019_08_27_012557_create_posts_table.php: {"insertSpaces":true,"tabSize":4}
terakhir_cms/database/migrations/2019_08_27_012557_create_posts_table.php: Using EditorConfig core...
database/migrations/2019_08_27_012557_create_posts_table.php: setEndOfLine(LF)
database/migrations/2019_08_27_012557_create_posts_table.php: editor.action.trimTrailingWhitespace
terakhir_cms/app/Posts.php: {"insertSpaces":true,"tabSize":4}
terakhir_cms/app/Posts.php: {"insertSpaces":true,"tabSize":4}
terakhir_cms/app/Posts.php: {"insertSpaces":true,"tabSize":4}
terakhir_cms/app/Posts.php: Using EditorConfig core...
app/Posts.php: setEndOfLine(LF)
app/Posts.php: editor.action.trimTrailingWhitespace
terakhir_cms/app/Posts.php: {"insertSpaces":true,"tabSize":4}
terakhir_cms/app/Posts.php: Using EditorConfig core...
app/Posts.php: setEndOfLine(LF)
app/Posts.php: editor.action.trimTrailingWhitespace
terakhir_cms/app/Posts.php: {"insertSpaces":true,"tabSize":4}
terakhir_cms/app/Http/Controllers/PostsController.php: {"insertSpaces":true,"tabSize":4}
terakhir_cms/app/Http/Controllers/PostsController.php: {"insertSpaces":true,"tabSize":4}
terakhir_cms/app/Http/Controllers/PostsController.php: {"insertSpaces":true,"tabSize":4}
terakhir_cms/app/Http/Controllers/PostsController.php: {"insertSpaces":true,"tabSize":4}
terakhir_cms/app/Http/Controllers/PostsController.php: {"insertSpaces":true,"tabSize":4}
terakhir_cms/app/Http/Controllers/PostsController.php: Using EditorConfig core...
app/Http/Controllers/PostsController.php: setEndOfLine(LF)
app/Http/Controllers/PostsController.php: editor.action.trimTrailingWhitespace
terakhir_cms/app/Http/Controllers/PostsController.php: {"insertSpaces":true,"tabSize":4}
terakhir_cms/database/seeds/PostsTableSeeder.php: {"insertSpaces":true,"tabSize":4}
/var/www/html/laravel/laravel-cms-2019-master/database/migrations/2019_02_26_073924_create_posts_table.php: {"insertSpaces":true,"tabSize":4}
/var/www/html/laravel/laravel-cms-2019-master/database/seeds/PostsTableSeeder.php: {"insertSpaces":true,"tabSize":4}
terakhir_cms/database/seeds/PostsTableSeeder.php: {"insertSpaces":true,"tabSize":4}
terakhir_cms/database/seeds/PostsTableSeeder.php: Using EditorConfig core...
database/seeds/PostsTableSeeder.php: setEndOfLine(LF)
database/seeds/PostsTableSeeder.php: editor.action.trimTrailingWhitespace
terakhir_cms/database/seeds/PostsTableSeeder.php: Using EditorConfig core...
database/seeds/PostsTableSeeder.php: setEndOfLine(LF)
database/seeds/PostsTableSeeder.php: editor.action.trimTrailingWhitespace
terakhir_cms/database/seeds/PostsTableSeeder.php: Using EditorConfig core...
database/seeds/PostsTableSeeder.php: setEndOfLine(LF)
database/seeds/PostsTableSeeder.php: editor.action.trimTrailingWhitespace
terakhir_cms/database/seeds/PostsTableSeeder.php: Using EditorConfig core...
database/seeds/PostsTableSeeder.php: setEndOfLine(LF)
database/seeds/PostsTableSeeder.php: editor.action.trimTrailingWhitespace
terakhir_cms/database/seeds/PostsTableSeeder.php: Using EditorConfig core...
database/seeds/PostsTableSeeder.php: setEndOfLine(LF)
database/seeds/PostsTableSeeder.php: editor.action.trimTrailingWhitespace
terakhir_cms/database/seeds/PostsTableSeeder.php: {"insertSpaces":true,"tabSize":4}
terakhir_cms/database/seeds/PostsTableSeeder.php: Using EditorConfig core...
database/seeds/PostsTableSeeder.php: setEndOfLine(LF)
database/seeds/PostsTableSeeder.php: editor.action.trimTrailingWhitespace
terakhir_cms/database/seeds/PostsTableSeeder.php: {"insertSpaces":true,"tabSize":4}
terakhir_cms/database/seeds/PostsTableSeeder.php: Using EditorConfig core...
database/seeds/PostsTableSeeder.php: setEndOfLine(LF)
database/seeds/PostsTableSeeder.php: editor.action.trimTrailingWhitespace
terakhir_cms/database/seeds/PostsTableSeeder.php: {"insertSpaces":true,"tabSize":4}
terakhir_cms/database/seeds/PostsTableSeeder.php: {"insertSpaces":true,"tabSize":4}
terakhir_cms/app/User.php: {"insertSpaces":true,"tabSize":4}
/var/www/html/laravel/laravel-cms-2019-master/database/seeds/PostsTableSeeder.php: {"insertSpaces":true,"tabSize":4}
/var/www/html/laravel/laravel-cms-2019-master/app/User.php: {"insertSpaces":true,"tabSize":4}
terakhir_cms/app/User.php: {"insertSpaces":true,"tabSize":4}
terakhir_cms/app/User.php: {"insertSpaces":true,"tabSize":4}
terakhir_cms/app/User.php: Using EditorConfig core...
app/User.php: setEndOfLine(LF)
app/User.php: editor.action.trimTrailingWhitespace
terakhir_cms/app/User.php: {"insertSpaces":true,"tabSize":4}
terakhir_cms/database/seeds/PostsTableSeeder.php: {"insertSpaces":true,"tabSize":4}
/var/www/html/laravel/laravel-cms-2019-master/app/User.php: {"insertSpaces":true,"tabSize":4}
/var/www/html/laravel/laravel-cms-2019-master/database/seeds/PostsTableSeeder.php: {"insertSpaces":true,"tabSize":4}
terakhir_cms/database/seeds/PostsTableSeeder.php: {"insertSpaces":true,"tabSize":4}
terakhir_cms/database/seeds/PostsTableSeeder.php: Using EditorConfig core...
database/seeds/PostsTableSeeder.php: setEndOfLine(LF)
database/seeds/PostsTableSeeder.php: editor.action.trimTrailingWhitespace
terakhir_cms/database/seeds/PostsTableSeeder.php: Using EditorConfig core...
database/seeds/PostsTableSeeder.php: setEndOfLine(LF)
database/seeds/PostsTableSeeder.php: editor.action.trimTrailingWhitespace
terakhir_cms/database/seeds/PostsTableSeeder.php: Using EditorConfig core...
database/seeds/PostsTableSeeder.php: setEndOfLine(LF)
database/seeds/PostsTableSeeder.php: editor.action.trimTrailingWhitespace
terakhir_cms/database/seeds/PostsTableSeeder.php: Using EditorConfig core...
database/seeds/PostsTableSeeder.php: setEndOfLine(LF)
database/seeds/PostsTableSeeder.php: editor.action.trimTrailingWhitespace
terakhir_cms/database/seeds/PostsTableSeeder.php: Using EditorConfig core...
database/seeds/PostsTableSeeder.php: setEndOfLine(LF)
database/seeds/PostsTableSeeder.php: editor.action.trimTrailingWhitespace
terakhir_cms/database/seeds/PostsTableSeeder.php: {"insertSpaces":true,"tabSize":4}
terakhir_cms/resources/views/blog/show.blade.php: {"insertSpaces":true,"tabSize":4}
/var/www/html/laravel/laravel-cms-2019-master/database/seeds/PostsTableSeeder.php: {"insertSpaces":true,"tabSize":4}
/var/www/html/laravel/laravel-cms-2019-master/resources/views/blog/show.blade.php: {"insertSpaces":true,"tabSize":4}
terakhir_cms/resources/views/blog/show.blade.php: {"insertSpaces":true,"tabSize":4}
terakhir_cms/resources/views/blog/show.blade.php: Using EditorConfig core...
resources/views/blog/show.blade.php: setEndOfLine(LF)
resources/views/blog/show.blade.php: editor.action.trimTrailingWhitespace
terakhir_cms/resources/views/blog/show.blade.php: {"insertSpaces":true,"tabSize":4}
terakhir_cms/resources/views/blog/show.blade.php: Using EditorConfig core...
resources/views/blog/show.blade.php: setEndOfLine(LF)
resources/views/blog/show.blade.php: editor.action.trimTrailingWhitespace
terakhir_cms/resources/views/blog/show.blade.php: {"insertSpaces":true,"tabSize":4}
terakhir_cms/resources/views/blog/show.blade.php: {"insertSpaces":true,"tabSize":4}
terakhir_cms/resources/views/blog/show.blade.php: Using EditorConfig core...
resources/views/blog/show.blade.php: setEndOfLine(LF)
resources/views/blog/show.blade.php: editor.action.trimTrailingWhitespace
terakhir_cms/resources/views/blog/show.blade.php: {"insertSpaces":true,"tabSize":4}
terakhir_cms/resources/views/blog/show.blade.php: {"insertSpaces":true,"tabSize":4}
terakhir_cms/resources/views/blog/show.blade.php: {"insertSpaces":true,"tabSize":4}
terakhir_cms/resources/views/blog/show.blade.php: Using EditorConfig core...
resources/views/blog/show.blade.php: setEndOfLine(LF)
resources/views/blog/show.blade.php: editor.action.trimTrailingWhitespace
terakhir_cms/resources/views/blog/show.blade.php: Using EditorConfig core...
resources/views/blog/show.blade.php: setEndOfLine(LF)
resources/views/blog/show.blade.php: editor.action.trimTrailingWhitespace
terakhir_cms/resources/views/blog/show.blade.php: Using EditorConfig core...
resources/views/blog/show.blade.php: setEndOfLine(LF)
resources/views/blog/show.blade.php: editor.action.trimTrailingWhitespace
terakhir_cms/resources/views/blog/show.blade.php: {"insertSpaces":true,"tabSize":4}
terakhir_cms/resources/views/blog/show.blade.php: Using EditorConfig core...
resources/views/blog/show.blade.php: setEndOfLine(LF)
resources/views/blog/show.blade.php: editor.action.trimTrailingWhitespace
terakhir_cms/resources/views/blog/show.blade.php: {"insertSpaces":true,"tabSize":4}
terakhir_cms/resources/views/blog/show.blade.php: {"insertSpaces":true,"tabSize":4}
terakhir_cms/resources/views/blog/show.blade.php: {"insertSpaces":true,"tabSize":4}
/var/www/html/laravel/laravel-cms-2019-master/resources/views/blog/show.blade.php: {"insertSpaces":true,"tabSize":4}
terakhir_cms/resources/views/blog/show.blade.php: {"insertSpaces":true,"tabSize":4}
/var/www/html/laravel/laravel-cms-2019-master/resources/views/blog/show.blade.php: {"insertSpaces":true,"tabSize":4}
terakhir_cms/resources/views/blog/show.blade.php: {"insertSpaces":true,"tabSize":4}
terakhir_cms/resources/views/blog/show.blade.php: Using EditorConfig core...
resources/views/blog/show.blade.php: setEndOfLine(LF)
resources/views/blog/show.blade.php: editor.action.trimTrailingWhitespace
terakhir_cms/resources/views/blog/show.blade.php: Using EditorConfig core...
resources/views/blog/show.blade.php: setEndOfLine(LF)
resources/views/blog/show.blade.php: editor.action.trimTrailingWhitespace
terakhir_cms/resources/views/blog/show.blade.php: Using EditorConfig core...
resources/views/blog/show.blade.php: setEndOfLine(LF)
resources/views/blog/show.blade.php: editor.action.trimTrailingWhitespace
terakhir_cms/resources/views/blog/show.blade.php: Using EditorConfig core...
resources/views/blog/show.blade.php: setEndOfLine(LF)
resources/views/blog/show.blade.php: editor.action.trimTrailingWhitespace
terakhir_cms/resources/views/blog/show.blade.php: Using EditorConfig core...
resources/views/blog/show.blade.php: setEndOfLine(LF)
resources/views/blog/show.blade.php: editor.action.trimTrailingWhitespace
terakhir_cms/resources/views/blog/show.blade.php: Using EditorConfig core...
resources/views/blog/show.blade.php: setEndOfLine(LF)
resources/views/blog/show.blade.php: editor.action.trimTrailingWhitespace
terakhir_cms/resources/views/blog/show.blade.php: {"insertSpaces":true,"tabSize":4}
terakhir_cms/resources/views/blog/show.blade.php: Using EditorConfig core...
resources/views/blog/show.blade.php: setEndOfLine(LF)
resources/views/blog/show.blade.php: editor.action.trimTrailingWhitespace
terakhir_cms/resources/views/blog/show.blade.php: {"insertSpaces":true,"tabSize":4}
terakhir_cms/resources/views/blog/show.blade.php: {"insertSpaces":true,"tabSize":4}
terakhir_cms/app/Http/Controllers/PostsController.php: {"insertSpaces":true,"tabSize":4}
/var/www/html/laravel/laravel-cms-2019-master/resources/views/blog/show.blade.php: {"insertSpaces":true,"tabSize":4}
/var/www/html/laravel/laravel-cms-2019-master/app/Http/Controllers/PostsController.php: {"insertSpaces":true,"tabSize":4}
terakhir_cms/app/Http/Controllers/PostsController.php: {"insertSpaces":true,"tabSize":4}
terakhir_cms/app/Http/Controllers/PostsController.php: Using EditorConfig core...
app/Http/Controllers/PostsController.php: setEndOfLine(LF)
app/Http/Controllers/PostsController.php: editor.action.trimTrailingWhitespace
terakhir_cms/app/Http/Controllers/PostsController.php: {"insertSpaces":true,"tabSize":4}
terakhir_cms/resources/views/blog/show.blade.php: {"insertSpaces":true,"tabSize":4}
/var/www/html/laravel/laravel-cms-2019-master/app/Http/Controllers/PostsController.php: {"insertSpaces":true,"tabSize":4}
/var/www/html/laravel/laravel-cms-2019-master/resources/views/blog/show.blade.php: {"insertSpaces":true,"tabSize":4}
/var/www/html/laravel/laravel-cms-2019-master/resources/views/blog/show.blade.php: {"insertSpaces":true,"tabSize":4}
/var/www/html/laravel/laravel-cms-2019-master/resources/views/blog/show.blade.php: {"insertSpaces":true,"tabSize":4}
terakhir_cms/resources/views/blog/show.blade.php: {"insertSpaces":true,"tabSize":4}
terakhir_cms/resources/views/blog/show.blade.php: Using EditorConfig core...
resources/views/blog/show.blade.php: setEndOfLine(LF)
resources/views/blog/show.blade.php: editor.action.trimTrailingWhitespace
terakhir_cms/resources/views/blog/show.blade.php: Using EditorConfig core...
resources/views/blog/show.blade.php: setEndOfLine(LF)
resources/views/blog/show.blade.php: editor.action.trimTrailingWhitespace
terakhir_cms/resources/views/blog/show.blade.php: Using EditorConfig core...
resources/views/blog/show.blade.php: setEndOfLine(LF)
resources/views/blog/show.blade.php: editor.action.trimTrailingWhitespace
terakhir_cms/resources/views/blog/show.blade.php: {"insertSpaces":true,"tabSize":4}
terakhir_cms/resources/views/blog/show.blade.php: Using EditorConfig core...
resources/views/blog/show.blade.php: setEndOfLine(LF)
resources/views/blog/show.blade.php: editor.action.trimTrailingWhitespace
terakhir_cms/resources/views/blog/show.blade.php: {"insertSpaces":true,"tabSize":4}
terakhir_cms/resources/views/blog/show.blade.php: Using EditorConfig core...
resources/views/blog/show.blade.php: setEndOfLine(LF)
resources/views/blog/show.blade.php: editor.action.trimTrailingWhitespace
terakhir_cms/resources/views/blog/show.blade.php: Using EditorConfig core...
resources/views/blog/show.blade.php: setEndOfLine(LF)
resources/views/blog/show.blade.php: editor.action.trimTrailingWhitespace
terakhir_cms/resources/views/blog/show.blade.php: {"insertSpaces":true,"tabSize":4}
terakhir_cms/resources/views/blog/show.blade.php: Using EditorConfig core...
resources/views/blog/show.blade.php: setEndOfLine(LF)
resources/views/blog/show.blade.php: editor.action.trimTrailingWhitespace
/var/www/html/laravel/laravel-cms-2019-master/resources/views/blog/show.blade.php: {"insertSpaces":true,"tabSize":4}
/var/www/html/laravel/laravel-cms-2019-master/resources/views/blog/show.blade.php: {"insertSpaces":true,"tabSize":4}
/var/www/html/laravel/laravel-cms-2019-master/resources/views/blog/show.blade.php: {"insertSpaces":true,"tabSize":4}
/var/www/html/laravel/laravel-cms-2019-master/resources/views/blog/show.blade.php: {"insertSpaces":true,"tabSize":4}
/var/www/html/laravel/laravel-cms-2019-master/resources/views/blog/show.blade.php: {"insertSpaces":true,"tabSize":4}
terakhir_cms/resources/views/blog/show.blade.php: {"insertSpaces":true,"tabSize":4}
terakhir_cms/resources/views/blog/show.blade.php: Using EditorConfig core...
resources/views/blog/show.blade.php: setEndOfLine(LF)
resources/views/blog/show.blade.php: editor.action.trimTrailingWhitespace
terakhir_cms/resources/views/blog/show.blade.php: Using EditorConfig core...
resources/views/blog/show.blade.php: setEndOfLine(LF)
resources/views/blog/show.blade.php: editor.action.trimTrailingWhitespace
terakhir_cms/resources/views/blog/show.blade.php: {"insertSpaces":true,"tabSize":4}
terakhir_cms/resources/views/blog/show.blade.php: Using EditorConfig core...
resources/views/blog/show.blade.php: setEndOfLine(LF)
resources/views/blog/show.blade.php: editor.action.trimTrailingWhitespace
terakhir_cms/resources/views/blog/show.blade.php: {"insertSpaces":true,"tabSize":4}
terakhir_cms/resources/views/blog/show.blade.php: {"insertSpaces":true,"tabSize":4}
terakhir_cms/resources/views/blog/show.blade.php: {"insertSpaces":true,"tabSize":4}
terakhir_cms/resources/views/blog/show.blade.php: {"insertSpaces":true,"tabSize":4}
terakhir_cms/resources/views/blog/show.blade.php: Using EditorConfig core...
resources/views/blog/show.blade.php: setEndOfLine(LF)
resources/views/blog/show.blade.php: editor.action.trimTrailingWhitespace
terakhir_cms/resources/views/blog/show.blade.php: {"insertSpaces":true,"tabSize":4}
terakhir_cms/resources/views/blog/show.blade.php: {"insertSpaces":true,"tabSize":4}
terakhir_cms/resources/views/blog/show.blade.php: {"insertSpaces":true,"tabSize":4}
terakhir_cms/resources/views/blog/show.blade.php: Using EditorConfig core...
resources/views/blog/show.blade.php: setEndOfLine(LF)
resources/views/blog/show.blade.php: editor.action.trimTrailingWhitespace
terakhir_cms/resources/views/blog/show.blade.php: {"insertSpaces":true,"tabSize":4}
terakhir_cms/resources/views/blog/show.blade.php: {"insertSpaces":true,"tabSize":4}
terakhir_cms/resources/views/blog/show.blade.php: {"insertSpaces":true,"tabSize":4}
terakhir_cms/resources/views/blog/show.blade.php: {"insertSpaces":true,"tabSize":4}
terakhir_cms/resources/views/blog/show.blade.php: {"insertSpaces":true,"tabSize":4}
terakhir_cms/resources/views/blog/show.blade.php: Using EditorConfig core...
resources/views/blog/show.blade.php: setEndOfLine(LF)
resources/views/blog/show.blade.php: editor.action.trimTrailingWhitespace
terakhir_cms/resources/views/blog/show.blade.php: {"insertSpaces":true,"tabSize":4}
terakhir_cms/resources/views/blog/show.blade.php: Using EditorConfig core...
resources/views/blog/show.blade.php: setEndOfLine(LF)
resources/views/blog/show.blade.php: editor.action.trimTrailingWhitespace
terakhir_cms/resources/views/blog/show.blade.php: {"insertSpaces":true,"tabSize":4}
terakhir_cms/resources/views/blog/show.blade.php: {"insertSpaces":true,"tabSize":4}
terakhir_cms/resources/views/blog/show.blade.php: Using EditorConfig core...
resources/views/blog/show.blade.php: setEndOfLine(LF)
resources/views/blog/show.blade.php: editor.action.trimTrailingWhitespace
terakhir_cms/resources/views/blog/show.blade.php: {"insertSpaces":true,"tabSize":4}
terakhir_cms/resources/views/blog/show.blade.php: {"insertSpaces":true,"tabSize":4}
terakhir_cms/resources/views/blog/show.blade.php: {"insertSpaces":true,"tabSize":4}
terakhir_cms/resources/views/blog/show.blade.php: Using EditorConfig core...
resources/views/blog/show.blade.php: setEndOfLine(LF)
resources/views/blog/show.blade.php: editor.action.trimTrailingWhitespace
terakhir_cms/resources/views/blog/show.blade.php: Using EditorConfig core...
resources/views/blog/show.blade.php: setEndOfLine(LF)
resources/views/blog/show.blade.php: editor.action.trimTrailingWhitespace
terakhir_cms/resources/views/blog/show.blade.php: {"insertSpaces":true,"tabSize":4}
terakhir_cms/resources/views/blog/show.blade.php: {"insertSpaces":true,"tabSize":4}
terakhir_cms/resources/views/blog/show.blade.php: {"insertSpaces":true,"tabSize":4}
terakhir_cms/resources/views/blog/show.blade.php: {"insertSpaces":true,"tabSize":4}
terakhir_cms/resources/views/blog/show.blade.php: {"insertSpaces":true,"tabSize":4}
terakhir_cms/resources/views/blog/show.blade.php: {"insertSpaces":true,"tabSize":4}
terakhir_cms/resources/views/blog/show.blade.php: Using EditorConfig core...
resources/views/blog/show.blade.php: setEndOfLine(LF)
resources/views/blog/show.blade.php: editor.action.trimTrailingWhitespace
terakhir_cms/resources/views/blog/show.blade.php: {"insertSpaces":true,"tabSize":4}
terakhir_cms/resources/views/blog/show.blade.php: Using EditorConfig core...
resources/views/blog/show.blade.php: setEndOfLine(LF)
resources/views/blog/show.blade.php: editor.action.trimTrailingWhitespace
terakhir_cms/resources/views/blog/show.blade.php: Using EditorConfig core...
resources/views/blog/show.blade.php: setEndOfLine(LF)
resources/views/blog/show.blade.php: editor.action.trimTrailingWhitespace
terakhir_cms/resources/views/blog/show.blade.php: Using EditorConfig core...
resources/views/blog/show.blade.php: setEndOfLine(LF)
resources/views/blog/show.blade.php: editor.action.trimTrailingWhitespace
terakhir_cms/resources/views/blog/show.blade.php: {"insertSpaces":true,"tabSize":4}
terakhir_cms/resources/views/blog/show.blade.php: Using EditorConfig core...
resources/views/blog/show.blade.php: setEndOfLine(LF)
resources/views/blog/show.blade.php: editor.action.trimTrailingWhitespace
terakhir_cms/resources/views/blog/show.blade.php: {"insertSpaces":true,"tabSize":4}
terakhir_cms/resources/views/blog/show.blade.php: {"insertSpaces":true,"tabSize":4}
terakhir_cms/resources/views/blog/show.blade.php: Using EditorConfig core...
resources/views/blog/show.blade.php: setEndOfLine(LF)
resources/views/blog/show.blade.php: editor.action.trimTrailingWhitespace
terakhir_cms/resources/views/blog/show.blade.php: {"insertSpaces":true,"tabSize":4}
terakhir_cms/resources/views/blog/show.blade.php: {"insertSpaces":true,"tabSize":4}
terakhir_cms/resources/views/blog/show.blade.php: Using EditorConfig core...
resources/views/blog/show.blade.php: setEndOfLine(LF)
resources/views/blog/show.blade.php: editor.action.trimTrailingWhitespace
terakhir_cms/resources/views/blog/show.blade.php: Using EditorConfig core...
resources/views/blog/show.blade.php: setEndOfLine(LF)
resources/views/blog/show.blade.php: editor.action.trimTrailingWhitespace
terakhir_cms/resources/views/blog/show.blade.php: {"insertSpaces":true,"tabSize":4}
terakhir_cms/resources/views/blog/show.blade.php: {"insertSpaces":true,"tabSize":4}
terakhir_cms/resources/views/blog/show.blade.php: {"insertSpaces":true,"tabSize":4}
terakhir_cms/resources/views/blog/show.blade.php: {"insertSpaces":true,"tabSize":4}
terakhir_cms/resources/views/blog/show.blade.php: {"insertSpaces":true,"tabSize":4}
terakhir_cms/resources/views/blog/show.blade.php: {"insertSpaces":true,"tabSize":4}
/var/www/html/laravel/laravel-cms-2019-master/resources/views/blog/show.blade.php: {"insertSpaces":true,"tabSize":4}
/var/www/html/laravel/laravel-cms-2019-master/resources/views/blog/show.blade.php: {"insertSpaces":true,"tabSize":4}
/var/www/html/laravel/laravel-cms-2019-master/resources/views/blog/show.blade.php: {"insertSpaces":true,"tabSize":4}
terakhir_cms/resources/views/blog/show.blade.php: {"insertSpaces":true,"tabSize":4}
terakhir_cms/resources/views/blog/show.blade.php: Using EditorConfig core...
resources/views/blog/show.blade.php: setEndOfLine(LF)
resources/views/blog/show.blade.php: editor.action.trimTrailingWhitespace
terakhir_cms/resources/views/blog/show.blade.php: Using EditorConfig core...
resources/views/blog/show.blade.php: setEndOfLine(LF)
resources/views/blog/show.blade.php: editor.action.trimTrailingWhitespace
terakhir_cms/resources/views/blog/show.blade.php: Using EditorConfig core...
resources/views/blog/show.blade.php: setEndOfLine(LF)
resources/views/blog/show.blade.php: editor.action.trimTrailingWhitespace
terakhir_cms/resources/views/blog/show.blade.php: Using EditorConfig core...
resources/views/blog/show.blade.php: setEndOfLine(LF)
resources/views/blog/show.blade.php: editor.action.trimTrailingWhitespace
terakhir_cms/resources/views/blog/show.blade.php: {"insertSpaces":true,"tabSize":4}
terakhir_cms/resources/views/blog/show.blade.php: Using EditorConfig core...
resources/views/blog/show.blade.php: setEndOfLine(LF)
resources/views/blog/show.blade.php: editor.action.trimTrailingWhitespace
terakhir_cms/resources/views/blog/show.blade.php: {"insertSpaces":true,"tabSize":4}
terakhir_cms/resources/views/blog/show.blade.php: {"insertSpaces":true,"tabSize":4}
terakhir_cms/resources/views/blog/show.blade.php: {"insertSpaces":true,"tabSize":4}
terakhir_cms/resources/views/blog/show.blade.php: {"insertSpaces":true,"tabSize":4}
terakhir_cms/resources/views/blog/show.blade.php: {"insertSpaces":true,"tabSize":4}
terakhir_cms/resources/views/blog/show.blade.php: {"insertSpaces":true,"tabSize":4}
terakhir_cms/resources/views/blog/show.blade.php: {"insertSpaces":true,"tabSize":4}
terakhir_cms/resources/views/blog/show.blade.php: {"insertSpaces":true,"tabSize":4}
terakhir_cms/resources/views/blog/show.blade.php: Using EditorConfig core...
resources/views/blog/show.blade.php: setEndOfLine(LF)
resources/views/blog/show.blade.php: editor.action.trimTrailingWhitespace
terakhir_cms/resources/views/blog/show.blade.php: {"insertSpaces":true,"tabSize":4}
terakhir_cms/resources/views/blog/show.blade.php: {"insertSpaces":true,"tabSize":4}
terakhir_cms/resources/views/blog/show.blade.php: Using EditorConfig core...
resources/views/blog/show.blade.php: setEndOfLine(LF)
resources/views/blog/show.blade.php: editor.action.trimTrailingWhitespace
terakhir_cms/resources/views/blog/show.blade.php: {"insertSpaces":true,"tabSize":4}
terakhir_cms/resources/views/blog/show.blade.php: {"insertSpaces":true,"tabSize":4}
terakhir_cms/resources/views/blog/show.blade.php: {"insertSpaces":true,"tabSize":4}
terakhir_cms/resources/views/blog/show.blade.php: {"insertSpaces":true,"tabSize":4}
terakhir_cms/resources/views/blog/show.blade.php: Using EditorConfig core...
resources/views/blog/show.blade.php: setEndOfLine(LF)
resources/views/blog/show.blade.php: editor.action.trimTrailingWhitespace
terakhir_cms/resources/views/blog/show.blade.php: {"insertSpaces":true,"tabSize":4}
terakhir_cms/resources/views/blog/show.blade.php: Using EditorConfig core...
resources/views/blog/show.blade.php: setEndOfLine(LF)
resources/views/blog/show.blade.php: editor.action.trimTrailingWhitespace
terakhir_cms/resources/views/blog/show.blade.php: Using EditorConfig core...
resources/views/blog/show.blade.php: setEndOfLine(LF)
resources/views/blog/show.blade.php: editor.action.trimTrailingWhitespace
terakhir_cms/resources/views/blog/show.blade.php: Using EditorConfig core...
resources/views/blog/show.blade.php: setEndOfLine(LF)
resources/views/blog/show.blade.php: editor.action.trimTrailingWhitespace
terakhir_cms/resources/views/blog/show.blade.php: {"insertSpaces":true,"tabSize":4}
terakhir_cms/resources/views/blog/show.blade.php: {"insertSpaces":true,"tabSize":4}
terakhir_cms/resources/views/blog/show.blade.php: {"insertSpaces":true,"tabSize":4}
/var/www/html/laravel/laravel-cms-2019-master/resources/views/blog/show.blade.php: {"insertSpaces":true,"tabSize":4}
terakhir_cms/resources/views/blog/show.blade.php: {"insertSpaces":true,"tabSize":4}
terakhir_cms/resources/views/layouts/blog.blade.php: {"insertSpaces":true,"tabSize":4}
terakhir_cms/resources/views/welcome.blade.php: {"insertSpaces":true,"tabSize":4}
terakhir_cms/resources/views/welcome.blade.php: {"insertSpaces":true,"tabSize":4}
/var/www/html/laravel/laravel-cms-2019-master/resources/views/blog/show.blade.php: {"insertSpaces":true,"tabSize":4}
/var/www/html/laravel/login_register/resources/views/welcome.blade.php: {"insertSpaces":true,"tabSize":4}
/var/www/html/laravel/login_register/resources/views/welcome.blade.php: {"insertSpaces":true,"tabSize":4}
/var/www/html/laravel/laravel-cms-2019-master/resources/views/blog/show.blade.php: {"insertSpaces":true,"tabSize":4}
terakhir_cms/resources/views/welcome.blade.php: {"insertSpaces":true,"tabSize":4}
terakhir_cms/resources/views/welcome.blade.php: Using EditorConfig core...
resources/views/welcome.blade.php: setEndOfLine(LF)
resources/views/welcome.blade.php: editor.action.trimTrailingWhitespace
terakhir_cms/config/app.php: {"insertSpaces":true,"tabSize":4}
terakhir_cms/resources/views/welcome.blade.php: {"insertSpaces":true,"tabSize":4}
terakhir_cms/config/app.php: {"insertSpaces":true,"tabSize":4}
terakhir_cms/resources/views/welcome.blade.php: {"insertSpaces":true,"tabSize":4}
terakhir_cms/resources/views/welcome.blade.php: Using EditorConfig core...
resources/views/welcome.blade.php: setEndOfLine(LF)
resources/views/welcome.blade.php: editor.action.trimTrailingWhitespace
terakhir_cms/resources/views/welcome.blade.php: {"insertSpaces":true,"tabSize":4}
terakhir_cms/resources/views/welcome.blade.php: {"insertSpaces":true,"tabSize":4}
terakhir_cms/resources/views/layouts/blog.blade.php: {"insertSpaces":true,"tabSize":4}
terakhir_cms/resources/views/layouts/blog.blade.php: Using EditorConfig core...
resources/views/layouts/blog.blade.php: setEndOfLine(LF)
resources/views/layouts/blog.blade.php: editor.action.trimTrailingWhitespace
terakhir_cms/resources/views/layouts/blog.blade.php: Using EditorConfig core...
resources/views/layouts/blog.blade.php: setEndOfLine(LF)
resources/views/layouts/blog.blade.php: editor.action.trimTrailingWhitespace
terakhir_cms/resources/views/layouts/blog.blade.php: {"insertSpaces":true,"tabSize":4}
terakhir_cms/resources/views/layouts/blog.blade.php: Using EditorConfig core...
resources/views/layouts/blog.blade.php: setEndOfLine(LF)
resources/views/layouts/blog.blade.php: editor.action.trimTrailingWhitespace
terakhir_cms/resources/views/welcome.blade.php: {"insertSpaces":true,"tabSize":4}
terakhir_cms/resources/views/welcome.blade.php: {"insertSpaces":true,"tabSize":4}
terakhir_cms/resources/views/welcome.blade.php: {"insertSpaces":true,"tabSize":4}
terakhir_cms/resources/views/welcome.blade.php: Using EditorConfig core...
resources/views/welcome.blade.php: setEndOfLine(LF)
resources/views/welcome.blade.php: editor.action.trimTrailingWhitespace
terakhir_cms/resources/views/welcome.blade.php: {"insertSpaces":true,"tabSize":4}
terakhir_cms/resources/views/welcome.blade.php: Using EditorConfig core...
resources/views/welcome.blade.php: setEndOfLine(LF)
resources/views/welcome.blade.php: editor.action.trimTrailingWhitespace
terakhir_cms/resources/views/welcome.blade.php: {"insertSpaces":true,"tabSize":4}
terakhir_cms/resources/views/layouts/blog.blade.php: {"insertSpaces":true,"tabSize":4}
terakhir_cms/resources/views/layouts/blog.blade.php: Using EditorConfig core...
resources/views/layouts/blog.blade.php: setEndOfLine(LF)
resources/views/layouts/blog.blade.php: editor.action.trimTrailingWhitespace
terakhir_cms/resources/views/layouts/blog.blade.php: {"insertSpaces":true,"tabSize":4}
terakhir_cms/app/Http/Controllers/WelcomeController.php: {"insertSpaces":true,"tabSize":4}
terakhir_cms/app/Http/Controllers/WelcomeController.php: Using EditorConfig core...
app/Http/Controllers/WelcomeController.php: setEndOfLine(LF)
app/Http/Controllers/WelcomeController.php: editor.action.trimTrailingWhitespace
terakhir_cms/app/Http/Controllers/WelcomeController.php: Using EditorConfig core...
app/Http/Controllers/WelcomeController.php: setEndOfLine(LF)
app/Http/Controllers/WelcomeController.php: editor.action.trimTrailingWhitespace
terakhir_cms/app/Http/Controllers/WelcomeController.php: {"insertSpaces":true,"tabSize":4}
terakhir_cms/app/Http/Controllers/WelcomeController.php: Using EditorConfig core...
app/Http/Controllers/WelcomeController.php: setEndOfLine(LF)
app/Http/Controllers/WelcomeController.php: editor.action.trimTrailingWhitespace
terakhir_cms/app/Http/Controllers/WelcomeController.php: {"insertSpaces":true,"tabSize":4}
/var/www/html/laravel/login_register/resources/views/welcome.blade.php: {"insertSpaces":true,"tabSize":4}
/var/www/html/laravel/laravel-cms-2019-master/resources/views/blog/show.blade.php: {"insertSpaces":true,"tabSize":4}
/var/www/html/laravel/laravel-cms-2019-master/resources/views/welcome.blade.php: {"insertSpaces":true,"tabSize":4}
/var/www/html/laravel/laravel-cms-2019-master/resources/views/welcome.blade.php: {"insertSpaces":true,"tabSize":4}
terakhir_cms/resources/views/welcome.blade.php: {"insertSpaces":true,"tabSize":4}
terakhir_cms/resources/views/welcome.blade.php: {"insertSpaces":true,"tabSize":4}
terakhir_cms/resources/views/welcome.blade.php: {"insertSpaces":true,"tabSize":4}
terakhir_cms/resources/views/welcome.blade.php: {"insertSpaces":true,"tabSize":4}
terakhir_cms/resources/views/welcome.blade.php: Using EditorConfig core...
resources/views/welcome.blade.php: setEndOfLine(LF)
resources/views/welcome.blade.php: editor.action.trimTrailingWhitespace
terakhir_cms/resources/views/welcome.blade.php: Using EditorConfig core...
resources/views/welcome.blade.php: setEndOfLine(LF)
resources/views/welcome.blade.php: editor.action.trimTrailingWhitespace
terakhir_cms/resources/views/welcome.blade.php: {"insertSpaces":true,"tabSize":4}
terakhir_cms/resources/views/welcome.blade.php: {"insertSpaces":true,"tabSize":4}
terakhir_cms/resources/views/welcome.blade.php: Using EditorConfig core...
resources/views/welcome.blade.php: setEndOfLine(LF)
resources/views/welcome.blade.php: editor.action.trimTrailingWhitespace
terakhir_cms/resources/views/welcome.blade.php: {"insertSpaces":true,"tabSize":4}
terakhir_cms/resources/views/welcome.blade.php: Using EditorConfig core...
resources/views/welcome.blade.php: setEndOfLine(LF)
resources/views/welcome.blade.php: editor.action.trimTrailingWhitespace
terakhir_cms/resources/views/welcome.blade.php: {"insertSpaces":true,"tabSize":4}
terakhir_cms/resources/views/welcome.blade.php: Using EditorConfig core...
resources/views/welcome.blade.php: setEndOfLine(LF)
resources/views/welcome.blade.php: editor.action.trimTrailingWhitespace
terakhir_cms/resources/views/welcome.blade.php: {"insertSpaces":true,"tabSize":4}
terakhir_cms/resources/views/welcome.blade.php: Using EditorConfig core...
resources/views/welcome.blade.php: setEndOfLine(LF)
resources/views/welcome.blade.php: editor.action.trimTrailingWhitespace
terakhir_cms/resources/views/welcome.blade.php: {"insertSpaces":true,"tabSize":4}
terakhir_cms/resources/views/welcome.blade.php: Using EditorConfig core...
resources/views/welcome.blade.php: setEndOfLine(LF)
resources/views/welcome.blade.php: editor.action.trimTrailingWhitespace
terakhir_cms/resources/views/welcome.blade.php: {"insertSpaces":true,"tabSize":4}
terakhir_cms/resources/views/welcome.blade.php: Using EditorConfig core...
resources/views/welcome.blade.php: setEndOfLine(LF)
resources/views/welcome.blade.php: editor.action.trimTrailingWhitespace
terakhir_cms/resources/views/welcome.blade.php: {"insertSpaces":true,"tabSize":4}
terakhir_cms/app/Http/Controllers/WelcomeController.php: {"insertSpaces":true,"tabSize":4}
terakhir_cms/app/Http/Controllers/WelcomeController.php: {"insertSpaces":true,"tabSize":4}
terakhir_cms/app/Http/Controllers/WelcomeController.php: {"insertSpaces":true,"tabSize":4}
terakhir_cms/app/Http/Controllers/WelcomeController.php: Using EditorConfig core...
app/Http/Controllers/WelcomeController.php: setEndOfLine(LF)
app/Http/Controllers/WelcomeController.php: editor.action.trimTrailingWhitespace
terakhir_cms/app/Http/Controllers/WelcomeController.php: {"insertSpaces":true,"tabSize":4}
terakhir_cms/app/Http/Controllers/WelcomeController.php: {"insertSpaces":true,"tabSize":4}
terakhir_cms/app/Http/Controllers/WelcomeController.php: Using EditorConfig core...
app/Http/Controllers/WelcomeController.php: setEndOfLine(LF)
app/Http/Controllers/WelcomeController.php: editor.action.trimTrailingWhitespace
terakhir_cms/app/Http/Controllers/WelcomeController.php: {"insertSpaces":true,"tabSize":4}
terakhir_cms/app/Http/Controllers/WelcomeController.php: {"insertSpaces":true,"tabSize":4}
terakhir_cms/resources/views/welcome.blade.php: {"insertSpaces":true,"tabSize":4}
terakhir_cms/resources/views/welcome.blade.php: Using EditorConfig core...
resources/views/welcome.blade.php: setEndOfLine(LF)
resources/views/welcome.blade.php: editor.action.trimTrailingWhitespace
terakhir_cms/resources/views/welcome.blade.php: {"insertSpaces":true,"tabSize":4}
terakhir_cms/resources/views/welcome.blade.php: Using EditorConfig core...
resources/views/welcome.blade.php: setEndOfLine(LF)
resources/views/welcome.blade.php: editor.action.trimTrailingWhitespace
terakhir_cms/resources/views/welcome.blade.php: {"insertSpaces":true,"tabSize":4}
terakhir_cms/resources/views/welcome.blade.php: Using EditorConfig core...
resources/views/welcome.blade.php: setEndOfLine(LF)
resources/views/welcome.blade.php: editor.action.trimTrailingWhitespace
terakhir_cms/resources/views/welcome.blade.php: {"insertSpaces":true,"tabSize":4}
terakhir_cms/resources/views/welcome.blade.php: Using EditorConfig core...
resources/views/welcome.blade.php: setEndOfLine(LF)
resources/views/welcome.blade.php: editor.action.trimTrailingWhitespace
terakhir_cms/resources/views/welcome.blade.php: Using EditorConfig core...
resources/views/welcome.blade.php: setEndOfLine(LF)
resources/views/welcome.blade.php: editor.action.trimTrailingWhitespace
terakhir_cms/resources/views/welcome.blade.php: {"insertSpaces":true,"tabSize":4}
terakhir_cms/resources/views/welcome.blade.php: Using EditorConfig core...
resources/views/welcome.blade.php: setEndOfLine(LF)
resources/views/welcome.blade.php: editor.action.trimTrailingWhitespace
terakhir_cms/resources/views/welcome.blade.php: {"insertSpaces":true,"tabSize":4}
terakhir_cms/resources/views/welcome.blade.php: {"insertSpaces":true,"tabSize":4}
terakhir_cms/resources/views/vendor/pagination/simple-bootstrap-4.blade.php: {"insertSpaces":true,"tabSize":4}
terakhir_cms/resources/views/vendor/pagination/simple-bootstrap-4.blade.php: {"insertSpaces":true,"tabSize":4}
/var/www/html/laravel/laravel-cms-2019-master/resources/views/welcome.blade.php: {"insertSpaces":true,"tabSize":4}
/var/www/html/laravel/laravel-cms-2019-master/resources/views/vendor/pagination/simple-default.blade.php: {"insertSpaces":true,"tabSize":4}
/var/www/html/laravel/laravel-cms-2019-master/resources/views/vendor/pagination/simple-bootstrap-4.blade.php: {"insertSpaces":true,"tabSize":4}
terakhir_cms/resources/views/vendor/pagination/simple-bootstrap-4.blade.php: {"insertSpaces":true,"tabSize":4}
terakhir_cms/resources/views/vendor/pagination/simple-bootstrap-4.blade.php: Using EditorConfig core...
resources/views/vendor/pagination/simple-bootstrap-4.blade.php: setEndOfLine(LF)
resources/views/vendor/pagination/simple-bootstrap-4.blade.php: editor.action.trimTrailingWhitespace
terakhir_cms/resources/views/vendor/pagination/simple-bootstrap-4.blade.php: Using EditorConfig core...
resources/views/vendor/pagination/simple-bootstrap-4.blade.php: setEndOfLine(LF)
resources/views/vendor/pagination/simple-bootstrap-4.blade.php: editor.action.trimTrailingWhitespace
terakhir_cms/resources/views/vendor/pagination/simple-bootstrap-4.blade.php: Using EditorConfig core...
resources/views/vendor/pagination/simple-bootstrap-4.blade.php: setEndOfLine(LF)
resources/views/vendor/pagination/simple-bootstrap-4.blade.php: editor.action.trimTrailingWhitespace
terakhir_cms/resources/views/vendor/pagination/simple-bootstrap-4.blade.php: Using EditorConfig core...
resources/views/vendor/pagination/simple-bootstrap-4.blade.php: setEndOfLine(LF)
resources/views/vendor/pagination/simple-bootstrap-4.blade.php: editor.action.trimTrailingWhitespace
terakhir_cms/resources/views/vendor/pagination/simple-bootstrap-4.blade.php: Using EditorConfig core...
resources/views/vendor/pagination/simple-bootstrap-4.blade.php: setEndOfLine(LF)
resources/views/vendor/pagination/simple-bootstrap-4.blade.php: editor.action.trimTrailingWhitespace
terakhir_cms/resources/views/vendor/pagination/simple-bootstrap-4.blade.php: Using EditorConfig core...
resources/views/vendor/pagination/simple-bootstrap-4.blade.php: setEndOfLine(LF)
resources/views/vendor/pagination/simple-bootstrap-4.blade.php: editor.action.trimTrailingWhitespace
terakhir_cms/resources/views/vendor/pagination/simple-bootstrap-4.blade.php: Using EditorConfig core...
resources/views/vendor/pagination/simple-bootstrap-4.blade.php: setEndOfLine(LF)
resources/views/vendor/pagination/simple-bootstrap-4.blade.php: editor.action.trimTrailingWhitespace
terakhir_cms/resources/views/vendor/pagination/simple-bootstrap-4.blade.php: Using EditorConfig core...
resources/views/vendor/pagination/simple-bootstrap-4.blade.php: setEndOfLine(LF)
resources/views/vendor/pagination/simple-bootstrap-4.blade.php: editor.action.trimTrailingWhitespace
terakhir_cms/resources/views/vendor/pagination/simple-bootstrap-4.blade.php: Using EditorConfig core...
resources/views/vendor/pagination/simple-bootstrap-4.blade.php: setEndOfLine(LF)
resources/views/vendor/pagination/simple-bootstrap-4.blade.php: editor.action.trimTrailingWhitespace
terakhir_cms/resources/views/vendor/pagination/simple-bootstrap-4.blade.php: Using EditorConfig core...
resources/views/vendor/pagination/simple-bootstrap-4.blade.php: setEndOfLine(LF)
resources/views/vendor/pagination/simple-bootstrap-4.blade.php: editor.action.trimTrailingWhitespace
terakhir_cms/resources/views/vendor/pagination/simple-bootstrap-4.blade.php: Using EditorConfig core...
resources/views/vendor/pagination/simple-bootstrap-4.blade.php: setEndOfLine(LF)
resources/views/vendor/pagination/simple-bootstrap-4.blade.php: editor.action.trimTrailingWhitespace
terakhir_cms/resources/views/vendor/pagination/simple-bootstrap-4.blade.php: Using EditorConfig core...
resources/views/vendor/pagination/simple-bootstrap-4.blade.php: setEndOfLine(LF)
resources/views/vendor/pagination/simple-bootstrap-4.blade.php: editor.action.trimTrailingWhitespace
terakhir_cms/resources/views/vendor/pagination/simple-bootstrap-4.blade.php: Using EditorConfig core...
resources/views/vendor/pagination/simple-bootstrap-4.blade.php: setEndOfLine(LF)
resources/views/vendor/pagination/simple-bootstrap-4.blade.php: editor.action.trimTrailingWhitespace
terakhir_cms/resources/views/vendor/pagination/simple-bootstrap-4.blade.php: {"insertSpaces":true,"tabSize":4}
terakhir_cms/resources/views/vendor/pagination/simple-bootstrap-4.blade.php: Using EditorConfig core...
resources/views/vendor/pagination/simple-bootstrap-4.blade.php: setEndOfLine(LF)
resources/views/vendor/pagination/simple-bootstrap-4.blade.php: editor.action.trimTrailingWhitespace
terakhir_cms/resources/views/vendor/pagination/simple-bootstrap-4.blade.php: {"insertSpaces":true,"tabSize":4}
terakhir_cms/resources/views/vendor/pagination/simple-bootstrap-4.blade.php: Using EditorConfig core...
resources/views/vendor/pagination/simple-bootstrap-4.blade.php: setEndOfLine(LF)
resources/views/vendor/pagination/simple-bootstrap-4.blade.php: editor.action.trimTrailingWhitespace
terakhir_cms/resources/views/vendor/pagination/simple-bootstrap-4.blade.php: {"insertSpaces":true,"tabSize":4}
/var/www/html/laravel/laravel-cms-2019-master/resources/views/vendor/pagination/simple-bootstrap-4.blade.php: {"insertSpaces":true,"tabSize":4}
terakhir_cms/resources/views/vendor/pagination/simple-bootstrap-4.blade.php: {"insertSpaces":true,"tabSize":4}
terakhir_cms/resources/views/welcome.blade.php: {"insertSpaces":true,"tabSize":4}
terakhir_cms/resources/views/welcome.blade.php: {"insertSpaces":true,"tabSize":4}
/var/www/html/laravel/laravel-cms-2019-master/resources/views/vendor/pagination/simple-bootstrap-4.blade.php: {"insertSpaces":true,"tabSize":4}
terakhir_cms/resources/views/welcome.blade.php: {"insertSpaces":true,"tabSize":4}
terakhir_cms/resources/views/vendor/pagination/simple-bootstrap-4.blade.php: {"insertSpaces":true,"tabSize":4}
terakhir_cms/resources/views/vendor/pagination/simple-bootstrap-4.blade.php: Using EditorConfig core...
resources/views/vendor/pagination/simple-bootstrap-4.blade.php: setEndOfLine(LF)
resources/views/vendor/pagination/simple-bootstrap-4.blade.php: editor.action.trimTrailingWhitespace
terakhir_cms/resources/views/vendor/pagination/simple-bootstrap-4.blade.php: {"insertSpaces":true,"tabSize":4}
terakhir_cms/resources/views/vendor/pagination/simple-bootstrap-4.blade.php: Using EditorConfig core...
resources/views/vendor/pagination/simple-bootstrap-4.blade.php: setEndOfLine(LF)
resources/views/vendor/pagination/simple-bootstrap-4.blade.php: editor.action.trimTrailingWhitespace
terakhir_cms/resources/views/welcome.blade.php: {"insertSpaces":true,"tabSize":4}
terakhir_cms/resources/views/welcome.blade.php: Using EditorConfig core...
resources/views/welcome.blade.php: setEndOfLine(LF)
resources/views/welcome.blade.php: editor.action.trimTrailingWhitespace
terakhir_cms/resources/views/welcome.blade.php: {"insertSpaces":true,"tabSize":4}
terakhir_cms/resources/views/welcome.blade.php: {"insertSpaces":true,"tabSize":4}
terakhir_cms/resources/views/welcome.blade.php: {"insertSpaces":true,"tabSize":4}
terakhir_cms/resources/views/blog/show.blade.php: {"insertSpaces":true,"tabSize":4}
terakhir_cms/resources/views/welcome.blade.php: {"insertSpaces":true,"tabSize":4}
terakhir_cms/resources/views/welcome.blade.php: Using EditorConfig core...
resources/views/welcome.blade.php: setEndOfLine(LF)
resources/views/welcome.blade.php: editor.action.trimTrailingWhitespace
terakhir_cms/resources/views/welcome.blade.php: Using EditorConfig core...
resources/views/welcome.blade.php: setEndOfLine(LF)
resources/views/welcome.blade.php: editor.action.trimTrailingWhitespace
terakhir_cms/resources/views/welcome.blade.php: Using EditorConfig core...
resources/views/welcome.blade.php: setEndOfLine(LF)
resources/views/welcome.blade.php: editor.action.trimTrailingWhitespace
terakhir_cms/resources/views/welcome.blade.php: {"insertSpaces":true,"tabSize":4}
terakhir_cms/resources/views/welcome.blade.php: Using EditorConfig core...
resources/views/welcome.blade.php: setEndOfLine(LF)
resources/views/welcome.blade.php: editor.action.trimTrailingWhitespace
terakhir_cms/resources/views/welcome.blade.php: {"insertSpaces":true,"tabSize":4}
terakhir_cms/resources/views/welcome.blade.php: Using EditorConfig core...
resources/views/welcome.blade.php: setEndOfLine(LF)
resources/views/welcome.blade.php: editor.action.trimTrailingWhitespace
terakhir_cms/resources/views/welcome.blade.php: {"insertSpaces":true,"tabSize":4}
terakhir_cms/resources/views/welcome.blade.php: Using EditorConfig core...
resources/views/welcome.blade.php: setEndOfLine(LF)
resources/views/welcome.blade.php: editor.action.trimTrailingWhitespace
terakhir_cms/resources/views/welcome.blade.php: {"insertSpaces":true,"tabSize":4}
terakhir_cms/resources/views/welcome.blade.php: Using EditorConfig core...
resources/views/welcome.blade.php: setEndOfLine(LF)
resources/views/welcome.blade.php: editor.action.trimTrailingWhitespace
terakhir_cms/resources/views/welcome.blade.php: Using EditorConfig core...
resources/views/welcome.blade.php: setEndOfLine(LF)
resources/views/welcome.blade.php: editor.action.trimTrailingWhitespace
terakhir_cms/resources/views/welcome.blade.php: {"insertSpaces":true,"tabSize":4}
terakhir_cms/resources/views/welcome.blade.php: Using EditorConfig core...
resources/views/welcome.blade.php: setEndOfLine(LF)
resources/views/welcome.blade.php: editor.action.trimTrailingWhitespace
terakhir_cms/resources/views/welcome.blade.php: {"insertSpaces":true,"tabSize":4}
terakhir_cms/resources/views/welcome.blade.php: Using EditorConfig core...
resources/views/welcome.blade.php: setEndOfLine(LF)
resources/views/welcome.blade.php: editor.action.trimTrailingWhitespace
terakhir_cms/resources/views/welcome.blade.php: Using EditorConfig core...
resources/views/welcome.blade.php: setEndOfLine(LF)
resources/views/welcome.blade.php: editor.action.trimTrailingWhitespace
terakhir_cms/resources/views/welcome.blade.php: Using EditorConfig core...
resources/views/welcome.blade.php: setEndOfLine(LF)
resources/views/welcome.blade.php: editor.action.trimTrailingWhitespace
terakhir_cms/resources/views/welcome.blade.php: Using EditorConfig core...
resources/views/welcome.blade.php: setEndOfLine(LF)
resources/views/welcome.blade.php: editor.action.trimTrailingWhitespace
terakhir_cms/resources/views/welcome.blade.php: Using EditorConfig core...
resources/views/welcome.blade.php: setEndOfLine(LF)
resources/views/welcome.blade.php: editor.action.trimTrailingWhitespace
terakhir_cms/resources/views/welcome.blade.php: Using EditorConfig core...
resources/views/welcome.blade.php: setEndOfLine(LF)
resources/views/welcome.blade.php: editor.action.trimTrailingWhitespace
terakhir_cms/resources/views/welcome.blade.php: Using EditorConfig core...
resources/views/welcome.blade.php: setEndOfLine(LF)
resources/views/welcome.blade.php: editor.action.trimTrailingWhitespace
terakhir_cms/resources/views/welcome.blade.php: Using EditorConfig core...
resources/views/welcome.blade.php: setEndOfLine(LF)
resources/views/welcome.blade.php: editor.action.trimTrailingWhitespace
terakhir_cms/resources/views/welcome.blade.php: {"insertSpaces":true,"tabSize":4}
terakhir_cms/app/Http/Controllers/WelcomeController.php: {"insertSpaces":true,"tabSize":4}
terakhir_cms/app/Http/Controllers/WelcomeController.php: Using EditorConfig core...
app/Http/Controllers/WelcomeController.php: setEndOfLine(LF)
app/Http/Controllers/WelcomeController.php: editor.action.trimTrailingWhitespace
terakhir_cms/app/Http/Controllers/WelcomeController.php: {"insertSpaces":true,"tabSize":4}
terakhir_cms/resources/views/welcome.blade.php: {"insertSpaces":true,"tabSize":4}
terakhir_cms/resources/views/welcome.blade.php: Using EditorConfig core...
resources/views/welcome.blade.php: setEndOfLine(LF)
resources/views/welcome.blade.php: editor.action.trimTrailingWhitespace
terakhir_cms/resources/views/welcome.blade.php: {"insertSpaces":true,"tabSize":4}
terakhir_cms/app/Http/Controllers/WelcomeController.php: {"insertSpaces":true,"tabSize":4}
terakhir_cms/app/Http/Controllers/WelcomeController.php: Using EditorConfig core...
app/Http/Controllers/WelcomeController.php: setEndOfLine(LF)
app/Http/Controllers/WelcomeController.php: editor.action.trimTrailingWhitespace
terakhir_cms/app/Http/Controllers/WelcomeController.php: {"insertSpaces":true,"tabSize":4}
terakhir_cms/resources/views/vendor/pagination/simple-bootstrap-4.blade.php: {"insertSpaces":true,"tabSize":4}
terakhir_cms/resources/views/vendor/pagination/simple-bootstrap-4.blade.php: {"insertSpaces":true,"tabSize":4}
terakhir_cms/app/Http/Controllers/WelcomeController.php: {"insertSpaces":true,"tabSize":4}
terakhir_cms/app/Http/Controllers/WelcomeController.php: Using EditorConfig core...
app/Http/Controllers/WelcomeController.php: setEndOfLine(LF)
app/Http/Controllers/WelcomeController.php: editor.action.trimTrailingWhitespace
terakhir_cms/app/Http/Controllers/WelcomeController.php: {"insertSpaces":true,"tabSize":4}
terakhir_cms/app/Http/Controllers/WelcomeController.php: Using EditorConfig core...
app/Http/Controllers/WelcomeController.php: setEndOfLine(LF)
app/Http/Controllers/WelcomeController.php: editor.action.trimTrailingWhitespace
terakhir_cms/resources/views/welcome.blade.php: {"insertSpaces":true,"tabSize":4}
terakhir_cms/resources/views/welcome.blade.php: Using EditorConfig core...
resources/views/welcome.blade.php: setEndOfLine(LF)
resources/views/welcome.blade.php: editor.action.trimTrailingWhitespace
terakhir_cms/resources/views/welcome.blade.php: {"insertSpaces":true,"tabSize":4}
terakhir_cms/resources/views/vendor/pagination/simple-bootstrap-4.blade.php: {"insertSpaces":true,"tabSize":4}
terakhir_cms/resources/views/vendor/pagination/simple-bootstrap-4.blade.php: {"insertSpaces":true,"tabSize":4}
terakhir_cms/resources/views/vendor/pagination/simple-bootstrap-4.blade.php: Using EditorConfig core...
resources/views/vendor/pagination/simple-bootstrap-4.blade.php: setEndOfLine(LF)
resources/views/vendor/pagination/simple-bootstrap-4.blade.php: editor.action.trimTrailingWhitespace
terakhir_cms/resources/views/welcome.blade.php: {"insertSpaces":true,"tabSize":4}
terakhir_cms/resources/views/welcome.blade.php: Using EditorConfig core...
resources/views/welcome.blade.php: setEndOfLine(LF)
resources/views/welcome.blade.php: editor.action.trimTrailingWhitespace
terakhir_cms/resources/views/welcome.blade.php: Using EditorConfig core...
resources/views/welcome.blade.php: setEndOfLine(LF)
resources/views/welcome.blade.php: editor.action.trimTrailingWhitespace
terakhir_cms/resources/views/welcome.blade.php: {"insertSpaces":true,"tabSize":4}
terakhir_cms/resources/views/welcome.blade.php: {"insertSpaces":true,"tabSize":4}
terakhir_cms/app/Http/Controllers/WelcomeController.php: {"insertSpaces":true,"tabSize":4}
terakhir_cms/app/Http/Controllers/WelcomeController.php: Using EditorConfig core...
app/Http/Controllers/WelcomeController.php: setEndOfLine(LF)
app/Http/Controllers/WelcomeController.php: editor.action.trimTrailingWhitespace
terakhir_cms/app/Http/Controllers/WelcomeController.php: {"insertSpaces":true,"tabSize":4}
terakhir_cms/resources/views/welcome.blade.php: {"insertSpaces":true,"tabSize":4}
terakhir_cms/resources/views/welcome.blade.php: Using EditorConfig core...
resources/views/welcome.blade.php: setEndOfLine(LF)
resources/views/welcome.blade.php: editor.action.trimTrailingWhitespace
terakhir_cms/resources/views/welcome.blade.php: {"insertSpaces":true,"tabSize":4}
terakhir_cms/resources/views/vendor/pagination/simple-bootstrap-4.blade.php: {"insertSpaces":true,"tabSize":4}
terakhir_cms/resources/views/vendor/pagination/simple-bootstrap-4.blade.php: Using EditorConfig core...
resources/views/vendor/pagination/simple-bootstrap-4.blade.php: setEndOfLine(LF)
resources/views/vendor/pagination/simple-bootstrap-4.blade.php: editor.action.trimTrailingWhitespace
terakhir_cms/resources/views/vendor/pagination/simple-bootstrap-4.blade.php: {"insertSpaces":true,"tabSize":4}
terakhir_cms/resources/views/welcome.blade.php: {"insertSpaces":true,"tabSize":4}
/var/www/html/laravel/laravel-cms-2019-master/resources/views/vendor/pagination/simple-bootstrap-4.blade.php: {"insertSpaces":true,"tabSize":4}
/var/www/html/laravel/laravel-cms-2019-master/resources/views/welcome.blade.php: {"insertSpaces":true,"tabSize":4}
/var/www/html/laravel/laravel-cms-2019-master/resources/views/welcome.blade.php: {"insertSpaces":true,"tabSize":4}
terakhir_cms/resources/views/welcome.blade.php: {"insertSpaces":true,"tabSize":4}
terakhir_cms/resources/views/welcome.blade.php: Using EditorConfig core...
resources/views/welcome.blade.php: setEndOfLine(LF)
resources/views/welcome.blade.php: editor.action.trimTrailingWhitespace
terakhir_cms/resources/views/welcome.blade.php: Using EditorConfig core...
resources/views/welcome.blade.php: setEndOfLine(LF)
resources/views/welcome.blade.php: editor.action.trimTrailingWhitespace
terakhir_cms/resources/views/welcome.blade.php: {"insertSpaces":true,"tabSize":4}
terakhir_cms/resources/views/welcome.blade.php: Using EditorConfig core...
resources/views/welcome.blade.php: setEndOfLine(LF)
resources/views/welcome.blade.php: editor.action.trimTrailingWhitespace
terakhir_cms/resources/views/welcome.blade.php: {"insertSpaces":true,"tabSize":4}
terakhir_cms/resources/views/welcome.blade.php: {"insertSpaces":true,"tabSize":4}
terakhir_cms/resources/views/welcome.blade.php: Using EditorConfig core...
resources/views/welcome.blade.php: setEndOfLine(LF)
resources/views/welcome.blade.php: editor.action.trimTrailingWhitespace
terakhir_cms/resources/views/welcome.blade.php: Using EditorConfig core...
resources/views/welcome.blade.php: setEndOfLine(LF)
resources/views/welcome.blade.php: editor.action.trimTrailingWhitespace
terakhir_cms/resources/views/welcome.blade.php: Using EditorConfig core...
resources/views/welcome.blade.php: setEndOfLine(LF)
resources/views/welcome.blade.php: editor.action.trimTrailingWhitespace
terakhir_cms/resources/views/welcome.blade.php: {"insertSpaces":true,"tabSize":4}
terakhir_cms/resources/views/welcome.blade.php: Using EditorConfig core...
resources/views/welcome.blade.php: setEndOfLine(LF)
resources/views/welcome.blade.php: editor.action.trimTrailingWhitespace
terakhir_cms/resources/views/welcome.blade.php: {"insertSpaces":true,"tabSize":4}
terakhir_cms/resources/views/welcome.blade.php: {"insertSpaces":true,"tabSize":4}
terakhir_cms/resources/views/welcome.blade.php: Using EditorConfig core...
resources/views/welcome.blade.php: setEndOfLine(LF)
resources/views/welcome.blade.php: editor.action.trimTrailingWhitespace
terakhir_cms/resources/views/welcome.blade.php: {"insertSpaces":true,"tabSize":4}
terakhir_cms/resources/views/welcome.blade.php: {"insertSpaces":true,"tabSize":4}
