Initializing document watcher...
Detected change in configuration: {}
terakhir_cms/resources/views/auth/login.blade.php: {"insertSpaces":true,"tabSize":4}
terakhir_cms/resources/views/auth/login.blade.php: {"insertSpaces":true,"tabSize":4}
terakhir_cms/resources/views/auth/login.blade.php: {"insertSpaces":true,"tabSize":4}
terakhir_cms/resources/views/auth/login.blade.php: {"insertSpaces":true,"tabSize":4}
terakhir_cms/resources/views/auth/login.blade.php: {"insertSpaces":true,"tabSize":4}
terakhir_cms/resources/views/auth/login.blade.php: {"insertSpaces":true,"tabSize":4}
terakhir_cms/resources/views/auth/login.blade.php: {"insertSpaces":true,"tabSize":4}
terakhir_cms/resources/views/auth/login.blade.php: {"insertSpaces":true,"tabSize":4}
/home/darkof/Downloads/Advanced-Login-UI-master/Index.html: {}
/home/darkof/Downloads/Advanced-Login-UI-master/Index.html: {}
terakhir_cms/resources/views/auth/login.blade.php: {"insertSpaces":true,"tabSize":4}
terakhir_cms/resources/views/auth/login.blade.php: {"insertSpaces":true,"tabSize":4}
/home/darkof/Downloads/Advanced-Login-UI-master/Index.html: {}
terakhir_cms/resources/views/auth/login.blade.php: {"insertSpaces":true,"tabSize":4}
terakhir_cms/resources/views/auth/login.blade.php: {"insertSpaces":true,"tabSize":4}
/home/darkof/Downloads/Advanced-Login-UI-master/Index.html: {}
/home/darkof/Downloads/Advanced-Login-UI-master/Index.html: Using EditorConfig core...
/home/darkof/Downloads/Advanced-Login-UI-master/Index.html: {}
terakhir_cms/resources/views/auth/login.blade.php: {"insertSpaces":true,"tabSize":4}
/home/darkof/Downloads/Advanced-Login-UI-master/Index.html: {}
terakhir_cms/resources/views/auth/login.blade.php: {"insertSpaces":true,"tabSize":4}
terakhir_cms/resources/views/auth/login.blade.php: Using EditorConfig core...
resources/views/auth/login.blade.php: setEndOfLine(LF)
resources/views/auth/login.blade.php: editor.action.trimTrailingWhitespace
/home/darkof/Downloads/Advanced-Login-UI-master/Index.html: {}
terakhir_cms/resources/views/auth/login.blade.php: {"insertSpaces":true,"tabSize":4}
terakhir_cms/resources/views/auth/login.blade.php: Using EditorConfig core...
resources/views/auth/login.blade.php: setEndOfLine(LF)
resources/views/auth/login.blade.php: editor.action.trimTrailingWhitespace
/home/darkof/Downloads/Advanced-Login-UI-master/Index.html: {}
terakhir_cms/resources/views/auth/login.blade.php: {"insertSpaces":true,"tabSize":4}
terakhir_cms/resources/views/auth/login.blade.php: Using EditorConfig core...
resources/views/auth/login.blade.php: setEndOfLine(LF)
resources/views/auth/login.blade.php: editor.action.trimTrailingWhitespace
terakhir_cms/resources/views/auth/login.blade.php: Using EditorConfig core...
resources/views/auth/login.blade.php: setEndOfLine(LF)
resources/views/auth/login.blade.php: editor.action.trimTrailingWhitespace
terakhir_cms/resources/views/auth/login.blade.php: Using EditorConfig core...
resources/views/auth/login.blade.php: setEndOfLine(LF)
resources/views/auth/login.blade.php: editor.action.trimTrailingWhitespace
terakhir_cms/resources/views/auth/login.blade.php: Using EditorConfig core...
resources/views/auth/login.blade.php: setEndOfLine(LF)
resources/views/auth/login.blade.php: editor.action.trimTrailingWhitespace
terakhir_cms/resources/views/auth/login.blade.php: Using EditorConfig core...
resources/views/auth/login.blade.php: setEndOfLine(LF)
resources/views/auth/login.blade.php: editor.action.trimTrailingWhitespace
/home/darkof/Downloads/Advanced-Login-UI-master/Index.html: {}
terakhir_cms/resources/views/auth/login.blade.php: {"insertSpaces":true,"tabSize":4}
terakhir_cms/resources/views/auth/login.blade.php: Using EditorConfig core...
resources/views/auth/login.blade.php: setEndOfLine(LF)
resources/views/auth/login.blade.php: editor.action.trimTrailingWhitespace
terakhir_cms/resources/views/auth/login.blade.php: {"insertSpaces":true,"tabSize":4}
terakhir_cms/resources/views/auth/login.blade.php: Using EditorConfig core...
resources/views/auth/login.blade.php: setEndOfLine(LF)
resources/views/auth/login.blade.php: editor.action.trimTrailingWhitespace
terakhir_cms/resources/views/auth/login.blade.php: Using EditorConfig core...
resources/views/auth/login.blade.php: setEndOfLine(LF)
resources/views/auth/login.blade.php: editor.action.trimTrailingWhitespace
terakhir_cms/resources/views/auth/login.blade.php: Using EditorConfig core...
resources/views/auth/login.blade.php: setEndOfLine(LF)
resources/views/auth/login.blade.php: editor.action.trimTrailingWhitespace
terakhir_cms/resources/views/auth/login.blade.php: Using EditorConfig core...
resources/views/auth/login.blade.php: setEndOfLine(LF)
resources/views/auth/login.blade.php: editor.action.trimTrailingWhitespace
terakhir_cms/resources/views/auth/login.blade.php: Using EditorConfig core...
resources/views/auth/login.blade.php: setEndOfLine(LF)
resources/views/auth/login.blade.php: editor.action.trimTrailingWhitespace
terakhir_cms/resources/views/auth/login.blade.php: Using EditorConfig core...
resources/views/auth/login.blade.php: setEndOfLine(LF)
resources/views/auth/login.blade.php: editor.action.trimTrailingWhitespace
terakhir_cms/resources/views/auth/login.blade.php: Using EditorConfig core...
resources/views/auth/login.blade.php: setEndOfLine(LF)
resources/views/auth/login.blade.php: editor.action.trimTrailingWhitespace
terakhir_cms/resources/views/auth/login.blade.php: Using EditorConfig core...
resources/views/auth/login.blade.php: setEndOfLine(LF)
resources/views/auth/login.blade.php: editor.action.trimTrailingWhitespace
terakhir_cms/resources/views/auth/login.blade.php: Using EditorConfig core...
resources/views/auth/login.blade.php: setEndOfLine(LF)
resources/views/auth/login.blade.php: editor.action.trimTrailingWhitespace
terakhir_cms/resources/views/auth/login.blade.php: Using EditorConfig core...
resources/views/auth/login.blade.php: setEndOfLine(LF)
resources/views/auth/login.blade.php: editor.action.trimTrailingWhitespace
terakhir_cms/resources/views/auth/login.blade.php: Using EditorConfig core...
resources/views/auth/login.blade.php: setEndOfLine(LF)
resources/views/auth/login.blade.php: editor.action.trimTrailingWhitespace
terakhir_cms/resources/views/auth/login.blade.php: Using EditorConfig core...
resources/views/auth/login.blade.php: setEndOfLine(LF)
resources/views/auth/login.blade.php: editor.action.trimTrailingWhitespace
terakhir_cms/resources/views/auth/login.blade.php: {"insertSpaces":true,"tabSize":4}
terakhir_cms/resources/views/auth/login.blade.php: Using EditorConfig core...
resources/views/auth/login.blade.php: setEndOfLine(LF)
resources/views/auth/login.blade.php: editor.action.trimTrailingWhitespace
terakhir_cms/resources/views/auth/login.blade.php: Using EditorConfig core...
resources/views/auth/login.blade.php: setEndOfLine(LF)
resources/views/auth/login.blade.php: editor.action.trimTrailingWhitespace
terakhir_cms/resources/views/auth/login.blade.php: Using EditorConfig core...
resources/views/auth/login.blade.php: setEndOfLine(LF)
resources/views/auth/login.blade.php: editor.action.trimTrailingWhitespace
terakhir_cms/resources/views/auth/login.blade.php: Using EditorConfig core...
resources/views/auth/login.blade.php: setEndOfLine(LF)
resources/views/auth/login.blade.php: editor.action.trimTrailingWhitespace
terakhir_cms/resources/views/auth/login.blade.php: Using EditorConfig core...
resources/views/auth/login.blade.php: setEndOfLine(LF)
resources/views/auth/login.blade.php: editor.action.trimTrailingWhitespace
terakhir_cms/resources/views/auth/login.blade.php: Using EditorConfig core...
resources/views/auth/login.blade.php: setEndOfLine(LF)
resources/views/auth/login.blade.php: editor.action.trimTrailingWhitespace
terakhir_cms/resources/views/auth/login.blade.php: Using EditorConfig core...
resources/views/auth/login.blade.php: setEndOfLine(LF)
resources/views/auth/login.blade.php: editor.action.trimTrailingWhitespace
terakhir_cms/resources/views/auth/login.blade.php: Using EditorConfig core...
resources/views/auth/login.blade.php: setEndOfLine(LF)
resources/views/auth/login.blade.php: editor.action.trimTrailingWhitespace
terakhir_cms/resources/views/auth/login.blade.php: Using EditorConfig core...
resources/views/auth/login.blade.php: setEndOfLine(LF)
resources/views/auth/login.blade.php: editor.action.trimTrailingWhitespace
terakhir_cms/resources/views/auth/login.blade.php: Using EditorConfig core...
resources/views/auth/login.blade.php: setEndOfLine(LF)
resources/views/auth/login.blade.php: editor.action.trimTrailingWhitespace
terakhir_cms/resources/views/auth/login.blade.php: Using EditorConfig core...
resources/views/auth/login.blade.php: setEndOfLine(LF)
resources/views/auth/login.blade.php: editor.action.trimTrailingWhitespace
terakhir_cms/resources/views/auth/login.blade.php: Using EditorConfig core...
resources/views/auth/login.blade.php: setEndOfLine(LF)
resources/views/auth/login.blade.php: editor.action.trimTrailingWhitespace
terakhir_cms/resources/views/auth/login.blade.php: Using EditorConfig core...
resources/views/auth/login.blade.php: setEndOfLine(LF)
resources/views/auth/login.blade.php: editor.action.trimTrailingWhitespace
/home/darkof/Downloads/Advanced-Login-UI-master/Index.html: {}
terakhir_cms/resources/views/auth/login.blade.php: {"insertSpaces":true,"tabSize":4}
terakhir_cms/resources/views/auth/login.blade.php: Using EditorConfig core...
resources/views/auth/login.blade.php: setEndOfLine(LF)
resources/views/auth/login.blade.php: editor.action.trimTrailingWhitespace
/home/darkof/Downloads/Advanced-Login-UI-master/Index.html: {}
terakhir_cms/resources/views/auth/login.blade.php: {"insertSpaces":true,"tabSize":4}
terakhir_cms/resources/views/auth/login.blade.php: Using EditorConfig core...
resources/views/auth/login.blade.php: setEndOfLine(LF)
resources/views/auth/login.blade.php: editor.action.trimTrailingWhitespace
terakhir_cms/resources/views/auth/login.blade.php: Using EditorConfig core...
resources/views/auth/login.blade.php: setEndOfLine(LF)
resources/views/auth/login.blade.php: editor.action.trimTrailingWhitespace
/home/darkof/Downloads/Advanced-Login-UI-master/Index.html: {}
/home/darkof/Downloads/Advanced-Login-UI-master/Index.html: {}
terakhir_cms/resources/views/auth/login.blade.php: {"insertSpaces":true,"tabSize":4}
terakhir_cms/resources/views/auth/login.blade.php: Using EditorConfig core...
resources/views/auth/login.blade.php: setEndOfLine(LF)
resources/views/auth/login.blade.php: editor.action.trimTrailingWhitespace
terakhir_cms/resources/views/auth/login.blade.php: {"insertSpaces":true,"tabSize":4}
terakhir_cms/resources/views/auth/login.blade.php: Using EditorConfig core...
resources/views/auth/login.blade.php: setEndOfLine(LF)
resources/views/auth/login.blade.php: editor.action.trimTrailingWhitespace
terakhir_cms/resources/views/auth/login.blade.php: {"insertSpaces":true,"tabSize":4}
/home/darkof/Downloads/Advanced-Login-UI-master/Index.html: {}
terakhir_cms/resources/views/auth/login.blade.php: {"insertSpaces":true,"tabSize":4}
terakhir_cms/resources/views/auth/login.blade.php: Using EditorConfig core...
resources/views/auth/login.blade.php: setEndOfLine(LF)
resources/views/auth/login.blade.php: editor.action.trimTrailingWhitespace
terakhir_cms/resources/views/auth/login.blade.php: Using EditorConfig core...
resources/views/auth/login.blade.php: setEndOfLine(LF)
resources/views/auth/login.blade.php: editor.action.trimTrailingWhitespace
terakhir_cms/resources/views/auth/login.blade.php: Using EditorConfig core...
resources/views/auth/login.blade.php: setEndOfLine(LF)
resources/views/auth/login.blade.php: editor.action.trimTrailingWhitespace
terakhir_cms/resources/views/auth/login.blade.php: Using EditorConfig core...
resources/views/auth/login.blade.php: setEndOfLine(LF)
resources/views/auth/login.blade.php: editor.action.trimTrailingWhitespace
terakhir_cms/resources/views/auth/login.blade.php: Using EditorConfig core...
resources/views/auth/login.blade.php: setEndOfLine(LF)
resources/views/auth/login.blade.php: editor.action.trimTrailingWhitespace
terakhir_cms/resources/views/auth/login.blade.php: Using EditorConfig core...
resources/views/auth/login.blade.php: setEndOfLine(LF)
resources/views/auth/login.blade.php: editor.action.trimTrailingWhitespace
terakhir_cms/resources/views/auth/login.blade.php: Using EditorConfig core...
resources/views/auth/login.blade.php: setEndOfLine(LF)
resources/views/auth/login.blade.php: editor.action.trimTrailingWhitespace
terakhir_cms/resources/views/auth/login.blade.php: Using EditorConfig core...
resources/views/auth/login.blade.php: setEndOfLine(LF)
resources/views/auth/login.blade.php: editor.action.trimTrailingWhitespace
terakhir_cms/resources/views/auth/login.blade.php: Using EditorConfig core...
resources/views/auth/login.blade.php: setEndOfLine(LF)
resources/views/auth/login.blade.php: editor.action.trimTrailingWhitespace
terakhir_cms/resources/views/auth/login.blade.php: Using EditorConfig core...
resources/views/auth/login.blade.php: setEndOfLine(LF)
resources/views/auth/login.blade.php: editor.action.trimTrailingWhitespace
terakhir_cms/resources/views/auth/login.blade.php: Using EditorConfig core...
resources/views/auth/login.blade.php: setEndOfLine(LF)
resources/views/auth/login.blade.php: editor.action.trimTrailingWhitespace
terakhir_cms/resources/views/auth/login.blade.php: Using EditorConfig core...
resources/views/auth/login.blade.php: setEndOfLine(LF)
resources/views/auth/login.blade.php: editor.action.trimTrailingWhitespace
terakhir_cms/resources/views/auth/login.blade.php: Using EditorConfig core...
resources/views/auth/login.blade.php: setEndOfLine(LF)
resources/views/auth/login.blade.php: editor.action.trimTrailingWhitespace
terakhir_cms/resources/views/auth/login.blade.php: Using EditorConfig core...
resources/views/auth/login.blade.php: setEndOfLine(LF)
resources/views/auth/login.blade.php: editor.action.trimTrailingWhitespace
terakhir_cms/resources/views/auth/login.blade.php: Using EditorConfig core...
resources/views/auth/login.blade.php: setEndOfLine(LF)
resources/views/auth/login.blade.php: editor.action.trimTrailingWhitespace
terakhir_cms/resources/views/auth/login.blade.php: Using EditorConfig core...
resources/views/auth/login.blade.php: setEndOfLine(LF)
resources/views/auth/login.blade.php: editor.action.trimTrailingWhitespace
terakhir_cms/resources/views/auth/login.blade.php: Using EditorConfig core...
resources/views/auth/login.blade.php: setEndOfLine(LF)
resources/views/auth/login.blade.php: editor.action.trimTrailingWhitespace
terakhir_cms/resources/views/auth/login.blade.php: Using EditorConfig core...
resources/views/auth/login.blade.php: setEndOfLine(LF)
resources/views/auth/login.blade.php: editor.action.trimTrailingWhitespace
terakhir_cms/resources/views/auth/login.blade.php: Using EditorConfig core...
resources/views/auth/login.blade.php: setEndOfLine(LF)
resources/views/auth/login.blade.php: editor.action.trimTrailingWhitespace
terakhir_cms/resources/views/auth/login.blade.php: {"insertSpaces":true,"tabSize":4}
/home/darkof/Downloads/Advanced-Login-UI-master/Index.html: {}
terakhir_cms/resources/views/auth/login.blade.php: {"insertSpaces":true,"tabSize":4}
terakhir_cms/resources/views/auth/login.blade.php: Using EditorConfig core...
resources/views/auth/login.blade.php: setEndOfLine(LF)
resources/views/auth/login.blade.php: editor.action.trimTrailingWhitespace
terakhir_cms/resources/views/auth/login.blade.php: {"insertSpaces":true,"tabSize":4}
/home/darkof/Downloads/Advanced-Login-UI-master/Index.html: {}
/home/darkof/Downloads/Advanced-Login-UI-master/Index.html: {}
terakhir_cms/resources/views/auth/login.blade.php: {"insertSpaces":true,"tabSize":4}
terakhir_cms/resources/views/auth/login.blade.php: Using EditorConfig core...
resources/views/auth/login.blade.php: setEndOfLine(LF)
resources/views/auth/login.blade.php: editor.action.trimTrailingWhitespace
terakhir_cms/resources/views/auth/login.blade.php: {"insertSpaces":true,"tabSize":4}
terakhir_cms/resources/views/welcome.blade.php: {"insertSpaces":true,"tabSize":4}
terakhir_cms/resources/views/layouts/blog.blade.php: {"insertSpaces":true,"tabSize":4}
terakhir_cms/resources/views/auth/login.blade.php: {"insertSpaces":true,"tabSize":4}
terakhir_cms/resources/views/auth/login.blade.php: {"insertSpaces":true,"tabSize":4}
terakhir_cms/resources/views/auth/login.blade.php: Using EditorConfig core...
resources/views/auth/login.blade.php: setEndOfLine(LF)
resources/views/auth/login.blade.php: editor.action.trimTrailingWhitespace
terakhir_cms/resources/views/auth/login.blade.php: {"insertSpaces":true,"tabSize":4}
terakhir_cms/resources/views/auth/login.blade.php: Using EditorConfig core...
resources/views/auth/login.blade.php: setEndOfLine(LF)
resources/views/auth/login.blade.php: editor.action.trimTrailingWhitespace
terakhir_cms/resources/views/auth/login.blade.php: Using EditorConfig core...
resources/views/auth/login.blade.php: setEndOfLine(LF)
resources/views/auth/login.blade.php: editor.action.trimTrailingWhitespace
terakhir_cms/resources/views/auth/login.blade.php: {"insertSpaces":true,"tabSize":4}
terakhir_cms/resources/views/auth/login.blade.php: Using EditorConfig core...
resources/views/auth/login.blade.php: setEndOfLine(LF)
resources/views/auth/login.blade.php: editor.action.trimTrailingWhitespace
terakhir_cms/resources/views/auth/login.blade.php: {"insertSpaces":true,"tabSize":4}
/home/darkof/Downloads/Advanced-Login-UI-master/Index.html: {}
terakhir_cms/resources/views/auth/login.blade.php: {"insertSpaces":true,"tabSize":4}
terakhir_cms/resources/views/auth/login.blade.php: Using EditorConfig core...
resources/views/auth/login.blade.php: setEndOfLine(LF)
resources/views/auth/login.blade.php: editor.action.trimTrailingWhitespace
terakhir_cms/resources/views/auth/login.blade.php: Using EditorConfig core...
resources/views/auth/login.blade.php: setEndOfLine(LF)
resources/views/auth/login.blade.php: editor.action.trimTrailingWhitespace
terakhir_cms/resources/views/auth/login.blade.php: Using EditorConfig core...
resources/views/auth/login.blade.php: setEndOfLine(LF)
resources/views/auth/login.blade.php: editor.action.trimTrailingWhitespace
terakhir_cms/resources/views/auth/login.blade.php: Using EditorConfig core...
resources/views/auth/login.blade.php: setEndOfLine(LF)
resources/views/auth/login.blade.php: editor.action.trimTrailingWhitespace
terakhir_cms/resources/views/auth/login.blade.php: Using EditorConfig core...
resources/views/auth/login.blade.php: setEndOfLine(LF)
resources/views/auth/login.blade.php: editor.action.trimTrailingWhitespace
terakhir_cms/resources/views/auth/login.blade.php: Using EditorConfig core...
resources/views/auth/login.blade.php: setEndOfLine(LF)
resources/views/auth/login.blade.php: editor.action.trimTrailingWhitespace
terakhir_cms/resources/views/auth/login.blade.php: {"insertSpaces":true,"tabSize":4}
terakhir_cms/resources/views/auth/login.blade.php: {"insertSpaces":true,"tabSize":4}
terakhir_cms/resources/views/auth/login.blade.php: {"insertSpaces":true,"tabSize":4}
terakhir_cms/resources/views/auth/login.blade.php: Using EditorConfig core...
resources/views/auth/login.blade.php: setEndOfLine(LF)
resources/views/auth/login.blade.php: editor.action.trimTrailingWhitespace
terakhir_cms/resources/views/auth/login.blade.php: {"insertSpaces":true,"tabSize":4}
terakhir_cms/resources/views/auth/login.blade.php: {"insertSpaces":true,"tabSize":4}
terakhir_cms/resources/views/auth/login.blade.php: {"insertSpaces":true,"tabSize":4}
terakhir_cms/resources/views/auth/login.blade.php: Using EditorConfig core...
resources/views/auth/login.blade.php: setEndOfLine(LF)
resources/views/auth/login.blade.php: editor.action.trimTrailingWhitespace
terakhir_cms/resources/views/auth/login.blade.php: {"insertSpaces":true,"tabSize":4}
terakhir_cms/resources/views/auth/login.blade.php: Using EditorConfig core...
resources/views/auth/login.blade.php: setEndOfLine(LF)
resources/views/auth/login.blade.php: editor.action.trimTrailingWhitespace
terakhir_cms/resources/views/auth/login.blade.php: {"insertSpaces":true,"tabSize":4}
terakhir_cms/resources/views/auth/login.blade.php: Using EditorConfig core...
resources/views/auth/login.blade.php: setEndOfLine(LF)
resources/views/auth/login.blade.php: editor.action.trimTrailingWhitespace
terakhir_cms/resources/views/auth/login.blade.php: {"insertSpaces":true,"tabSize":4}
terakhir_cms/resources/views/auth/login.blade.php: Using EditorConfig core...
resources/views/auth/login.blade.php: setEndOfLine(LF)
resources/views/auth/login.blade.php: editor.action.trimTrailingWhitespace
terakhir_cms/resources/views/auth/login.blade.php: {"insertSpaces":true,"tabSize":4}
terakhir_cms/resources/views/auth/login.blade.php: {"insertSpaces":true,"tabSize":4}
terakhir_cms/resources/views/auth/login.blade.php: {"insertSpaces":true,"tabSize":4}
terakhir_cms/resources/views/auth/login.blade.php: {"insertSpaces":true,"tabSize":4}
terakhir_cms/resources/views/auth/login.blade.php: {"insertSpaces":true,"tabSize":4}
terakhir_cms/resources/views/auth/login.blade.php: {"insertSpaces":true,"tabSize":4}
terakhir_cms/resources/views/auth/login.blade.php: {"insertSpaces":true,"tabSize":4}
terakhir_cms/resources/views/auth/login.blade.php: {"insertSpaces":true,"tabSize":4}
terakhir_cms/resources/views/auth/login.blade.php: Using EditorConfig core...
resources/views/auth/login.blade.php: setEndOfLine(LF)
resources/views/auth/login.blade.php: editor.action.trimTrailingWhitespace
terakhir_cms/resources/views/auth/login.blade.php: {"insertSpaces":true,"tabSize":4}
terakhir_cms/resources/views/auth/login.blade.php: Using EditorConfig core...
resources/views/auth/login.blade.php: setEndOfLine(LF)
resources/views/auth/login.blade.php: editor.action.trimTrailingWhitespace
terakhir_cms/resources/views/layouts/app.blade.php: {"insertSpaces":true,"tabSize":4}
terakhir_cms/resources/views/welcome.blade.php: {"insertSpaces":true,"tabSize":4}
terakhir_cms/resources/views/auth/login.blade.php: {"insertSpaces":true,"tabSize":4}
terakhir_cms/resources/views/auth/login.blade.php: Using EditorConfig core...
resources/views/auth/login.blade.php: setEndOfLine(LF)
resources/views/auth/login.blade.php: editor.action.trimTrailingWhitespace
/home/darkof/Downloads/Advanced-Login-UI-master/Index.html: {}
terakhir_cms/resources/views/auth/login.blade.php: {"insertSpaces":true,"tabSize":4}
/home/darkof/Downloads/Advanced-Login-UI-master/Index.html: {}
/var/www/html/laravel/perpus-laravel-master/resources/views/welcome.blade.php: {}
/var/www/html/laravel/perpus-laravel-master/resources/views/welcome.blade.php: {}
/var/www/html/laravel/perpus-laravel-master/resources/views/welcome.blade.php: {}
/var/www/html/laravel/perpus-laravel-master/resources/views/auth/login.blade.php: {}
/var/www/html/laravel/perpus-laravel-master/resources/views/welcome.blade.php: {}
/home/darkof/Downloads/Advanced-Login-UI-master/Index.html: {}
terakhir_cms/resources/views/auth/login.blade.php: {"insertSpaces":true,"tabSize":4}
terakhir_cms/resources/views/auth/login.blade.php: Using EditorConfig core...
resources/views/auth/login.blade.php: setEndOfLine(LF)
resources/views/auth/login.blade.php: editor.action.trimTrailingWhitespace
terakhir_cms/resources/views/auth/login.blade.php: Using EditorConfig core...
resources/views/auth/login.blade.php: setEndOfLine(LF)
resources/views/auth/login.blade.php: editor.action.trimTrailingWhitespace
terakhir_cms/resources/views/auth/login.blade.php: Using EditorConfig core...
resources/views/auth/login.blade.php: setEndOfLine(LF)
resources/views/auth/login.blade.php: editor.action.trimTrailingWhitespace
terakhir_cms/resources/views/auth/login.blade.php: Using EditorConfig core...
resources/views/auth/login.blade.php: setEndOfLine(LF)
resources/views/auth/login.blade.php: editor.action.trimTrailingWhitespace
terakhir_cms/resources/views/auth/login.blade.php: Using EditorConfig core...
resources/views/auth/login.blade.php: setEndOfLine(LF)
resources/views/auth/login.blade.php: editor.action.trimTrailingWhitespace
terakhir_cms/resources/views/auth/login.blade.php: Using EditorConfig core...
resources/views/auth/login.blade.php: setEndOfLine(LF)
resources/views/auth/login.blade.php: editor.action.trimTrailingWhitespace
terakhir_cms/resources/views/auth/login.blade.php: Using EditorConfig core...
resources/views/auth/login.blade.php: setEndOfLine(LF)
resources/views/auth/login.blade.php: editor.action.trimTrailingWhitespace
terakhir_cms/resources/views/auth/login.blade.php: Using EditorConfig core...
resources/views/auth/login.blade.php: setEndOfLine(LF)
resources/views/auth/login.blade.php: editor.action.trimTrailingWhitespace
terakhir_cms/resources/views/auth/login.blade.php: Using EditorConfig core...
resources/views/auth/login.blade.php: setEndOfLine(LF)
resources/views/auth/login.blade.php: editor.action.trimTrailingWhitespace
terakhir_cms/resources/views/auth/login.blade.php: Using EditorConfig core...
resources/views/auth/login.blade.php: setEndOfLine(LF)
resources/views/auth/login.blade.php: editor.action.trimTrailingWhitespace
terakhir_cms/resources/views/auth/login.blade.php: Using EditorConfig core...
resources/views/auth/login.blade.php: setEndOfLine(LF)
resources/views/auth/login.blade.php: editor.action.trimTrailingWhitespace
terakhir_cms/resources/views/auth/login.blade.php: Using EditorConfig core...
resources/views/auth/login.blade.php: setEndOfLine(LF)
resources/views/auth/login.blade.php: editor.action.trimTrailingWhitespace
terakhir_cms/resources/views/auth/login.blade.php: Using EditorConfig core...
resources/views/auth/login.blade.php: setEndOfLine(LF)
resources/views/auth/login.blade.php: editor.action.trimTrailingWhitespace
terakhir_cms/resources/views/auth/login.blade.php: Using EditorConfig core...
resources/views/auth/login.blade.php: setEndOfLine(LF)
resources/views/auth/login.blade.php: editor.action.trimTrailingWhitespace
terakhir_cms/resources/views/auth/login.blade.php: Using EditorConfig core...
resources/views/auth/login.blade.php: setEndOfLine(LF)
resources/views/auth/login.blade.php: editor.action.trimTrailingWhitespace
terakhir_cms/resources/views/auth/login.blade.php: Using EditorConfig core...
resources/views/auth/login.blade.php: setEndOfLine(LF)
resources/views/auth/login.blade.php: editor.action.trimTrailingWhitespace
terakhir_cms/resources/views/auth/login.blade.php: {"insertSpaces":true,"tabSize":4}
terakhir_cms/resources/views/auth/login.blade.php: {"insertSpaces":true,"tabSize":4}
terakhir_cms/resources/views/auth/login.blade.php: Using EditorConfig core...
resources/views/auth/login.blade.php: setEndOfLine(LF)
resources/views/auth/login.blade.php: editor.action.trimTrailingWhitespace
terakhir_cms/resources/views/auth/login.blade.php: Using EditorConfig core...
resources/views/auth/login.blade.php: setEndOfLine(LF)
resources/views/auth/login.blade.php: editor.action.trimTrailingWhitespace
terakhir_cms/resources/views/auth/login.blade.php: Using EditorConfig core...
resources/views/auth/login.blade.php: setEndOfLine(LF)
resources/views/auth/login.blade.php: editor.action.trimTrailingWhitespace
terakhir_cms/resources/views/auth/login.blade.php: Using EditorConfig core...
resources/views/auth/login.blade.php: setEndOfLine(LF)
resources/views/auth/login.blade.php: editor.action.trimTrailingWhitespace
terakhir_cms/resources/views/auth/login.blade.php: {"insertSpaces":true,"tabSize":4}
terakhir_cms/resources/views/auth/login.blade.php: Using EditorConfig core...
resources/views/auth/login.blade.php: setEndOfLine(LF)
resources/views/auth/login.blade.php: editor.action.trimTrailingWhitespace
terakhir_cms/resources/views/auth/login.blade.php: Using EditorConfig core...
resources/views/auth/login.blade.php: setEndOfLine(LF)
resources/views/auth/login.blade.php: editor.action.trimTrailingWhitespace
terakhir_cms/resources/views/auth/login.blade.php: Using EditorConfig core...
resources/views/auth/login.blade.php: setEndOfLine(LF)
resources/views/auth/login.blade.php: editor.action.trimTrailingWhitespace
terakhir_cms/resources/views/auth/login.blade.php: Using EditorConfig core...
resources/views/auth/login.blade.php: setEndOfLine(LF)
resources/views/auth/login.blade.php: editor.action.trimTrailingWhitespace
terakhir_cms/resources/views/auth/login.blade.php: Using EditorConfig core...
resources/views/auth/login.blade.php: setEndOfLine(LF)
resources/views/auth/login.blade.php: editor.action.trimTrailingWhitespace
terakhir_cms/resources/views/auth/login.blade.php: {"insertSpaces":true,"tabSize":4}
terakhir_cms/resources/views/auth/login.blade.php: Using EditorConfig core...
resources/views/auth/login.blade.php: setEndOfLine(LF)
resources/views/auth/login.blade.php: editor.action.trimTrailingWhitespace
terakhir_cms/resources/views/auth/login.blade.php: Using EditorConfig core...
resources/views/auth/login.blade.php: setEndOfLine(LF)
resources/views/auth/login.blade.php: editor.action.trimTrailingWhitespace
terakhir_cms/resources/views/auth/login.blade.php: {"insertSpaces":true,"tabSize":4}
terakhir_cms/resources/views/auth/login.blade.php: Using EditorConfig core...
resources/views/auth/login.blade.php: setEndOfLine(LF)
resources/views/auth/login.blade.php: editor.action.trimTrailingWhitespace
resources/views/auth/login.blade.php: insertFinalNewline(LF)
terakhir_cms/resources/views/auth/login.blade.php: {"insertSpaces":true,"tabSize":4}
/home/darkof/Downloads/Advanced-Login-UI-master/Index.html: {}
terakhir_cms/resources/views/auth/login.blade.php: {"insertSpaces":true,"tabSize":4}
terakhir_cms/resources/views/auth/login.blade.php: Using EditorConfig core...
resources/views/auth/login.blade.php: setEndOfLine(LF)
resources/views/auth/login.blade.php: editor.action.trimTrailingWhitespace
terakhir_cms/resources/views/auth/login.blade.php: {"insertSpaces":true,"tabSize":4}
terakhir_cms/resources/views/auth/login.blade.php: {"insertSpaces":true,"tabSize":4}
terakhir_cms/resources/views/auth/login.blade.php: Using EditorConfig core...
resources/views/auth/login.blade.php: setEndOfLine(LF)
resources/views/auth/login.blade.php: editor.action.trimTrailingWhitespace
terakhir_cms/resources/views/auth/login.blade.php: Using EditorConfig core...
resources/views/auth/login.blade.php: setEndOfLine(LF)
resources/views/auth/login.blade.php: editor.action.trimTrailingWhitespace
terakhir_cms/resources/views/auth/login.blade.php: {"insertSpaces":true,"tabSize":4}
terakhir_cms/resources/views/auth/login.blade.php: Using EditorConfig core...
resources/views/auth/login.blade.php: setEndOfLine(LF)
resources/views/auth/login.blade.php: editor.action.trimTrailingWhitespace
terakhir_cms/resources/views/auth/login.blade.php: Using EditorConfig core...
resources/views/auth/login.blade.php: setEndOfLine(LF)
resources/views/auth/login.blade.php: editor.action.trimTrailingWhitespace
terakhir_cms/resources/views/auth/login.blade.php: {"insertSpaces":true,"tabSize":4}
terakhir_cms/resources/views/auth/login.blade.php: Using EditorConfig core...
resources/views/auth/login.blade.php: setEndOfLine(LF)
resources/views/auth/login.blade.php: editor.action.trimTrailingWhitespace
terakhir_cms/resources/views/auth/login.blade.php: {"insertSpaces":true,"tabSize":4}
terakhir_cms/resources/views/vendor/pagination/simple-bootstrap-4.blade.php: {"insertSpaces":true,"tabSize":4}
terakhir_cms/resources/views/vendor/pagination/simple-bootstrap-4.blade.php: {"insertSpaces":true,"tabSize":4}
terakhir_cms/resources/views/auth/login.blade.php: {"insertSpaces":true,"tabSize":4}
/home/darkof/Downloads/Advanced-Login-UI-master/Index.html: {}
terakhir_cms/resources/views/auth/login.blade.php: {"insertSpaces":true,"tabSize":4}
terakhir_cms/resources/views/auth/login.blade.php: Using EditorConfig core...
resources/views/auth/login.blade.php: setEndOfLine(LF)
resources/views/auth/login.blade.php: editor.action.trimTrailingWhitespace
/home/darkof/Downloads/Advanced-Login-UI-master/Index.html: {}
terakhir_cms/resources/views/auth/login.blade.php: {"insertSpaces":true,"tabSize":4}
terakhir_cms/resources/views/auth/login.blade.php: Using EditorConfig core...
resources/views/auth/login.blade.php: setEndOfLine(LF)
resources/views/auth/login.blade.php: editor.action.trimTrailingWhitespace
resources/views/auth/login.blade.php: insertFinalNewline(LF)
terakhir_cms/resources/views/auth/login.blade.php: {"insertSpaces":true,"tabSize":4}
terakhir_cms/resources/views/auth/login.blade.php: {"insertSpaces":true,"tabSize":4}
terakhir_cms/resources/views/auth/login.blade.php: Using EditorConfig core...
resources/views/auth/login.blade.php: setEndOfLine(LF)
resources/views/auth/login.blade.php: editor.action.trimTrailingWhitespace
terakhir_cms/resources/views/auth/login.blade.php: Using EditorConfig core...
resources/views/auth/login.blade.php: setEndOfLine(LF)
resources/views/auth/login.blade.php: editor.action.trimTrailingWhitespace
terakhir_cms/resources/views/auth/login.blade.php: Using EditorConfig core...
resources/views/auth/login.blade.php: setEndOfLine(LF)
resources/views/auth/login.blade.php: editor.action.trimTrailingWhitespace
terakhir_cms/resources/views/auth/login.blade.php: {"insertSpaces":true,"tabSize":4}
terakhir_cms/resources/views/auth/login.blade.php: {"insertSpaces":true,"tabSize":4}
terakhir_cms/resources/views/auth/login.blade.php: Using EditorConfig core...
resources/views/auth/login.blade.php: setEndOfLine(LF)
resources/views/auth/login.blade.php: editor.action.trimTrailingWhitespace
terakhir_cms/resources/views/auth/login.blade.php: {"insertSpaces":true,"tabSize":4}
terakhir_cms/resources/views/auth/login.blade.php: Using EditorConfig core...
resources/views/auth/login.blade.php: setEndOfLine(LF)
resources/views/auth/login.blade.php: editor.action.trimTrailingWhitespace
terakhir_cms/resources/views/auth/login.blade.php: {"insertSpaces":true,"tabSize":4}
terakhir_cms/resources/views/auth/login.blade.php: {"insertSpaces":true,"tabSize":4}
terakhir_cms/resources/views/auth/login.blade.php: Using EditorConfig core...
resources/views/auth/login.blade.php: setEndOfLine(LF)
resources/views/auth/login.blade.php: editor.action.trimTrailingWhitespace
terakhir_cms/resources/views/auth/login.blade.php: Using EditorConfig core...
resources/views/auth/login.blade.php: setEndOfLine(LF)
resources/views/auth/login.blade.php: editor.action.trimTrailingWhitespace
terakhir_cms/resources/views/auth/login.blade.php: {"insertSpaces":true,"tabSize":4}
terakhir_cms/resources/views/auth/login.blade.php: Using EditorConfig core...
resources/views/auth/login.blade.php: setEndOfLine(LF)
resources/views/auth/login.blade.php: editor.action.trimTrailingWhitespace
terakhir_cms/resources/views/auth/login.blade.php: Using EditorConfig core...
resources/views/auth/login.blade.php: setEndOfLine(LF)
resources/views/auth/login.blade.php: editor.action.trimTrailingWhitespace
terakhir_cms/resources/views/auth/login.blade.php: {"insertSpaces":true,"tabSize":4}
terakhir_cms/resources/views/auth/login.blade.php: Using EditorConfig core...
resources/views/auth/login.blade.php: setEndOfLine(LF)
resources/views/auth/login.blade.php: editor.action.trimTrailingWhitespace
terakhir_cms/resources/views/auth/login.blade.php: Using EditorConfig core...
resources/views/auth/login.blade.php: setEndOfLine(LF)
resources/views/auth/login.blade.php: editor.action.trimTrailingWhitespace
terakhir_cms/resources/views/auth/login.blade.php: Using EditorConfig core...
resources/views/auth/login.blade.php: setEndOfLine(LF)
resources/views/auth/login.blade.php: editor.action.trimTrailingWhitespace
terakhir_cms/resources/views/auth/login.blade.php: Using EditorConfig core...
resources/views/auth/login.blade.php: setEndOfLine(LF)
resources/views/auth/login.blade.php: editor.action.trimTrailingWhitespace
terakhir_cms/resources/views/auth/login.blade.php: {"insertSpaces":true,"tabSize":4}
terakhir_cms/resources/views/welcome.blade.php: {"insertSpaces":true,"tabSize":4}
terakhir_cms/resources/views/layouts/blog.blade.php: {"insertSpaces":true,"tabSize":4}
/var/www/html/laravel/perpus-laravel-master/resources/views/welcome.blade.php: {}
/home/darkof/Downloads/Advanced-Login-UI-master/Index.html: {}
terakhir_cms/resources/views/auth/login.blade.php: {"insertSpaces":true,"tabSize":4}
/home/darkof/Downloads/Advanced-Login-UI-master/Index.html: {}
/var/www/html/laravel/laravel-cms-2019-master/resources/views/layouts/blog.blade.php: {"insertSpaces":true,"tabSize":4}
/var/www/html/laravel/laravel-cms-2019-master/resources/views/layouts/blog.blade.php: {"insertSpaces":true,"tabSize":4}
terakhir_cms/resources/views/layouts/blog.blade.php: {"insertSpaces":true,"tabSize":4}
terakhir_cms/resources/views/layouts/blog.blade.php: Using EditorConfig core...
resources/views/layouts/blog.blade.php: setEndOfLine(LF)
resources/views/layouts/blog.blade.php: editor.action.trimTrailingWhitespace
terakhir_cms/resources/views/layouts/blog.blade.php: {"insertSpaces":true,"tabSize":4}
terakhir_cms/app/Http/Controllers/Auth/LoginController.php: {"insertSpaces":true,"tabSize":4}
terakhir_cms/app/Http/Controllers/Auth/LoginController.php: {"insertSpaces":true,"tabSize":4}
/home/darkof/Downloads/Advanced-Login-UI-master/Index.html: {}
terakhir_cms/resources/views/auth/login.blade.php: {"insertSpaces":true,"tabSize":4}
/home/darkof/Downloads/Advanced-Login-UI-master/Index.html: {}
/var/www/html/laravel/laravel-cms-2019-master/resources/views/layouts/blog.blade.php: {"insertSpaces":true,"tabSize":4}
/var/www/html/laravel/laravel-cms-2019-master/app/Http/Controllers/Auth/LoginController.php: {"insertSpaces":true,"tabSize":4}
terakhir_cms/app/Http/Controllers/Auth/LoginController.php: {"insertSpaces":true,"tabSize":4}
terakhir_cms/app/Http/Controllers/Auth/LoginController.php: Using EditorConfig core...
app/Http/Controllers/Auth/LoginController.php: setEndOfLine(LF)
app/Http/Controllers/Auth/LoginController.php: editor.action.trimTrailingWhitespace
terakhir_cms/app/Http/Controllers/Auth/LoginController.php: {"insertSpaces":true,"tabSize":4}
terakhir_cms/app/Http/Controllers/Auth/LoginController.php: {"insertSpaces":true,"tabSize":4}
terakhir_cms/app/Http/Controllers/Auth/LoginController.php: {"insertSpaces":true,"tabSize":4}
terakhir_cms/app/Http/Controllers/Auth/LoginController.php: {"insertSpaces":true,"tabSize":4}
terakhir_cms/app/Http/Controllers/Auth/LoginController.php: {"insertSpaces":true,"tabSize":4}
terakhir_cms/app/Http/Controllers/Auth/LoginController.php: {"insertSpaces":true,"tabSize":4}
terakhir_cms/app/Http/Controllers/Auth/LoginController.php: {"insertSpaces":true,"tabSize":4}
/var/www/html/laravel/laravel-cms-2019-master/app/Http/Controllers/Auth/LoginController.php: Using EditorConfig core...
/var/www/html/laravel/laravel-cms-2019-master/app/Http/Controllers/Auth/LoginController.php: setEndOfLine(LF)
/var/www/html/laravel/laravel-cms-2019-master/app/Http/Controllers/Auth/LoginController.php: trimTrailingWhitespace()
/var/www/html/laravel/laravel-cms-2019-master/app/Http/Controllers/Auth/LoginController.php: Using EditorConfig core...
/var/www/html/laravel/laravel-cms-2019-master/app/Http/Controllers/Auth/LoginController.php: setEndOfLine(LF)
/var/www/html/laravel/laravel-cms-2019-master/app/Http/Controllers/Auth/LoginController.php: trimTrailingWhitespace()
/var/www/html/laravel/laravel-cms-2019-master/app/Http/Controllers/Auth/LoginController.php: Using EditorConfig core...
/var/www/html/laravel/laravel-cms-2019-master/app/Http/Controllers/Auth/LoginController.php: setEndOfLine(LF)
/var/www/html/laravel/laravel-cms-2019-master/app/Http/Controllers/Auth/LoginController.php: trimTrailingWhitespace()
/var/www/html/laravel/laravel-cms-2019-master/app/Http/Controllers/Auth/LoginController.php: Using EditorConfig core...
/var/www/html/laravel/laravel-cms-2019-master/app/Http/Controllers/Auth/LoginController.php: setEndOfLine(LF)
/var/www/html/laravel/laravel-cms-2019-master/app/Http/Controllers/Auth/LoginController.php: trimTrailingWhitespace()
/var/www/html/laravel/laravel-cms-2019-master/app/Http/Controllers/Auth/LoginController.php: Using EditorConfig core...
/var/www/html/laravel/laravel-cms-2019-master/app/Http/Controllers/Auth/LoginController.php: setEndOfLine(LF)
/var/www/html/laravel/laravel-cms-2019-master/app/Http/Controllers/Auth/LoginController.php: trimTrailingWhitespace()
/var/www/html/laravel/laravel-cms-2019-master/app/Http/Controllers/Auth/LoginController.php: Using EditorConfig core...
/var/www/html/laravel/laravel-cms-2019-master/app/Http/Controllers/Auth/LoginController.php: setEndOfLine(LF)
/var/www/html/laravel/laravel-cms-2019-master/app/Http/Controllers/Auth/LoginController.php: trimTrailingWhitespace()
/var/www/html/laravel/laravel-cms-2019-master/app/Http/Controllers/Auth/LoginController.php: Using EditorConfig core...
/var/www/html/laravel/laravel-cms-2019-master/app/Http/Controllers/Auth/LoginController.php: setEndOfLine(LF)
/var/www/html/laravel/laravel-cms-2019-master/app/Http/Controllers/Auth/LoginController.php: trimTrailingWhitespace()
/var/www/html/laravel/laravel-cms-2019-master/app/Http/Controllers/Auth/LoginController.php: Using EditorConfig core...
/var/www/html/laravel/laravel-cms-2019-master/app/Http/Controllers/Auth/LoginController.php: setEndOfLine(LF)
/var/www/html/laravel/laravel-cms-2019-master/app/Http/Controllers/Auth/LoginController.php: trimTrailingWhitespace()
/var/www/html/laravel/laravel-cms-2019-master/app/Http/Controllers/Auth/LoginController.php: Using EditorConfig core...
/var/www/html/laravel/laravel-cms-2019-master/app/Http/Controllers/Auth/LoginController.php: setEndOfLine(LF)
/var/www/html/laravel/laravel-cms-2019-master/app/Http/Controllers/Auth/LoginController.php: trimTrailingWhitespace()
/var/www/html/laravel/laravel-cms-2019-master/app/Http/Controllers/Auth/LoginController.php: Using EditorConfig core...
/var/www/html/laravel/laravel-cms-2019-master/app/Http/Controllers/Auth/LoginController.php: setEndOfLine(LF)
/var/www/html/laravel/laravel-cms-2019-master/app/Http/Controllers/Auth/LoginController.php: trimTrailingWhitespace()
/var/www/html/laravel/laravel-cms-2019-master/app/Http/Controllers/Auth/LoginController.php: Using EditorConfig core...
/var/www/html/laravel/laravel-cms-2019-master/app/Http/Controllers/Auth/LoginController.php: setEndOfLine(LF)
/var/www/html/laravel/laravel-cms-2019-master/app/Http/Controllers/Auth/LoginController.php: trimTrailingWhitespace()
/var/www/html/laravel/laravel-cms-2019-master/app/Http/Controllers/Auth/LoginController.php: Using EditorConfig core...
/var/www/html/laravel/laravel-cms-2019-master/app/Http/Controllers/Auth/LoginController.php: setEndOfLine(LF)
/var/www/html/laravel/laravel-cms-2019-master/app/Http/Controllers/Auth/LoginController.php: trimTrailingWhitespace()
/var/www/html/laravel/laravel-cms-2019-master/app/Http/Controllers/Auth/LoginController.php: Using EditorConfig core...
/var/www/html/laravel/laravel-cms-2019-master/app/Http/Controllers/Auth/LoginController.php: setEndOfLine(LF)
/var/www/html/laravel/laravel-cms-2019-master/app/Http/Controllers/Auth/LoginController.php: trimTrailingWhitespace()
/var/www/html/laravel/laravel-cms-2019-master/app/Http/Controllers/Auth/LoginController.php: Using EditorConfig core...
/var/www/html/laravel/laravel-cms-2019-master/app/Http/Controllers/Auth/LoginController.php: setEndOfLine(LF)
/var/www/html/laravel/laravel-cms-2019-master/app/Http/Controllers/Auth/LoginController.php: trimTrailingWhitespace()
/var/www/html/laravel/laravel-cms-2019-master/app/Http/Controllers/Auth/LoginController.php: Using EditorConfig core...
/var/www/html/laravel/laravel-cms-2019-master/app/Http/Controllers/Auth/LoginController.php: setEndOfLine(LF)
/var/www/html/laravel/laravel-cms-2019-master/app/Http/Controllers/Auth/LoginController.php: trimTrailingWhitespace()
/var/www/html/laravel/laravel-cms-2019-master/app/Http/Controllers/Auth/LoginController.php: Using EditorConfig core...
/var/www/html/laravel/laravel-cms-2019-master/app/Http/Controllers/Auth/LoginController.php: setEndOfLine(LF)
/var/www/html/laravel/laravel-cms-2019-master/app/Http/Controllers/Auth/LoginController.php: trimTrailingWhitespace()
/var/www/html/laravel/laravel-cms-2019-master/app/Http/Controllers/Auth/LoginController.php: Using EditorConfig core...
/var/www/html/laravel/laravel-cms-2019-master/app/Http/Controllers/Auth/LoginController.php: setEndOfLine(LF)
/var/www/html/laravel/laravel-cms-2019-master/app/Http/Controllers/Auth/LoginController.php: trimTrailingWhitespace()
/var/www/html/laravel/laravel-cms-2019-master/app/Http/Controllers/Auth/LoginController.php: Using EditorConfig core...
/var/www/html/laravel/laravel-cms-2019-master/app/Http/Controllers/Auth/LoginController.php: setEndOfLine(LF)
/var/www/html/laravel/laravel-cms-2019-master/app/Http/Controllers/Auth/LoginController.php: trimTrailingWhitespace()
/var/www/html/laravel/laravel-cms-2019-master/app/Http/Controllers/Auth/LoginController.php: Using EditorConfig core...
/var/www/html/laravel/laravel-cms-2019-master/app/Http/Controllers/Auth/LoginController.php: setEndOfLine(LF)
/var/www/html/laravel/laravel-cms-2019-master/app/Http/Controllers/Auth/LoginController.php: trimTrailingWhitespace()
/var/www/html/laravel/laravel-cms-2019-master/app/Http/Controllers/Auth/LoginController.php: Using EditorConfig core...
/var/www/html/laravel/laravel-cms-2019-master/app/Http/Controllers/Auth/LoginController.php: setEndOfLine(LF)
/var/www/html/laravel/laravel-cms-2019-master/app/Http/Controllers/Auth/LoginController.php: trimTrailingWhitespace()
/var/www/html/laravel/laravel-cms-2019-master/app/Http/Controllers/Auth/LoginController.php: Using EditorConfig core...
/var/www/html/laravel/laravel-cms-2019-master/app/Http/Controllers/Auth/LoginController.php: setEndOfLine(LF)
/var/www/html/laravel/laravel-cms-2019-master/app/Http/Controllers/Auth/LoginController.php: trimTrailingWhitespace()
/var/www/html/laravel/laravel-cms-2019-master/app/Http/Controllers/Auth/LoginController.php: Using EditorConfig core...
/var/www/html/laravel/laravel-cms-2019-master/app/Http/Controllers/Auth/LoginController.php: setEndOfLine(LF)
/var/www/html/laravel/laravel-cms-2019-master/app/Http/Controllers/Auth/LoginController.php: trimTrailingWhitespace()
/var/www/html/laravel/laravel-cms-2019-master/app/Http/Controllers/Auth/LoginController.php: Using EditorConfig core...
/var/www/html/laravel/laravel-cms-2019-master/app/Http/Controllers/Auth/LoginController.php: setEndOfLine(LF)
/var/www/html/laravel/laravel-cms-2019-master/app/Http/Controllers/Auth/LoginController.php: trimTrailingWhitespace()
/var/www/html/laravel/laravel-cms-2019-master/app/Http/Controllers/Auth/LoginController.php: Using EditorConfig core...
/var/www/html/laravel/laravel-cms-2019-master/app/Http/Controllers/Auth/LoginController.php: setEndOfLine(LF)
/var/www/html/laravel/laravel-cms-2019-master/app/Http/Controllers/Auth/LoginController.php: trimTrailingWhitespace()
/var/www/html/laravel/laravel-cms-2019-master/app/Http/Controllers/Auth/LoginController.php: Using EditorConfig core...
/var/www/html/laravel/laravel-cms-2019-master/app/Http/Controllers/Auth/LoginController.php: setEndOfLine(LF)
/var/www/html/laravel/laravel-cms-2019-master/app/Http/Controllers/Auth/LoginController.php: trimTrailingWhitespace()
/var/www/html/laravel/laravel-cms-2019-master/app/Http/Controllers/Auth/LoginController.php: Using EditorConfig core...
/var/www/html/laravel/laravel-cms-2019-master/app/Http/Controllers/Auth/LoginController.php: setEndOfLine(LF)
/var/www/html/laravel/laravel-cms-2019-master/app/Http/Controllers/Auth/LoginController.php: trimTrailingWhitespace()
/var/www/html/laravel/laravel-cms-2019-master/app/Http/Controllers/Auth/LoginController.php: Using EditorConfig core...
/var/www/html/laravel/laravel-cms-2019-master/app/Http/Controllers/Auth/LoginController.php: setEndOfLine(LF)
/var/www/html/laravel/laravel-cms-2019-master/app/Http/Controllers/Auth/LoginController.php: trimTrailingWhitespace()
terakhir_cms/app/Http/Controllers/Auth/LoginController.php: {"insertSpaces":true,"tabSize":4}
terakhir_cms/app/Http/Controllers/Auth/LoginController.php: Using EditorConfig core...
app/Http/Controllers/Auth/LoginController.php: setEndOfLine(LF)
app/Http/Controllers/Auth/LoginController.php: editor.action.trimTrailingWhitespace
terakhir_cms/app/Http/Controllers/Auth/LoginController.php: Using EditorConfig core...
app/Http/Controllers/Auth/LoginController.php: setEndOfLine(LF)
app/Http/Controllers/Auth/LoginController.php: editor.action.trimTrailingWhitespace
terakhir_cms/app/Http/Controllers/Auth/LoginController.php: {"insertSpaces":true,"tabSize":4}
terakhir_cms/resources/views/welcome.blade.php: {"insertSpaces":true,"tabSize":4}
terakhir_cms/resources/views/welcome.blade.php: {"insertSpaces":true,"tabSize":4}
terakhir_cms/app/Http/Controllers/Auth/LoginController.php: {"insertSpaces":true,"tabSize":4}
/var/www/html/laravel/laravel-cms-2019-master/app/Http/Controllers/Auth/LoginController.php: {"insertSpaces":true,"tabSize":4}
terakhir_cms/app/Http/Controllers/PostsController.php: {"insertSpaces":true,"tabSize":4}
terakhir_cms/app/Http/Controllers/Auth/LoginController.php: {"insertSpaces":true,"tabSize":4}
terakhir_cms/app/Http/Controllers/Auth/LoginController.php: Using EditorConfig core...
app/Http/Controllers/Auth/LoginController.php: setEndOfLine(LF)
app/Http/Controllers/Auth/LoginController.php: editor.action.trimTrailingWhitespace
terakhir_cms/app/Http/Controllers/Auth/LoginController.php: Using EditorConfig core...
app/Http/Controllers/Auth/LoginController.php: setEndOfLine(LF)
app/Http/Controllers/Auth/LoginController.php: editor.action.trimTrailingWhitespace
terakhir_cms/app/Http/Controllers/Auth/LoginController.php: Using EditorConfig core...
app/Http/Controllers/Auth/LoginController.php: setEndOfLine(LF)
app/Http/Controllers/Auth/LoginController.php: editor.action.trimTrailingWhitespace
terakhir_cms/app/Http/Controllers/Auth/LoginController.php: Using EditorConfig core...
app/Http/Controllers/Auth/LoginController.php: setEndOfLine(LF)
app/Http/Controllers/Auth/LoginController.php: editor.action.trimTrailingWhitespace
terakhir_cms/app/Http/Controllers/Auth/LoginController.php: Using EditorConfig core...
app/Http/Controllers/Auth/LoginController.php: setEndOfLine(LF)
app/Http/Controllers/Auth/LoginController.php: editor.action.trimTrailingWhitespace
terakhir_cms/app/Http/Controllers/Auth/LoginController.php: Using EditorConfig core...
app/Http/Controllers/Auth/LoginController.php: setEndOfLine(LF)
app/Http/Controllers/Auth/LoginController.php: editor.action.trimTrailingWhitespace
terakhir_cms/app/Http/Controllers/WelcomeController.php: {"insertSpaces":true,"tabSize":4}
/var/www/html/laravel/laravel-cms-2019-master/app/Http/Controllers/Auth/LoginController.php: {"insertSpaces":true,"tabSize":4}
/var/www/html/laravel/laravel-cms-2019-master/app/Http/Controllers/WelcomeController.php: {"insertSpaces":true,"tabSize":4}
terakhir_cms/app/Http/Controllers/WelcomeController.php: {"insertSpaces":true,"tabSize":4}
terakhir_cms/app/Http/Controllers/WelcomeController.php: Using EditorConfig core...
app/Http/Controllers/WelcomeController.php: setEndOfLine(LF)
app/Http/Controllers/WelcomeController.php: editor.action.trimTrailingWhitespace
terakhir_cms/app/Http/Controllers/WelcomeController.php: {"insertSpaces":true,"tabSize":4}
terakhir_cms/app/Http/Controllers/WelcomeController.php: {"insertSpaces":true,"tabSize":4}
/var/www/html/laravel/laravel-cms-2019-master/app/Http/Controllers/Auth/LoginController.php: {"insertSpaces":true,"tabSize":4}
/var/www/html/laravel/laravel-cms-2019-master/app/Http/Controllers/Auth/LoginController.php: {"insertSpaces":true,"tabSize":4}
/var/www/html/laravel/laravel-cms-2019-master/app/Http/Controllers/WelcomeController.php: {"insertSpaces":true,"tabSize":4}
/var/www/html/laravel/laravel-cms-2019-master/app/Http/Controllers/WelcomeController.php: {"insertSpaces":true,"tabSize":4}
/var/www/html/laravel/laravel-cms-2019-master/app/Http/Controllers/WelcomeController.php: {"insertSpaces":true,"tabSize":4}
terakhir_cms/app/Http/Controllers/WelcomeController.php: {"insertSpaces":true,"tabSize":4}
terakhir_cms/app/Http/Controllers/WelcomeController.php: {"insertSpaces":true,"tabSize":4}
terakhir_cms/app/Http/Controllers/WelcomeController.php: {"insertSpaces":true,"tabSize":4}
terakhir_cms/app/Http/Controllers/WelcomeController.php: {"insertSpaces":true,"tabSize":4}
terakhir_cms/app/Http/Controllers/WelcomeController.php: {"insertSpaces":true,"tabSize":4}
terakhir_cms/app/Http/Controllers/WelcomeController.php: {"insertSpaces":true,"tabSize":4}
terakhir_cms/app/Http/Controllers/WelcomeController.php: Using EditorConfig core...
app/Http/Controllers/WelcomeController.php: setEndOfLine(LF)
app/Http/Controllers/WelcomeController.php: editor.action.trimTrailingWhitespace
terakhir_cms/app/Http/Controllers/WelcomeController.php: Using EditorConfig core...
app/Http/Controllers/WelcomeController.php: setEndOfLine(LF)
app/Http/Controllers/WelcomeController.php: editor.action.trimTrailingWhitespace
terakhir_cms/app/Http/Controllers/WelcomeController.php: {"insertSpaces":true,"tabSize":4}
terakhir_cms/app/Http/Controllers/WelcomeController.php: {"insertSpaces":true,"tabSize":4}
terakhir_cms/app/Http/Controllers/WelcomeController.php: {"insertSpaces":true,"tabSize":4}
terakhir_cms/app/Http/Controllers/WelcomeController.php: {"insertSpaces":true,"tabSize":4}
terakhir_cms/app/Http/Controllers/WelcomeController.php: {"insertSpaces":true,"tabSize":4}
terakhir_cms/app/Http/Controllers/WelcomeController.php: {"insertSpaces":true,"tabSize":4}
terakhir_cms/app/Http/Controllers/WelcomeController.php: {"insertSpaces":true,"tabSize":4}
terakhir_cms/app/Http/Controllers/WelcomeController.php: {"insertSpaces":true,"tabSize":4}
terakhir_cms/app/Http/Controllers/WelcomeController.php: {"insertSpaces":true,"tabSize":4}
terakhir_cms/app/Http/Controllers/WelcomeController.php: {"insertSpaces":true,"tabSize":4}
terakhir_cms/app/Http/Controllers/WelcomeController.php: {"insertSpaces":true,"tabSize":4}
terakhir_cms/app/Http/Controllers/WelcomeController.php: Using EditorConfig core...
app/Http/Controllers/WelcomeController.php: setEndOfLine(LF)
app/Http/Controllers/WelcomeController.php: editor.action.trimTrailingWhitespace
terakhir_cms/app/Http/Controllers/WelcomeController.php: {"insertSpaces":true,"tabSize":4}
terakhir_cms/app/Http/Controllers/WelcomeController.php: Using EditorConfig core...
app/Http/Controllers/WelcomeController.php: setEndOfLine(LF)
app/Http/Controllers/WelcomeController.php: editor.action.trimTrailingWhitespace
terakhir_cms/app/Http/Controllers/WelcomeController.php: {"insertSpaces":true,"tabSize":4}
terakhir_cms/app/Http/Controllers/WelcomeController.php: Using EditorConfig core...
app/Http/Controllers/WelcomeController.php: setEndOfLine(LF)
app/Http/Controllers/WelcomeController.php: editor.action.trimTrailingWhitespace
terakhir_cms/app/Http/Controllers/WelcomeController.php: {"insertSpaces":true,"tabSize":4}
terakhir_cms/app/Http/Controllers/WelcomeController.php: {"insertSpaces":true,"tabSize":4}
terakhir_cms/app/Http/Controllers/WelcomeController.php: {"insertSpaces":true,"tabSize":4}
terakhir_cms/app/Http/Controllers/WelcomeController.php: {"insertSpaces":true,"tabSize":4}
terakhir_cms/app/Http/Controllers/WelcomeController.php: Using EditorConfig core...
app/Http/Controllers/WelcomeController.php: setEndOfLine(LF)
app/Http/Controllers/WelcomeController.php: editor.action.trimTrailingWhitespace
terakhir_cms/app/Http/Controllers/WelcomeController.php: Using EditorConfig core...
app/Http/Controllers/WelcomeController.php: setEndOfLine(LF)
app/Http/Controllers/WelcomeController.php: editor.action.trimTrailingWhitespace
terakhir_cms/app/Http/Controllers/WelcomeController.php: {"insertSpaces":true,"tabSize":4}
terakhir_cms/app/Http/Controllers/WelcomeController.php: Using EditorConfig core...
app/Http/Controllers/WelcomeController.php: setEndOfLine(LF)
app/Http/Controllers/WelcomeController.php: editor.action.trimTrailingWhitespace
terakhir_cms/resources/views/welcome.blade.php: {"insertSpaces":true,"tabSize":4}
terakhir_cms/resources/views/welcome.blade.php: Using EditorConfig core...
resources/views/welcome.blade.php: setEndOfLine(LF)
resources/views/welcome.blade.php: editor.action.trimTrailingWhitespace
terakhir_cms/resources/views/welcome.blade.php: {"insertSpaces":true,"tabSize":4}
terakhir_cms/resources/views/welcome.blade.php: {"insertSpaces":true,"tabSize":4}
/var/www/html/laravel/laravel-cms-2019-master/app/Http/Controllers/WelcomeController.php: {"insertSpaces":true,"tabSize":4}
/var/www/html/laravel/laravel-cms-2019-master/resources/views/layouts/blog.blade.php: {"insertSpaces":true,"tabSize":4}
/var/www/html/laravel/laravel-cms-2019-master/app/Http/Controllers/Auth/LoginController.php: {"insertSpaces":true,"tabSize":4}
/var/www/html/laravel/laravel-cms-2019-master/resources/views/layouts/blog.blade.php: {"insertSpaces":true,"tabSize":4}
/var/www/html/laravel/laravel-cms-2019-master/resources/views/partials/sidebar.blade.php: {"insertSpaces":true,"tabSize":4}
terakhir_cms/resources/views/welcome.blade.php: {"insertSpaces":true,"tabSize":4}
terakhir_cms/resources/views/welcome.blade.php: Using EditorConfig core...
resources/views/welcome.blade.php: setEndOfLine(LF)
resources/views/welcome.blade.php: editor.action.trimTrailingWhitespace
terakhir_cms/resources/views/welcome.blade.php: Using EditorConfig core...
resources/views/welcome.blade.php: setEndOfLine(LF)
resources/views/welcome.blade.php: editor.action.trimTrailingWhitespace
/var/www/html/laravel/laravel-cms-2019-master/resources/views/partials/sidebar.blade.php: {"insertSpaces":true,"tabSize":4}
terakhir_cms/resources/views/welcome.blade.php: {"insertSpaces":true,"tabSize":4}
terakhir_cms/resources/views/welcome.blade.php: Using EditorConfig core...
resources/views/welcome.blade.php: setEndOfLine(LF)
resources/views/welcome.blade.php: editor.action.trimTrailingWhitespace
terakhir_cms/resources/views/welcome.blade.php: {"insertSpaces":true,"tabSize":4}
terakhir_cms/resources/views/welcome.blade.php: {"insertSpaces":true,"tabSize":4}
terakhir_cms/resources/views/welcome.blade.php: {"insertSpaces":true,"tabSize":4}
terakhir_cms/resources/views/welcome.blade.php: {"insertSpaces":true,"tabSize":4}
/var/www/html/laravel/laravel-cms-2019-master/resources/views/partials/sidebar.blade.php: {"insertSpaces":true,"tabSize":4}
/var/www/html/laravel/laravel-cms-2019-master/resources/views/welcome.blade.php: {"insertSpaces":true,"tabSize":4}
terakhir_cms/resources/views/welcome.blade.php: {"insertSpaces":true,"tabSize":4}
terakhir_cms/resources/views/welcome.blade.php: Using EditorConfig core...
resources/views/welcome.blade.php: setEndOfLine(LF)
resources/views/welcome.blade.php: editor.action.trimTrailingWhitespace
/var/www/html/laravel/laravel-cms-2019-master/resources/views/welcome.blade.php: {"insertSpaces":true,"tabSize":4}
terakhir_cms/resources/views/welcome.blade.php: {"insertSpaces":true,"tabSize":4}
terakhir_cms/resources/views/welcome.blade.php: Using EditorConfig core...
resources/views/welcome.blade.php: setEndOfLine(LF)
resources/views/welcome.blade.php: editor.action.trimTrailingWhitespace
terakhir_cms/resources/views/welcome.blade.php: Using EditorConfig core...
resources/views/welcome.blade.php: setEndOfLine(LF)
resources/views/welcome.blade.php: editor.action.trimTrailingWhitespace
terakhir_cms/resources/views/welcome.blade.php: Using EditorConfig core...
resources/views/welcome.blade.php: setEndOfLine(LF)
resources/views/welcome.blade.php: editor.action.trimTrailingWhitespace
terakhir_cms/resources/views/welcome.blade.php: Using EditorConfig core...
resources/views/welcome.blade.php: setEndOfLine(LF)
resources/views/welcome.blade.php: editor.action.trimTrailingWhitespace
terakhir_cms/resources/views/welcome.blade.php: Using EditorConfig core...
resources/views/welcome.blade.php: setEndOfLine(LF)
resources/views/welcome.blade.php: editor.action.trimTrailingWhitespace
terakhir_cms/resources/views/welcome.blade.php: Using EditorConfig core...
resources/views/welcome.blade.php: setEndOfLine(LF)
resources/views/welcome.blade.php: editor.action.trimTrailingWhitespace
terakhir_cms/resources/views/welcome.blade.php: Using EditorConfig core...
resources/views/welcome.blade.php: setEndOfLine(LF)
resources/views/welcome.blade.php: editor.action.trimTrailingWhitespace
terakhir_cms/resources/views/welcome.blade.php: Using EditorConfig core...
resources/views/welcome.blade.php: setEndOfLine(LF)
resources/views/welcome.blade.php: editor.action.trimTrailingWhitespace
terakhir_cms/resources/views/welcome.blade.php: Using EditorConfig core...
resources/views/welcome.blade.php: setEndOfLine(LF)
resources/views/welcome.blade.php: editor.action.trimTrailingWhitespace
terakhir_cms/resources/views/welcome.blade.php: Using EditorConfig core...
resources/views/welcome.blade.php: setEndOfLine(LF)
resources/views/welcome.blade.php: editor.action.trimTrailingWhitespace
terakhir_cms/resources/views/welcome.blade.php: Using EditorConfig core...
resources/views/welcome.blade.php: setEndOfLine(LF)
resources/views/welcome.blade.php: editor.action.trimTrailingWhitespace
terakhir_cms/resources/views/welcome.blade.php: Using EditorConfig core...
resources/views/welcome.blade.php: setEndOfLine(LF)
resources/views/welcome.blade.php: editor.action.trimTrailingWhitespace
terakhir_cms/resources/views/welcome.blade.php: Using EditorConfig core...
resources/views/welcome.blade.php: setEndOfLine(LF)
resources/views/welcome.blade.php: editor.action.trimTrailingWhitespace
terakhir_cms/resources/views/welcome.blade.php: Using EditorConfig core...
resources/views/welcome.blade.php: setEndOfLine(LF)
resources/views/welcome.blade.php: editor.action.trimTrailingWhitespace
terakhir_cms/resources/views/welcome.blade.php: Using EditorConfig core...
resources/views/welcome.blade.php: setEndOfLine(LF)
resources/views/welcome.blade.php: editor.action.trimTrailingWhitespace
terakhir_cms/resources/views/welcome.blade.php: Using EditorConfig core...
resources/views/welcome.blade.php: setEndOfLine(LF)
resources/views/welcome.blade.php: editor.action.trimTrailingWhitespace
terakhir_cms/resources/views/welcome.blade.php: Using EditorConfig core...
resources/views/welcome.blade.php: setEndOfLine(LF)
resources/views/welcome.blade.php: editor.action.trimTrailingWhitespace
terakhir_cms/resources/views/welcome.blade.php: Using EditorConfig core...
resources/views/welcome.blade.php: setEndOfLine(LF)
resources/views/welcome.blade.php: editor.action.trimTrailingWhitespace
terakhir_cms/resources/views/welcome.blade.php: Using EditorConfig core...
resources/views/welcome.blade.php: setEndOfLine(LF)
resources/views/welcome.blade.php: editor.action.trimTrailingWhitespace
terakhir_cms/resources/views/welcome.blade.php: Using EditorConfig core...
resources/views/welcome.blade.php: setEndOfLine(LF)
resources/views/welcome.blade.php: editor.action.trimTrailingWhitespace
terakhir_cms/resources/views/welcome.blade.php: Using EditorConfig core...
resources/views/welcome.blade.php: setEndOfLine(LF)
resources/views/welcome.blade.php: editor.action.trimTrailingWhitespace
terakhir_cms/resources/views/welcome.blade.php: {"insertSpaces":true,"tabSize":4}
terakhir_cms/app/Http/Controllers/WelcomeController.php: {"insertSpaces":true,"tabSize":4}
terakhir_cms/app/Http/Controllers/WelcomeController.php: Using EditorConfig core...
app/Http/Controllers/WelcomeController.php: setEndOfLine(LF)
app/Http/Controllers/WelcomeController.php: editor.action.trimTrailingWhitespace
terakhir_cms/app/Http/Controllers/WelcomeController.php: {"insertSpaces":true,"tabSize":4}
terakhir_cms/resources/views/welcome.blade.php: {"insertSpaces":true,"tabSize":4}
terakhir_cms/resources/views/welcome.blade.php: {"insertSpaces":true,"tabSize":4}
terakhir_cms/resources/views/welcome.blade.php: Using EditorConfig core...
resources/views/welcome.blade.php: setEndOfLine(LF)
resources/views/welcome.blade.php: editor.action.trimTrailingWhitespace
/var/www/html/laravel/laravel-cms-2019-master/resources/views/welcome.blade.php: {"insertSpaces":true,"tabSize":4}
terakhir_cms/resources/views/welcome.blade.php: {"insertSpaces":true,"tabSize":4}
/var/www/html/laravel/laravel-cms-2019-master/resources/views/welcome.blade.php: {"insertSpaces":true,"tabSize":4}
terakhir_cms/resources/views/welcome.blade.php: {"insertSpaces":true,"tabSize":4}
terakhir_cms/resources/views/welcome.blade.php: Using EditorConfig core...
resources/views/welcome.blade.php: setEndOfLine(LF)
resources/views/welcome.blade.php: editor.action.trimTrailingWhitespace
terakhir_cms/resources/views/welcome.blade.php: {"insertSpaces":true,"tabSize":4}
terakhir_cms/resources/views/welcome.blade.php: {"insertSpaces":true,"tabSize":4}
terakhir_cms/resources/views/welcome.blade.php: {"insertSpaces":true,"tabSize":4}
terakhir_cms/resources/views/welcome.blade.php: {"insertSpaces":true,"tabSize":4}
terakhir_cms/resources/views/welcome.blade.php: {"insertSpaces":true,"tabSize":4}
terakhir_cms/app/Http/Controllers/WelcomeController.php: {"insertSpaces":true,"tabSize":4}
terakhir_cms/app/Http/Controllers/WelcomeController.php: Using EditorConfig core...
app/Http/Controllers/WelcomeController.php: setEndOfLine(LF)
app/Http/Controllers/WelcomeController.php: editor.action.trimTrailingWhitespace
terakhir_cms/app/Http/Controllers/WelcomeController.php: {"insertSpaces":true,"tabSize":4}
terakhir_cms/resources/views/auth/login.blade.php: {"insertSpaces":true,"tabSize":4}
terakhir_cms/resources/views/auth/login.blade.php: {"insertSpaces":true,"tabSize":4}
/var/www/html/laravel/laravel-cms-2019-master/resources/views/layouts/blog.blade.php: {"insertSpaces":true,"tabSize":4}
/var/www/html/laravel/laravel-cms-2019-master/resources/views/auth/login.blade.php: {"insertSpaces":true,"tabSize":4}
terakhir_cms/resources/views/auth/login.blade.php: {"insertSpaces":true,"tabSize":4}
terakhir_cms/resources/views/auth/login.blade.php: Using EditorConfig core...
resources/views/auth/login.blade.php: setEndOfLine(LF)
resources/views/auth/login.blade.php: editor.action.trimTrailingWhitespace
terakhir_cms/resources/views/auth/login.blade.php: {"insertSpaces":true,"tabSize":4}
terakhir_cms/resources/views/auth/login.blade.php: {"insertSpaces":true,"tabSize":4}
terakhir_cms/app/Http/Controllers/WelcomeController.php: {"insertSpaces":true,"tabSize":4}
terakhir_cms/app/Http/Controllers/WelcomeController.php: Using EditorConfig core...
app/Http/Controllers/WelcomeController.php: setEndOfLine(LF)
app/Http/Controllers/WelcomeController.php: editor.action.trimTrailingWhitespace
terakhir_cms/app/Http/Controllers/WelcomeController.php: Using EditorConfig core...
app/Http/Controllers/WelcomeController.php: setEndOfLine(LF)
app/Http/Controllers/WelcomeController.php: editor.action.trimTrailingWhitespace
terakhir_cms/app/Http/Controllers/WelcomeController.php: {"insertSpaces":true,"tabSize":4}
terakhir_cms/app/Http/Controllers/WelcomeController.php: {"insertSpaces":true,"tabSize":4}
terakhir_cms/resources/views/welcome.blade.php: {"insertSpaces":true,"tabSize":4}
terakhir_cms/resources/views/welcome.blade.php: {"insertSpaces":true,"tabSize":4}
terakhir_cms/app/Http/Controllers/WelcomeController.php: {"insertSpaces":true,"tabSize":4}
terakhir_cms/resources/views/welcome.blade.php: {"insertSpaces":true,"tabSize":4}
terakhir_cms/resources/views/welcome.blade.php: {"insertSpaces":true,"tabSize":4}
terakhir_cms/app/Http/Controllers/WelcomeController.php: {"insertSpaces":true,"tabSize":4}
terakhir_cms/app/Http/Controllers/WelcomeController.php: Using EditorConfig core...
app/Http/Controllers/WelcomeController.php: setEndOfLine(LF)
app/Http/Controllers/WelcomeController.php: editor.action.trimTrailingWhitespace
terakhir_cms/app/Http/Controllers/WelcomeController.php: {"insertSpaces":true,"tabSize":4}
terakhir_cms/app/Http/Controllers/WelcomeController.php: {"insertSpaces":true,"tabSize":4}
terakhir_cms/app/Http/Controllers/WelcomeController.php: Using EditorConfig core...
app/Http/Controllers/WelcomeController.php: setEndOfLine(LF)
app/Http/Controllers/WelcomeController.php: editor.action.trimTrailingWhitespace
terakhir_cms/app/Http/Controllers/WelcomeController.php: {"insertSpaces":true,"tabSize":4}
terakhir_cms/resources/views/welcome.blade.php: {"insertSpaces":true,"tabSize":4}
terakhir_cms/resources/views/welcome.blade.php: {"insertSpaces":true,"tabSize":4}
terakhir_cms/app/Http/Controllers/WelcomeController.php: {"insertSpaces":true,"tabSize":4}
terakhir_cms/app/Http/Controllers/WelcomeController.php: Using EditorConfig core...
app/Http/Controllers/WelcomeController.php: setEndOfLine(LF)
app/Http/Controllers/WelcomeController.php: editor.action.trimTrailingWhitespace
terakhir_cms/app/Http/Controllers/WelcomeController.php: Using EditorConfig core...
app/Http/Controllers/WelcomeController.php: setEndOfLine(LF)
app/Http/Controllers/WelcomeController.php: editor.action.trimTrailingWhitespace
terakhir_cms/app/Http/Controllers/WelcomeController.php: Using EditorConfig core...
app/Http/Controllers/WelcomeController.php: setEndOfLine(LF)
app/Http/Controllers/WelcomeController.php: editor.action.trimTrailingWhitespace
terakhir_cms/app/Http/Controllers/WelcomeController.php: Using EditorConfig core...
app/Http/Controllers/WelcomeController.php: setEndOfLine(LF)
app/Http/Controllers/WelcomeController.php: editor.action.trimTrailingWhitespace
terakhir_cms/app/Http/Controllers/WelcomeController.php: {"insertSpaces":true,"tabSize":4}
terakhir_cms/resources/views/welcome.blade.php: {"insertSpaces":true,"tabSize":4}
terakhir_cms/resources/views/welcome.blade.php: Using EditorConfig core...
resources/views/welcome.blade.php: setEndOfLine(LF)
resources/views/welcome.blade.php: editor.action.trimTrailingWhitespace
terakhir_cms/resources/views/welcome.blade.php: {"insertSpaces":true,"tabSize":4}
terakhir_cms/resources/views/welcome.blade.php: {"insertSpaces":true,"tabSize":4}
terakhir_cms/resources/views/welcome.blade.php: Using EditorConfig core...
resources/views/welcome.blade.php: setEndOfLine(LF)
resources/views/welcome.blade.php: editor.action.trimTrailingWhitespace
terakhir_cms/resources/views/welcome.blade.php: {"insertSpaces":true,"tabSize":4}
/var/www/html/laravel/laravel-cms-2019-master/resources/views/auth/login.blade.php: {"insertSpaces":true,"tabSize":4}
/var/www/html/laravel/laravel-cms-2019-master/resources/views/welcome.blade.php: {"insertSpaces":true,"tabSize":4}
terakhir_cms/resources/views/welcome.blade.php: {"insertSpaces":true,"tabSize":4}
terakhir_cms/resources/views/welcome.blade.php: Using EditorConfig core...
resources/views/welcome.blade.php: setEndOfLine(LF)
resources/views/welcome.blade.php: editor.action.trimTrailingWhitespace
terakhir_cms/app/Http/Controllers/WelcomeController.php: {"insertSpaces":true,"tabSize":4}
/var/www/html/laravel/laravel-cms-2019-master/app/Http/Controllers/Auth/LoginController.php: {"insertSpaces":true,"tabSize":4}
/var/www/html/laravel/laravel-cms-2019-master/app/Http/Controllers/WelcomeController.php: {"insertSpaces":true,"tabSize":4}
/var/www/html/laravel/laravel-cms-2019-master/app/Http/Controllers/WelcomeController.php: {"insertSpaces":true,"tabSize":4}
terakhir_cms/resources/views/partials/sidebar.blade.php: {"insertSpaces":true,"tabSize":4}
/var/www/html/laravel/laravel-cms-2019-master/app/Http/Controllers/WelcomeController.php: {"insertSpaces":true,"tabSize":4}
/var/www/html/laravel/laravel-cms-2019-master/resources/views/partials/sidebar.blade.php: {"insertSpaces":true,"tabSize":4}
terakhir_cms/resources/views/partials/sidebar.blade.php: {"insertSpaces":true,"tabSize":4}
terakhir_cms/resources/views/partials/sidebar.blade.php: Using EditorConfig core...
resources/views/partials/sidebar.blade.php: setEndOfLine(LF)
resources/views/partials/sidebar.blade.php: editor.action.trimTrailingWhitespace
resources/views/partials/sidebar.blade.php: insertFinalNewline(LF)
terakhir_cms/resources/views/partials/sidebar.blade.php: {"insertSpaces":true,"tabSize":4}
/var/www/html/laravel/laravel-cms-2019-master/resources/views/partials/sidebar.blade.php: {"insertSpaces":true,"tabSize":4}
/var/www/html/laravel/laravel-cms-2019-master/resources/views/blog/category.blade.php: {"insertSpaces":true,"tabSize":4}
/var/www/html/laravel/laravel-cms-2019-master/resources/views/blog/category.blade.php: Using EditorConfig core...
/var/www/html/laravel/laravel-cms-2019-master/resources/views/blog/category.blade.php: setEndOfLine(LF)
/var/www/html/laravel/laravel-cms-2019-master/resources/views/blog/category.blade.php: editor.action.trimTrailingWhitespace
terakhir_cms/resources/views/blog/show.blade.php: {"insertSpaces":true,"tabSize":4}
terakhir_cms/resources/views/blog/category.blade.php: {"insertSpaces":true,"tabSize":4}
terakhir_cms/resources/views/blog/category.blade.php: Using EditorConfig core...
resources/views/blog/category.blade.php: setEndOfLine(LF)
resources/views/blog/category.blade.php: editor.action.trimTrailingWhitespace
terakhir_cms/resources/views/blog/show.blade.php: {"insertSpaces":true,"tabSize":4}
terakhir_cms/resources/views/blog/category.blade.php: {"insertSpaces":true,"tabSize":4}
terakhir_cms/resources/views/blog/category.blade.php: {"insertSpaces":true,"tabSize":4}
terakhir_cms/routes/web.php: {"insertSpaces":true,"tabSize":4}
terakhir_cms/routes/web.php: {"insertSpaces":true,"tabSize":4}
terakhir_cms/routes/web.php: {"insertSpaces":true,"tabSize":4}
/var/www/html/laravel/laravel-cms-2019-master/resources/views/blog/category.blade.php: {"insertSpaces":true,"tabSize":4}
/var/www/html/laravel/laravel-cms-2019-master/resources/views/blog/category.blade.php: Using EditorConfig core...
/var/www/html/laravel/laravel-cms-2019-master/resources/views/blog/category.blade.php: setEndOfLine(LF)
/var/www/html/laravel/laravel-cms-2019-master/resources/views/blog/category.blade.php: editor.action.trimTrailingWhitespace
/var/www/html/laravel/laravel-cms-2019-master/routes/web.php: {"insertSpaces":true,"tabSize":4}
terakhir_cms/routes/web.php: {"insertSpaces":true,"tabSize":4}
terakhir_cms/routes/web.php: Using EditorConfig core...
routes/web.php: setEndOfLine(LF)
routes/web.php: editor.action.trimTrailingWhitespace
terakhir_cms/routes/web.php: {"insertSpaces":true,"tabSize":4}
terakhir_cms/resources/views/vendor/pagination/simple-bootstrap-4.blade.php: {"insertSpaces":true,"tabSize":4}
/var/www/html/laravel/laravel-cms-2019-master/resources/views/blog/category.blade.php: {"insertSpaces":true,"tabSize":4}
/var/www/html/laravel/laravel-cms-2019-master/resources/views/vendor/pagination/simple-bootstrap-4.blade.php: {"insertSpaces":true,"tabSize":4}
terakhir_cms/resources/views/vendor/pagination/simple-bootstrap-4.blade.php: {"insertSpaces":true,"tabSize":4}
terakhir_cms/resources/views/vendor/pagination/simple-bootstrap-4.blade.php: Using EditorConfig core...
resources/views/vendor/pagination/simple-bootstrap-4.blade.php: setEndOfLine(LF)
resources/views/vendor/pagination/simple-bootstrap-4.blade.php: editor.action.trimTrailingWhitespace
terakhir_cms/resources/views/vendor/pagination/simple-bootstrap-4.blade.php: {"insertSpaces":true,"tabSize":4}
terakhir_cms/resources/views/vendor/pagination/simple-bootstrap-4.blade.php: {"insertSpaces":true,"tabSize":4}
terakhir_cms/resources/views/welcome.blade.php: {"insertSpaces":true,"tabSize":4}
terakhir_cms/resources/views/welcome.blade.php: Using EditorConfig core...
resources/views/welcome.blade.php: setEndOfLine(LF)
resources/views/welcome.blade.php: editor.action.trimTrailingWhitespace
terakhir_cms/resources/views/welcome.blade.php: {"insertSpaces":true,"tabSize":4}
terakhir_cms/app/Http/Controllers/WelcomeController.php: {"insertSpaces":true,"tabSize":4}
terakhir_cms/app/Http/Controllers/WelcomeController.php: Using EditorConfig core...
app/Http/Controllers/WelcomeController.php: setEndOfLine(LF)
app/Http/Controllers/WelcomeController.php: editor.action.trimTrailingWhitespace
terakhir_cms/app/Http/Controllers/WelcomeController.php: {"insertSpaces":true,"tabSize":4}
terakhir_cms/resources/views/welcome.blade.php: {"insertSpaces":true,"tabSize":4}
terakhir_cms/resources/views/welcome.blade.php: {"insertSpaces":true,"tabSize":4}
terakhir_cms/resources/views/welcome.blade.php: {"insertSpaces":true,"tabSize":4}
terakhir_cms/resources/views/welcome.blade.php: {"insertSpaces":true,"tabSize":4}
terakhir_cms/routes/web.php: {"insertSpaces":true,"tabSize":4}
terakhir_cms/routes/web.php: {"insertSpaces":true,"tabSize":4}
terakhir_cms/app/Http/Controllers/Blog/PostsController.php: {"insertSpaces":true,"tabSize":4}
/var/www/html/laravel/laravel-cms-2019-master/resources/views/vendor/pagination/simple-bootstrap-4.blade.php: {"insertSpaces":true,"tabSize":4}
/var/www/html/laravel/laravel-cms-2019-master/app/Http/Controllers/Blog/PostsController.php: {"insertSpaces":true,"tabSize":4}
terakhir_cms/app/Http/Controllers/Blog/PostsController.php: {"insertSpaces":true,"tabSize":4}
terakhir_cms/app/Http/Controllers/Blog/PostsController.php: Using EditorConfig core...
app/Http/Controllers/Blog/PostsController.php: setEndOfLine(LF)
app/Http/Controllers/Blog/PostsController.php: editor.action.trimTrailingWhitespace
terakhir_cms/app/Http/Controllers/Blog/PostsController.php: Using EditorConfig core...
app/Http/Controllers/Blog/PostsController.php: setEndOfLine(LF)
app/Http/Controllers/Blog/PostsController.php: editor.action.trimTrailingWhitespace
terakhir_cms/app/Http/Controllers/Blog/PostsController.php: Using EditorConfig core...
app/Http/Controllers/Blog/PostsController.php: setEndOfLine(LF)
app/Http/Controllers/Blog/PostsController.php: editor.action.trimTrailingWhitespace
terakhir_cms/app/Http/Controllers/Blog/PostsController.php: Using EditorConfig core...
app/Http/Controllers/Blog/PostsController.php: setEndOfLine(LF)
app/Http/Controllers/Blog/PostsController.php: editor.action.trimTrailingWhitespace
terakhir_cms/app/Http/Controllers/Blog/PostsController.php: Using EditorConfig core...
app/Http/Controllers/Blog/PostsController.php: setEndOfLine(LF)
app/Http/Controllers/Blog/PostsController.php: editor.action.trimTrailingWhitespace
terakhir_cms/app/Http/Controllers/Blog/PostsController.php: Using EditorConfig core...
app/Http/Controllers/Blog/PostsController.php: setEndOfLine(LF)
app/Http/Controllers/Blog/PostsController.php: editor.action.trimTrailingWhitespace
/var/www/html/laravel/laravel-cms-2019-master/app/Http/Controllers/Blog/PostsController.php: {"insertSpaces":true,"tabSize":4}
/var/www/html/laravel/laravel-cms-2019-master/app/Http/Controllers/Blog/PostsController.php: {"insertSpaces":true,"tabSize":4}
/var/www/html/laravel/laravel-cms-2019-master/app/Http/Controllers/Blog/PostsController.php: {"insertSpaces":true,"tabSize":4}
terakhir_cms/app/Http/Controllers/Blog/PostsController.php: {"insertSpaces":true,"tabSize":4}
terakhir_cms/app/Http/Controllers/Blog/PostsController.php: {"insertSpaces":true,"tabSize":4}
terakhir_cms/app/Http/Controllers/Blog/PostsController.php: {"insertSpaces":true,"tabSize":4}
terakhir_cms/app/Http/Controllers/Blog/PostsController.php: {"insertSpaces":true,"tabSize":4}
terakhir_cms/app/Http/Controllers/Blog/PostsController.php: {"insertSpaces":true,"tabSize":4}
terakhir_cms/app/Http/Controllers/Blog/PostsController.php: {"insertSpaces":true,"tabSize":4}
terakhir_cms/resources/views/blog/category.blade.php: {"insertSpaces":true,"tabSize":4}
terakhir_cms/app/Http/Controllers/WelcomeController.php: {"insertSpaces":true,"tabSize":4}
terakhir_cms/app/Http/Controllers/Blog/PostsController.php: {"insertSpaces":true,"tabSize":4}
terakhir_cms/app/Http/Controllers/Blog/PostsController.php: {"insertSpaces":true,"tabSize":4}
terakhir_cms/app/Http/Controllers/Blog/PostsController.php: Using EditorConfig core...
app/Http/Controllers/Blog/PostsController.php: setEndOfLine(LF)
app/Http/Controllers/Blog/PostsController.php: editor.action.trimTrailingWhitespace
terakhir_cms/app/Http/Controllers/Blog/PostsController.php: {"insertSpaces":true,"tabSize":4}
terakhir_cms/app/Http/Controllers/Blog/PostsController.php: {"insertSpaces":true,"tabSize":4}
terakhir_cms/app/Http/Controllers/Blog/PostsController.php: {"insertSpaces":true,"tabSize":4}
terakhir_cms/app/Http/Controllers/Blog/PostsController.php: {"insertSpaces":true,"tabSize":4}
terakhir_cms/app/Http/Controllers/Blog/PostsController.php: {"insertSpaces":true,"tabSize":4}
terakhir_cms/app/Http/Controllers/Blog/PostsController.php: {"insertSpaces":true,"tabSize":4}
terakhir_cms/app/Http/Controllers/Blog/PostsController.php: {"insertSpaces":true,"tabSize":4}
terakhir_cms/app/Http/Controllers/Blog/PostsController.php: {"insertSpaces":true,"tabSize":4}
terakhir_cms/app/Http/Controllers/Blog/PostsController.php: {"insertSpaces":true,"tabSize":4}
terakhir_cms/app/Http/Controllers/Blog/PostsController.php: {"insertSpaces":true,"tabSize":4}
terakhir_cms/app/Http/Controllers/Blog/PostsController.php: {"insertSpaces":true,"tabSize":4}
terakhir_cms/app/Http/Controllers/Blog/PostsController.php: Using EditorConfig core...
app/Http/Controllers/Blog/PostsController.php: setEndOfLine(LF)
app/Http/Controllers/Blog/PostsController.php: editor.action.trimTrailingWhitespace
terakhir_cms/app/Http/Controllers/Blog/PostsController.php: {"insertSpaces":true,"tabSize":4}
terakhir_cms/app/Http/Controllers/Blog/PostsController.php: {"insertSpaces":true,"tabSize":4}
terakhir_cms/app/Http/Controllers/Blog/PostsController.php: {"insertSpaces":true,"tabSize":4}
terakhir_cms/app/Http/Controllers/Blog/PostsController.php: Using EditorConfig core...
app/Http/Controllers/Blog/PostsController.php: setEndOfLine(LF)
app/Http/Controllers/Blog/PostsController.php: editor.action.trimTrailingWhitespace
terakhir_cms/app/Http/Controllers/Blog/PostsController.php: Using EditorConfig core...
app/Http/Controllers/Blog/PostsController.php: setEndOfLine(LF)
app/Http/Controllers/Blog/PostsController.php: editor.action.trimTrailingWhitespace
terakhir_cms/app/Http/Controllers/Blog/PostsController.php: Using EditorConfig core...
app/Http/Controllers/Blog/PostsController.php: setEndOfLine(LF)
app/Http/Controllers/Blog/PostsController.php: editor.action.trimTrailingWhitespace
terakhir_cms/app/Http/Controllers/Blog/PostsController.php: Using EditorConfig core...
app/Http/Controllers/Blog/PostsController.php: setEndOfLine(LF)
app/Http/Controllers/Blog/PostsController.php: editor.action.trimTrailingWhitespace
terakhir_cms/app/Http/Controllers/Blog/PostsController.php: Using EditorConfig core...
app/Http/Controllers/Blog/PostsController.php: setEndOfLine(LF)
app/Http/Controllers/Blog/PostsController.php: editor.action.trimTrailingWhitespace
terakhir_cms/app/Http/Controllers/Blog/PostsController.php: {"insertSpaces":true,"tabSize":4}
terakhir_cms/app/Http/Controllers/Blog/PostsController.php: Using EditorConfig core...
app/Http/Controllers/Blog/PostsController.php: setEndOfLine(LF)
app/Http/Controllers/Blog/PostsController.php: editor.action.trimTrailingWhitespace
terakhir_cms/app/Http/Controllers/Blog/PostsController.php: {"insertSpaces":true,"tabSize":4}
terakhir_cms/app/Http/Controllers/Blog/PostsController.php: {"insertSpaces":true,"tabSize":4}
terakhir_cms/resources/views/blog/category.blade.php: {"insertSpaces":true,"tabSize":4}
terakhir_cms/resources/views/partials/sidebar.blade.php: {"insertSpaces":true,"tabSize":4}
terakhir_cms/resources/views/blog/show.blade.php: {"insertSpaces":true,"tabSize":4}
terakhir_cms/resources/views/blog/category.blade.php: {"insertSpaces":true,"tabSize":4}
terakhir_cms/resources/views/blog/category.blade.php: {"insertSpaces":true,"tabSize":4}
terakhir_cms/app/Http/Controllers/Blog/PostsController.php: {"insertSpaces":true,"tabSize":4}
terakhir_cms/app/Http/Controllers/Blog/PostsController.php: {"insertSpaces":true,"tabSize":4}
terakhir_cms/app/Http/Controllers/Blog/PostsController.php: {"insertSpaces":true,"tabSize":4}
terakhir_cms/app/Http/Controllers/Blog/PostsController.php: {"insertSpaces":true,"tabSize":4}
terakhir_cms/app/Http/Controllers/Blog/PostsController.php: {"insertSpaces":true,"tabSize":4}
terakhir_cms/app/Http/Controllers/Blog/PostsController.php: Using EditorConfig core...
app/Http/Controllers/Blog/PostsController.php: setEndOfLine(LF)
app/Http/Controllers/Blog/PostsController.php: editor.action.trimTrailingWhitespace
terakhir_cms/app/Http/Controllers/Blog/PostsController.php: {"insertSpaces":true,"tabSize":4}
/var/www/html/laravel/laravel-cms-2019-master/app/Http/Controllers/Blog/PostsController.php: {"insertSpaces":true,"tabSize":4}
terakhir_cms/app/Http/Controllers/Blog/PostsController.php: {"insertSpaces":true,"tabSize":4}
terakhir_cms/app/Http/Controllers/Blog/PostsController.php: Using EditorConfig core...
app/Http/Controllers/Blog/PostsController.php: setEndOfLine(LF)
app/Http/Controllers/Blog/PostsController.php: editor.action.trimTrailingWhitespace
terakhir_cms/app/Http/Controllers/Blog/PostsController.php: {"insertSpaces":true,"tabSize":4}
terakhir_cms/app/Http/Controllers/Blog/PostsController.php: {"insertSpaces":true,"tabSize":4}
terakhir_cms/app/Http/Controllers/Blog/PostsController.php: {"insertSpaces":true,"tabSize":4}
terakhir_cms/app/Http/Controllers/Blog/PostsController.php: {"insertSpaces":true,"tabSize":4}
terakhir_cms/app/Http/Controllers/Blog/PostsController.php: {"insertSpaces":true,"tabSize":4}
terakhir_cms/app/Http/Controllers/Blog/PostsController.php: {"insertSpaces":true,"tabSize":4}
terakhir_cms/app/Http/Controllers/Blog/PostsController.php: {"insertSpaces":true,"tabSize":4}
terakhir_cms/app/Http/Controllers/Blog/PostsController.php: {"insertSpaces":true,"tabSize":4}
terakhir_cms/app/Http/Controllers/Blog/PostsController.php: Using EditorConfig core...
app/Http/Controllers/Blog/PostsController.php: setEndOfLine(LF)
app/Http/Controllers/Blog/PostsController.php: editor.action.trimTrailingWhitespace
terakhir_cms/app/Http/Controllers/Blog/PostsController.php: {"insertSpaces":true,"tabSize":4}
terakhir_cms/app/Http/Controllers/Blog/PostsController.php: {"insertSpaces":true,"tabSize":4}
terakhir_cms/app/Http/Controllers/Blog/PostsController.php: {"insertSpaces":true,"tabSize":4}
terakhir_cms/app/Http/Controllers/Blog/PostsController.php: {"insertSpaces":true,"tabSize":4}
terakhir_cms/app/Http/Controllers/Blog/PostsController.php: {"insertSpaces":true,"tabSize":4}
terakhir_cms/app/Http/Controllers/Blog/PostsController.php: {"insertSpaces":true,"tabSize":4}
terakhir_cms/app/Http/Controllers/Blog/PostsController.php: {"insertSpaces":true,"tabSize":4}
terakhir_cms/app/Http/Controllers/Blog/PostsController.php: {"insertSpaces":true,"tabSize":4}
terakhir_cms/app/Http/Controllers/Blog/PostsController.php: {"insertSpaces":true,"tabSize":4}
terakhir_cms/app/Http/Controllers/Blog/PostsController.php: Using EditorConfig core...
app/Http/Controllers/Blog/PostsController.php: setEndOfLine(LF)
app/Http/Controllers/Blog/PostsController.php: editor.action.trimTrailingWhitespace
terakhir_cms/app/Http/Controllers/Blog/PostsController.php: {"insertSpaces":true,"tabSize":4}
terakhir_cms/app/Http/Controllers/Blog/PostsController.php: {"insertSpaces":true,"tabSize":4}
terakhir_cms/app/Http/Controllers/Blog/PostsController.php: Using EditorConfig core...
app/Http/Controllers/Blog/PostsController.php: setEndOfLine(LF)
app/Http/Controllers/Blog/PostsController.php: editor.action.trimTrailingWhitespace
terakhir_cms/app/Http/Controllers/Blog/PostsController.php: {"insertSpaces":true,"tabSize":4}
terakhir_cms/app/Http/Controllers/Blog/PostsController.php: {"insertSpaces":true,"tabSize":4}
terakhir_cms/app/Http/Controllers/Blog/PostsController.php: {"insertSpaces":true,"tabSize":4}
terakhir_cms/app/Http/Controllers/Blog/PostsController.php: {"insertSpaces":true,"tabSize":4}
terakhir_cms/app/Http/Controllers/Blog/PostsController.php: {"insertSpaces":true,"tabSize":4}
terakhir_cms/app/Http/Controllers/Blog/PostsController.php: {"insertSpaces":true,"tabSize":4}
terakhir_cms/app/Http/Controllers/Blog/PostsController.php: Using EditorConfig core...
app/Http/Controllers/Blog/PostsController.php: setEndOfLine(LF)
app/Http/Controllers/Blog/PostsController.php: editor.action.trimTrailingWhitespace
terakhir_cms/app/Http/Controllers/Blog/PostsController.php: {"insertSpaces":true,"tabSize":4}
terakhir_cms/resources/views/blog/category.blade.php: {"insertSpaces":true,"tabSize":4}
terakhir_cms/resources/views/blog/category.blade.php: {"insertSpaces":true,"tabSize":4}
terakhir_cms/resources/views/partials/sidebar.blade.php: {"insertSpaces":true,"tabSize":4}
terakhir_cms/app/Http/Controllers/Blog/PostsController.php: {"insertSpaces":true,"tabSize":4}
terakhir_cms/app/Http/Controllers/Blog/PostsController.php: Using EditorConfig core...
app/Http/Controllers/Blog/PostsController.php: setEndOfLine(LF)
app/Http/Controllers/Blog/PostsController.php: editor.action.trimTrailingWhitespace
terakhir_cms/app/Http/Controllers/Blog/PostsController.php: {"insertSpaces":true,"tabSize":4}
terakhir_cms/app/Http/Controllers/Blog/PostsController.php: Using EditorConfig core...
app/Http/Controllers/Blog/PostsController.php: setEndOfLine(LF)
app/Http/Controllers/Blog/PostsController.php: editor.action.trimTrailingWhitespace
terakhir_cms/app/Http/Controllers/Blog/PostsController.php: {"insertSpaces":true,"tabSize":4}
terakhir_cms/app/Http/Controllers/Blog/PostsController.php: {"insertSpaces":true,"tabSize":4}
terakhir_cms/app/Http/Controllers/Blog/PostsController.php: {"insertSpaces":true,"tabSize":4}
terakhir_cms/app/Http/Controllers/Blog/PostsController.php: Using EditorConfig core...
app/Http/Controllers/Blog/PostsController.php: setEndOfLine(LF)
app/Http/Controllers/Blog/PostsController.php: editor.action.trimTrailingWhitespace
terakhir_cms/app/Http/Controllers/Blog/PostsController.php: {"insertSpaces":true,"tabSize":4}
terakhir_cms/app/Http/Controllers/Blog/PostsController.php: {"insertSpaces":true,"tabSize":4}
terakhir_cms/app/Http/Controllers/Blog/PostsController.php: {"insertSpaces":true,"tabSize":4}
terakhir_cms/app/Http/Controllers/Blog/PostsController.php: Using EditorConfig core...
app/Http/Controllers/Blog/PostsController.php: setEndOfLine(LF)
app/Http/Controllers/Blog/PostsController.php: editor.action.trimTrailingWhitespace
terakhir_cms/app/Http/Controllers/Blog/PostsController.php: {"insertSpaces":true,"tabSize":4}
terakhir_cms/resources/views/blog/show.blade.php: {"insertSpaces":true,"tabSize":4}
terakhir_cms/resources/views/blog/category.blade.php: {"insertSpaces":true,"tabSize":4}
terakhir_cms/resources/views/blog/tag.blade.php: {"insertSpaces":true,"tabSize":4}
terakhir_cms/resources/views/blog/category.blade.php: {"insertSpaces":true,"tabSize":4}
terakhir_cms/resources/views/blog/tag.blade.php: {"insertSpaces":true,"tabSize":4}
terakhir_cms/resources/views/blog/tag.blade.php: Using EditorConfig core...
resources/views/blog/tag.blade.php: setEndOfLine(LF)
resources/views/blog/tag.blade.php: editor.action.trimTrailingWhitespace
terakhir_cms/resources/views/blog/tag.blade.php: {"insertSpaces":true,"tabSize":4}
terakhir_cms/resources/views/blog/tag.blade.php: Using EditorConfig core...
resources/views/blog/tag.blade.php: setEndOfLine(LF)
resources/views/blog/tag.blade.php: editor.action.trimTrailingWhitespace
terakhir_cms/resources/views/blog/tag.blade.php: Using EditorConfig core...
resources/views/blog/tag.blade.php: setEndOfLine(LF)
resources/views/blog/tag.blade.php: editor.action.trimTrailingWhitespace
terakhir_cms/resources/views/blog/tag.blade.php: {"insertSpaces":true,"tabSize":4}
terakhir_cms/resources/views/partials/sidebar.blade.php: {"insertSpaces":true,"tabSize":4}
terakhir_cms/resources/views/partials/sidebar.blade.php: {"insertSpaces":true,"tabSize":4}
