Initializing document watcher...
Detected change in configuration: {}
terakhir_cms/resources/views/posts/index.blade.php: {"insertSpaces":true,"tabSize":4}
terakhir_cms/resources/views/posts/index.blade.php: {"insertSpaces":true,"tabSize":4}
terakhir_cms/resources/views/posts/index.blade.php: {"insertSpaces":true,"tabSize":4}
terakhir_cms/resources/views/posts/index.blade.php: Using EditorConfig core...
resources/views/posts/index.blade.php: setEndOfLine(LF)
resources/views/posts/index.blade.php: editor.action.trimTrailingWhitespace
terakhir_cms/resources/views/posts/index.blade.php: Using EditorConfig core...
resources/views/posts/index.blade.php: setEndOfLine(LF)
resources/views/posts/index.blade.php: editor.action.trimTrailingWhitespace
terakhir_cms/resources/views/posts/index.blade.php: {"insertSpaces":true,"tabSize":4}
terakhir_cms/resources/views/posts/index.blade.php: Using EditorConfig core...
resources/views/posts/index.blade.php: setEndOfLine(LF)
resources/views/posts/index.blade.php: editor.action.trimTrailingWhitespace
terakhir_cms/resources/views/posts/index.blade.php: {"insertSpaces":true,"tabSize":4}
terakhir_cms/resources/views/posts/index.blade.php: {"insertSpaces":true,"tabSize":4}
terakhir_cms/resources/views/posts/index.blade.php: {"insertSpaces":true,"tabSize":4}
terakhir_cms/resources/views/posts/index.blade.php: Using EditorConfig core...
resources/views/posts/index.blade.php: setEndOfLine(LF)
resources/views/posts/index.blade.php: editor.action.trimTrailingWhitespace
terakhir_cms/resources/views/posts/index.blade.php: {"insertSpaces":true,"tabSize":4}
terakhir_cms/resources/views/posts/index.blade.php: {"insertSpaces":true,"tabSize":4}
terakhir_cms/resources/views/posts/index.blade.php: {"insertSpaces":true,"tabSize":4}
terakhir_cms/resources/views/posts/index.blade.php: Using EditorConfig core...
resources/views/posts/index.blade.php: setEndOfLine(LF)
resources/views/posts/index.blade.php: editor.action.trimTrailingWhitespace
terakhir_cms/resources/views/posts/index.blade.php: Using EditorConfig core...
resources/views/posts/index.blade.php: setEndOfLine(LF)
resources/views/posts/index.blade.php: editor.action.trimTrailingWhitespace
terakhir_cms/resources/views/posts/index.blade.php: {"insertSpaces":true,"tabSize":4}
terakhir_cms/resources/views/posts/index.blade.php: {"insertSpaces":true,"tabSize":4}
terakhir_cms/resources/views/posts/index.blade.php: Using EditorConfig core...
resources/views/posts/index.blade.php: setEndOfLine(LF)
resources/views/posts/index.blade.php: editor.action.trimTrailingWhitespace
terakhir_cms/resources/views/posts/index.blade.php: {"insertSpaces":true,"tabSize":4}
terakhir_cms/resources/views/posts/index.blade.php: Using EditorConfig core...
resources/views/posts/index.blade.php: setEndOfLine(LF)
resources/views/posts/index.blade.php: editor.action.trimTrailingWhitespace
terakhir_cms/resources/views/posts/index.blade.php: {"insertSpaces":true,"tabSize":4}
terakhir_cms/resources/views/posts/index.blade.php: Using EditorConfig core...
resources/views/posts/index.blade.php: setEndOfLine(LF)
resources/views/posts/index.blade.php: editor.action.trimTrailingWhitespace
terakhir_cms/resources/views/posts/index.blade.php: Using EditorConfig core...
resources/views/posts/index.blade.php: setEndOfLine(LF)
resources/views/posts/index.blade.php: editor.action.trimTrailingWhitespace
terakhir_cms/resources/views/posts/index.blade.php: {"insertSpaces":true,"tabSize":4}
terakhir_cms/resources/views/posts/index.blade.php: Using EditorConfig core...
resources/views/posts/index.blade.php: setEndOfLine(LF)
resources/views/posts/index.blade.php: editor.action.trimTrailingWhitespace
terakhir_cms/resources/views/posts/index.blade.php: {"insertSpaces":true,"tabSize":4}
